<?xml version="1.0" encoding="UTF-8"?>
<coverage generated="1742295703007" clover="4.5.2">
   <project name="Tabula 1.0.6-SNAPSHOT" timestamp="1742295698640">
      <metrics coveredelements="277" complexity="945" loc="6039" methods="388" classes="52" statements="2419" packages="6" coveredconditionals="56" coveredmethods="36" elements="3639" ncloc="4571" files="36" conditionals="832" coveredstatements="185"/>
      <package name="technology.tabula.extractors">
         <metrics coveredelements="0" complexity="60" loc="505" methods="19" classes="5" statements="228" coveredconditionals="0" coveredmethods="0" elements="317" ncloc="388" files="3" conditionals="70" coveredstatements="0"/>
         <file path="/Users/meganm/Repos/SlicingComparison/maven-project-sampling/stats_working_dir/tabulapdf_tabula-java/src/main/java/technology/tabula/extractors/BasicExtractionAlgorithm.java" name="BasicExtractionAlgorithm.java">
            <metrics coveredelements="0" coveredconditionals="0" complexity="19" loc="166" coveredmethods="0" methods="8" elements="98" classes="1" ncloc="128" statements="68" conditionals="22" coveredstatements="0"/>
            <class name="BasicExtractionAlgorithm">
               <metrics coveredelements="0" coveredconditionals="0" complexity="19" coveredmethods="0" methods="8" elements="98" statements="68" conditionals="22" coveredstatements="0"/>
            </class>
            <line complexity="1" visibility="public" signature="BasicExtractionAlgorithm()" num="21" count="0" type="method"/>
            <line complexity="1" visibility="public" signature="BasicExtractionAlgorithm(List&lt;Ruling&gt;)" num="24" count="0" type="method"/>
            <line num="25" count="0" type="stmt"/>
            <line complexity="1" visibility="public" signature="extract(Page,List&lt;Float&gt;) : List&lt;Table&gt;" num="28" count="0" type="method"/>
            <line num="29" count="0" type="stmt"/>
            <line num="30" count="0" type="stmt"/>
            <line num="31" count="0" type="stmt"/>
            <line num="33" count="0" type="stmt"/>
            <line num="34" count="0" type="stmt"/>
            <line complexity="9" visibility="public" signature="extract(Page) : List&lt;Table&gt;" num="37" count="0" type="method"/>
            <line num="40" count="0" type="stmt"/>
            <line num="42" count="0" type="stmt"/>
            <line falsecount="0" truecount="0" num="42" type="cond"/>
            <line num="43" count="0" type="stmt"/>
            <line num="46" count="0" type="stmt"/>
            <line falsecount="0" truecount="0" num="46" type="cond"/>
            <line num="47" count="0" type="stmt"/>
            <line num="48" count="0" type="stmt"/>
            <line num="50" count="0" type="stmt"/>
            <line falsecount="0" truecount="0" num="50" type="cond"/>
            <line num="51" count="0" type="stmt"/>
            <line complexity="1" visibility="public" signature="compare(Ruling,Ruling) : int" num="52" count="0" type="method"/>
            <line num="54" count="0" type="stmt"/>
            <line num="57" count="0" type="stmt"/>
            <line num="58" count="0" type="stmt"/>
            <line num="59" count="0" type="stmt"/>
            <line num="63" count="0" type="stmt"/>
            <line num="66" count="0" type="stmt"/>
            <line num="67" count="0" type="stmt"/>
            <line num="68" count="0" type="stmt"/>
            <line num="70" count="0" type="stmt"/>
            <line falsecount="0" truecount="0" num="70" type="cond"/>
            <line num="71" count="0" type="stmt"/>
            <line num="72" count="0" type="stmt"/>
            <line num="74" count="0" type="stmt"/>
            <line complexity="1" visibility="public" signature="compare(TextChunk,TextChunk) : int" num="76" count="0" type="method"/>
            <line num="78" count="0" type="stmt"/>
            <line num="82" count="0" type="stmt"/>
            <line num="83" count="0" type="stmt"/>
            <line falsecount="0" truecount="0" num="83" type="cond"/>
            <line num="84" count="0" type="stmt"/>
            <line num="87" count="0" type="stmt"/>
            <line num="88" count="0" type="stmt"/>
            <line num="89" count="0" type="stmt"/>
            <line falsecount="0" truecount="0" num="89" type="cond"/>
            <line num="90" count="0" type="stmt"/>
            <line falsecount="0" truecount="0" num="90" type="cond"/>
            <line num="91" count="0" type="stmt"/>
            <line num="92" count="0" type="stmt"/>
            <line num="95" count="0" type="stmt"/>
            <line falsecount="0" truecount="0" num="95" type="cond"/>
            <line num="99" count="0" type="stmt"/>
            <line complexity="1" visibility="public" signature="toString() : String" num="102" count="0" type="method"/>
            <line num="104" count="0" type="stmt"/>
            <line complexity="4" visibility="public" signature="columnPositions(List&lt;Line&gt;) : List&lt;java.lang.Float&gt;" num="112" count="0" type="method"/>
            <line num="114" count="0" type="stmt"/>
            <line num="115" count="0" type="stmt"/>
            <line num="116" count="0" type="stmt"/>
            <line falsecount="0" truecount="0" num="116" type="cond"/>
            <line num="117" count="0" type="stmt"/>
            <line num="119" count="0" type="stmt"/>
            <line num="120" count="0" type="stmt"/>
            <line num="121" count="0" type="stmt"/>
            <line num="124" count="0" type="stmt"/>
            <line num="125" count="0" type="stmt"/>
            <line num="126" count="0" type="stmt"/>
            <line num="127" count="0" type="stmt"/>
            <line falsecount="0" truecount="0" num="127" type="cond"/>
            <line num="128" count="0" type="stmt"/>
            <line num="132" count="0" type="stmt"/>
            <line num="134" count="0" type="stmt"/>
            <line num="135" count="0" type="stmt"/>
            <line num="136" count="0" type="stmt"/>
            <line falsecount="0" truecount="0" num="136" type="cond"/>
            <line num="137" count="0" type="stmt"/>
            <line num="141" count="0" type="stmt"/>
            <line num="142" count="0" type="stmt"/>
            <line num="145" count="0" type="stmt"/>
            <line num="148" count="0" type="stmt"/>
            <line num="149" count="0" type="stmt"/>
            <line num="150" count="0" type="stmt"/>
            <line num="151" count="0" type="stmt"/>
            <line num="155" count="0" type="stmt"/>
            <line num="156" count="0" type="stmt"/>
            <line num="157" count="0" type="stmt"/>
            <line num="160" count="0" type="stmt"/>
            <line num="162" count="0" type="stmt"/>
         </file>
         <file path="/Users/meganm/Repos/SlicingComparison/maven-project-sampling/stats_working_dir/tabulapdf_tabula-java/src/main/java/technology/tabula/extractors/ExtractionAlgorithm.java" name="ExtractionAlgorithm.java">
            <metrics coveredelements="0" coveredconditionals="0" complexity="0" loc="13" coveredmethods="0" methods="0" elements="0" classes="1" ncloc="8" statements="0" conditionals="0" coveredstatements="0"/>
            <class name="ExtractionAlgorithm">
               <metrics coveredelements="0" coveredconditionals="0" complexity="0" coveredmethods="0" methods="0" elements="0" statements="0" conditionals="0" coveredstatements="0"/>
            </class>
         </file>
         <file path="/Users/meganm/Repos/SlicingComparison/maven-project-sampling/stats_working_dir/tabulapdf_tabula-java/src/main/java/technology/tabula/extractors/SpreadsheetExtractionAlgorithm.java" name="SpreadsheetExtractionAlgorithm.java">
            <metrics coveredelements="0" coveredconditionals="0" complexity="41" loc="326" coveredmethods="0" methods="11" elements="219" classes="3" ncloc="252" statements="160" conditionals="48" coveredstatements="0"/>
            <class name="SpreadsheetExtractionAlgorithm">
               <metrics coveredelements="0" coveredconditionals="0" complexity="35" coveredmethods="0" methods="7" elements="202" statements="151" conditionals="44" coveredstatements="0"/>
            </class>
            <class name="SpreadsheetExtractionAlgorithm.Direction">
               <metrics coveredelements="0" coveredconditionals="0" complexity="0" coveredmethods="0" methods="0" elements="0" statements="0" conditionals="0" coveredstatements="0"/>
            </class>
            <class name="SpreadsheetExtractionAlgorithm.PolygonVertex">
               <metrics coveredelements="0" coveredconditionals="0" complexity="6" coveredmethods="0" methods="4" elements="17" statements="9" conditionals="4" coveredstatements="0"/>
            </class>
            <line num="17" count="0" type="stmt"/>
            <line num="18" count="0" type="stmt"/>
            <line num="19" count="0" type="stmt"/>
            <line num="21" count="0" type="stmt"/>
            <line num="25" count="0" type="stmt"/>
            <line num="26" count="0" type="stmt"/>
            <line num="27" count="0" type="stmt"/>
            <line num="29" count="0" type="stmt"/>
            <line complexity="1" visibility="private" signature="compareRounded(double,double) : int" num="32" count="0" type="method"/>
            <line num="33" count="0" type="stmt"/>
            <line num="34" count="0" type="stmt"/>
            <line num="36" count="0" type="stmt"/>
            <line complexity="1" visibility="public" signature="extract(Page) : List&lt;Table&gt;" num="39" count="0" type="method"/>
            <line num="41" count="0" type="stmt"/>
            <line complexity="6" visibility="public" signature="extract(Page,List&lt;Ruling&gt;) : List&lt;Table&gt;" num="47" count="0" type="method"/>
            <line num="49" count="0" type="stmt"/>
            <line num="50" count="0" type="stmt"/>
            <line num="52" count="0" type="stmt"/>
            <line num="53" count="0" type="stmt"/>
            <line falsecount="0" truecount="0" num="53" type="cond"/>
            <line num="54" count="0" type="stmt"/>
            <line num="56" count="0" type="stmt"/>
            <line falsecount="0" truecount="0" num="56" type="cond"/>
            <line num="57" count="0" type="stmt"/>
            <line num="60" count="0" type="stmt"/>
            <line num="61" count="0" type="stmt"/>
            <line num="63" count="0" type="stmt"/>
            <line num="64" count="0" type="stmt"/>
            <line num="66" count="0" type="stmt"/>
            <line num="67" count="0" type="stmt"/>
            <line num="69" count="0" type="stmt"/>
            <line num="70" count="0" type="stmt"/>
            <line num="71" count="0" type="stmt"/>
            <line falsecount="0" truecount="0" num="71" type="cond"/>
            <line num="73" count="0" type="stmt"/>
            <line num="74" count="0" type="stmt"/>
            <line num="78" count="0" type="stmt"/>
            <line num="79" count="0" type="stmt"/>
            <line num="80" count="0" type="stmt"/>
            <line falsecount="0" truecount="0" num="80" type="cond"/>
            <line num="81" count="0" type="stmt"/>
            <line num="84" count="0" type="stmt"/>
            <line num="85" count="0" type="stmt"/>
            <line num="86" count="0" type="stmt"/>
            <line falsecount="0" truecount="0" num="86" type="cond"/>
            <line num="87" count="0" type="stmt"/>
            <line num="91" count="0" type="stmt"/>
            <line num="92" count="0" type="stmt"/>
            <line num="94" count="0" type="stmt"/>
            <line num="95" count="0" type="stmt"/>
            <line complexity="4" visibility="public" signature="isTabular(Page) : boolean" num="98" count="0" type="method"/>
            <line num="102" count="0" type="stmt"/>
            <line falsecount="0" truecount="0" num="102" type="cond"/>
            <line num="103" count="0" type="stmt"/>
            <line num="108" count="0" type="stmt"/>
            <line num="110" count="0" type="stmt"/>
            <line num="111" count="0" type="stmt"/>
            <line falsecount="0" truecount="0" num="111" type="cond"/>
            <line num="112" count="0" type="stmt"/>
            <line num="114" count="0" type="stmt"/>
            <line num="115" count="0" type="stmt"/>
            <line num="116" count="0" type="stmt"/>
            <line num="118" count="0" type="stmt"/>
            <line num="119" count="0" type="stmt"/>
            <line falsecount="0" truecount="0" num="119" type="cond"/>
            <line num="120" count="0" type="stmt"/>
            <line num="122" count="0" type="stmt"/>
            <line num="123" count="0" type="stmt"/>
            <line num="124" count="0" type="stmt"/>
            <line num="126" count="0" type="stmt"/>
            <line num="129" count="0" type="stmt"/>
            <line complexity="11" visibility="public" signature="findCells(List&lt;Ruling&gt;,List&lt;Ruling&gt;) : List&lt;Cell&gt;" num="132" count="0" type="method"/>
            <line num="133" count="0" type="stmt"/>
            <line num="134" count="0" type="stmt"/>
            <line num="135" count="0" type="stmt"/>
            <line num="136" count="0" type="stmt"/>
            <line num="138" count="0" type="stmt"/>
            <line falsecount="0" truecount="0" num="138" type="cond"/>
            <line num="139" count="0" type="stmt"/>
            <line num="140" count="0" type="stmt"/>
            <line num="142" count="0" type="stmt"/>
            <line num="143" count="0" type="stmt"/>
            <line num="145" count="0" type="stmt"/>
            <line num="146" count="0" type="stmt"/>
            <line falsecount="0" truecount="0" num="146" type="cond"/>
            <line num="147" count="0" type="stmt"/>
            <line num="149" count="0" type="stmt"/>
            <line falsecount="0" truecount="0" num="149" type="cond"/>
            <line num="150" count="0" type="stmt"/>
            <line num="153" count="0" type="stmt"/>
            <line num="157" count="0" type="stmt"/>
            <line falsecount="0" truecount="0" num="157" type="cond"/>
            <line num="158" count="0" type="stmt"/>
            <line num="160" count="0" type="stmt"/>
            <line num="162" count="0" type="stmt"/>
            <line falsecount="0" truecount="0" num="162" type="cond"/>
            <line num="163" count="0" type="stmt"/>
            <line num="165" count="0" type="stmt"/>
            <line num="166" count="0" type="stmt"/>
            <line falsecount="0" truecount="0" num="166" type="cond"/>
            <line num="169" count="0" type="stmt"/>
            <line num="170" count="0" type="stmt"/>
            <line num="180" count="0" type="stmt"/>
            <line complexity="11" visibility="public" signature="findSpreadsheetsFromCells(List&lt;? extends Rectangle&gt;) : List&lt;Rectangle&gt;" num="183" count="0" type="method"/>
            <line num="185" count="0" type="stmt"/>
            <line num="186" count="0" type="stmt"/>
            <line num="187" count="0" type="stmt"/>
            <line num="188" count="0" type="stmt"/>
            <line num="189" count="0" type="stmt"/>
            <line num="191" count="0" type="stmt"/>
            <line num="193" count="0" type="stmt"/>
            <line num="195" count="0" type="stmt"/>
            <line num="196" count="0" type="stmt"/>
            <line num="197" count="0" type="stmt"/>
            <line falsecount="0" truecount="0" num="197" type="cond"/>
            <line num="198" count="0" type="stmt"/>
            <line num="201" count="0" type="stmt"/>
            <line num="207" count="0" type="stmt"/>
            <line num="208" count="0" type="stmt"/>
            <line num="210" count="0" type="stmt"/>
            <line num="211" count="0" type="stmt"/>
            <line num="213" count="0" type="stmt"/>
            <line falsecount="0" truecount="0" num="213" type="cond"/>
            <line num="214" count="0" type="stmt"/>
            <line num="215" count="0" type="stmt"/>
            <line falsecount="0" truecount="0" num="215" type="cond"/>
            <line num="216" count="0" type="stmt"/>
            <line num="217" count="0" type="stmt"/>
            <line num="218" count="0" type="stmt"/>
            <line num="222" count="0" type="stmt"/>
            <line num="223" count="0" type="stmt"/>
            <line falsecount="0" truecount="0" num="223" type="cond"/>
            <line num="224" count="0" type="stmt"/>
            <line num="225" count="0" type="stmt"/>
            <line falsecount="0" truecount="0" num="225" type="cond"/>
            <line num="226" count="0" type="stmt"/>
            <line num="227" count="0" type="stmt"/>
            <line num="228" count="0" type="stmt"/>
            <line num="233" count="0" type="stmt"/>
            <line num="234" count="0" type="stmt"/>
            <line num="235" count="0" type="stmt"/>
            <line falsecount="0" truecount="0" num="235" type="cond"/>
            <line num="236" count="0" type="stmt"/>
            <line num="237" count="0" type="stmt"/>
            <line num="238" count="0" type="stmt"/>
            <line num="239" count="0" type="stmt"/>
            <line num="241" count="0" type="stmt"/>
            <line num="242" count="0" type="stmt"/>
            <line num="243" count="0" type="stmt"/>
            <line num="244" count="0" type="stmt"/>
            <line falsecount="0" truecount="0" num="244" type="cond"/>
            <line num="245" count="0" type="stmt"/>
            <line num="246" count="0" type="stmt"/>
            <line num="247" count="0" type="stmt"/>
            <line num="250" count="0" type="stmt"/>
            <line num="251" count="0" type="stmt"/>
            <line num="252" count="0" type="stmt"/>
            <line num="254" count="0" type="stmt"/>
            <line num="256" count="0" type="stmt"/>
            <line falsecount="0" truecount="0" num="256" type="cond"/>
            <line num="258" count="0" type="stmt"/>
            <line num="259" count="0" type="stmt"/>
            <line num="263" count="0" type="stmt"/>
            <line num="264" count="0" type="stmt"/>
            <line num="265" count="0" type="stmt"/>
            <line num="267" count="0" type="stmt"/>
            <line num="271" count="0" type="stmt"/>
            <line num="272" count="0" type="stmt"/>
            <line num="273" count="0" type="stmt"/>
            <line num="274" count="0" type="stmt"/>
            <line num="275" count="0" type="stmt"/>
            <line num="276" count="0" type="stmt"/>
            <line num="277" count="0" type="stmt"/>
            <line num="278" count="0" type="stmt"/>
            <line num="279" count="0" type="stmt"/>
            <line num="280" count="0" type="stmt"/>
            <line num="282" count="0" type="stmt"/>
            <line num="285" count="0" type="stmt"/>
            <line complexity="1" visibility="public" signature="toString() : String" num="288" count="0" type="method"/>
            <line num="290" count="0" type="stmt"/>
            <line complexity="1" visibility="public" signature="PolygonVertex(Point2D,Direction)" num="302" count="0" type="method"/>
            <line num="303" count="0" type="stmt"/>
            <line num="304" count="0" type="stmt"/>
            <line complexity="3" visibility="public" signature="equals(Object) : boolean" num="307" count="0" type="method"/>
            <line num="309" count="0" type="stmt"/>
            <line falsecount="0" truecount="0" num="309" type="cond"/>
            <line num="310" count="0" type="stmt"/>
            <line num="311" count="0" type="stmt"/>
            <line falsecount="0" truecount="0" num="311" type="cond"/>
            <line num="312" count="0" type="stmt"/>
            <line num="313" count="0" type="stmt"/>
            <line complexity="1" visibility="public" signature="hashCode() : int" num="316" count="0" type="method"/>
            <line num="318" count="0" type="stmt"/>
            <line complexity="1" visibility="public" signature="toString() : String" num="321" count="0" type="method"/>
            <line num="323" count="0" type="stmt"/>
         </file>
      </package>
      <package name="technology.tabula.writers">
         <metrics coveredelements="0" complexity="12" loc="133" methods="10" classes="4" statements="22" coveredconditionals="0" coveredmethods="0" elements="32" ncloc="99" files="4" conditionals="0" coveredstatements="0"/>
         <file path="/Users/meganm/Repos/SlicingComparison/maven-project-sampling/stats_working_dir/tabulapdf_tabula-java/src/main/java/technology/tabula/writers/CSVWriter.java" name="CSVWriter.java">
            <metrics coveredelements="0" coveredconditionals="0" complexity="6" loc="47" coveredmethods="0" methods="4" elements="16" classes="1" ncloc="36" statements="12" conditionals="0" coveredstatements="0"/>
            <class name="CSVWriter">
               <metrics coveredelements="0" coveredconditionals="0" complexity="6" coveredmethods="0" methods="4" elements="16" statements="12" conditionals="0" coveredstatements="0"/>
            </class>
            <line complexity="1" visibility="public" signature="CSVWriter()" num="18" count="0" type="method"/>
            <line num="19" count="0" type="stmt"/>
            <line complexity="1" visibility="protected" signature="CSVWriter(CSVFormat)" num="22" count="0" type="method"/>
            <line num="23" count="0" type="stmt"/>
            <line complexity="1" visibility="public" signature="write(Appendable,Table) : void" num="27" count="0" type="method"/>
            <line num="29" count="0" type="stmt"/>
            <line complexity="3" visibility="public" signature="write(Appendable,List&lt;Table&gt;) : void" num="32" count="0" type="method"/>
            <line num="34" count="0" type="stmt"/>
            <line num="34" count="0" type="stmt"/>
            <line num="35" count="0" type="stmt"/>
            <line num="36" count="0" type="stmt"/>
            <line num="37" count="0" type="stmt"/>
            <line num="38" count="0" type="stmt"/>
            <line num="39" count="0" type="stmt"/>
            <line num="40" count="0" type="stmt"/>
            <line num="43" count="0" type="stmt"/>
         </file>
         <file path="/Users/meganm/Repos/SlicingComparison/maven-project-sampling/stats_working_dir/tabulapdf_tabula-java/src/main/java/technology/tabula/writers/JSONWriter.java" name="JSONWriter.java">
            <metrics coveredelements="0" coveredconditionals="0" complexity="5" loc="61" coveredmethods="0" methods="5" elements="14" classes="1" ncloc="48" statements="9" conditionals="0" coveredstatements="0"/>
            <class name="JSONWriter">
               <metrics coveredelements="0" coveredconditionals="0" complexity="5" coveredmethods="0" methods="5" elements="14" statements="9" conditionals="0" coveredstatements="0"/>
            </class>
            <line complexity="1" visibility="public" signature="shouldSkipClass(Class&lt;?&gt;) : boolean" num="24" count="0" type="method"/>
            <line num="26" count="0" type="stmt"/>
            <line complexity="1" visibility="public" signature="shouldSkipField(FieldAttributes) : boolean" num="29" count="0" type="method"/>
            <line num="31" count="0" type="stmt"/>
            <line complexity="1" visibility="public" signature="write(Appendable,Table) : void" num="36" count="0" type="method"/>
            <line num="38" count="0" type="stmt"/>
            <line complexity="1" visibility="public" signature="write(Appendable,List&lt;Table&gt;) : void" num="41" count="0" type="method"/>
            <line num="43" count="0" type="stmt"/>
            <line num="44" count="0" type="stmt"/>
            <line num="45" count="0" type="stmt"/>
            <line num="46" count="0" type="stmt"/>
            <line num="47" count="0" type="stmt"/>
            <line complexity="1" visibility="private" signature="gson() : Gson" num="51" count="0" type="method"/>
            <line num="52" count="0" type="stmt"/>
         </file>
         <file path="/Users/meganm/Repos/SlicingComparison/maven-project-sampling/stats_working_dir/tabulapdf_tabula-java/src/main/java/technology/tabula/writers/TSVWriter.java" name="TSVWriter.java">
            <metrics coveredelements="0" coveredconditionals="0" complexity="1" loc="11" coveredmethods="0" methods="1" elements="2" classes="1" ncloc="7" statements="1" conditionals="0" coveredstatements="0"/>
            <class name="TSVWriter">
               <metrics coveredelements="0" coveredconditionals="0" complexity="1" coveredmethods="0" methods="1" elements="2" statements="1" conditionals="0" coveredstatements="0"/>
            </class>
            <line complexity="1" visibility="public" signature="TSVWriter()" num="7" count="0" type="method"/>
            <line num="8" count="0" type="stmt"/>
         </file>
         <file path="/Users/meganm/Repos/SlicingComparison/maven-project-sampling/stats_working_dir/tabulapdf_tabula-java/src/main/java/technology/tabula/writers/Writer.java" name="Writer.java">
            <metrics coveredelements="0" coveredconditionals="0" complexity="0" loc="14" coveredmethods="0" methods="0" elements="0" classes="1" ncloc="8" statements="0" conditionals="0" coveredstatements="0"/>
            <class name="Writer">
               <metrics coveredelements="0" coveredconditionals="0" complexity="0" coveredmethods="0" methods="0" elements="0" statements="0" conditionals="0" coveredstatements="0"/>
            </class>
         </file>
      </package>
      <package name="technology.tabula.debug">
         <metrics coveredelements="0" complexity="51" loc="404" methods="18" classes="1" statements="186" coveredconditionals="0" coveredmethods="0" elements="266" ncloc="324" files="1" conditionals="62" coveredstatements="0"/>
         <file path="/Users/meganm/Repos/SlicingComparison/maven-project-sampling/stats_working_dir/tabulapdf_tabula-java/src/main/java/technology/tabula/debug/Debug.java" name="Debug.java">
            <metrics coveredelements="0" coveredconditionals="0" complexity="51" loc="404" coveredmethods="0" methods="18" elements="266" classes="1" ncloc="324" statements="186" conditionals="62" coveredstatements="0"/>
            <class name="Debug">
               <metrics coveredelements="0" coveredconditionals="0" complexity="51" coveredmethods="0" methods="18" elements="266" statements="186" conditionals="62" coveredstatements="0"/>
            </class>
            <line complexity="1" visibility="public" signature="debugIntersections(Graphics2D,Page) : void" num="48" count="0" type="method"/>
            <line num="49" count="0" type="stmt"/>
            <line num="50" count="0" type="stmt"/>
            <line num="51" count="0" type="stmt"/>
            <line num="52" count="0" type="stmt"/>
            <line complexity="1" visibility="private" signature="debugNonCleanRulings(Graphics2D,Page) : void" num="57" count="0" type="method"/>
            <line num="58" count="0" type="stmt"/>
            <line complexity="1" visibility="private" signature="debugRulings(Graphics2D,Page) : void" num="61" count="0" type="method"/>
            <line num="63" count="0" type="stmt"/>
            <line num="64" count="0" type="stmt"/>
            <line num="65" count="0" type="stmt"/>
            <line complexity="1" visibility="private" signature="debugColumns(Graphics2D,Page) : void" num="68" count="0" type="method"/>
            <line num="69" count="0" type="stmt"/>
            <line num="70" count="0" type="stmt"/>
            <line num="71" count="0" type="stmt"/>
            <line num="72" count="0" type="stmt"/>
            <line num="73" count="0" type="stmt"/>
            <line num="74" count="0" type="stmt"/>
            <line num="76" count="0" type="stmt"/>
            <line num="77" count="0" type="stmt"/>
            <line complexity="1" visibility="private" signature="debugCharacters(Graphics2D,Page) : void" num="81" count="0" type="method"/>
            <line num="82" count="0" type="stmt"/>
            <line complexity="1" visibility="private" signature="debugTextChunks(Graphics2D,Page) : void" num="85" count="0" type="method"/>
            <line num="86" count="0" type="stmt"/>
            <line num="87" count="0" type="stmt"/>
            <line complexity="1" visibility="private" signature="debugSpreadsheets(Graphics2D,Page) : void" num="90" count="0" type="method"/>
            <line num="91" count="0" type="stmt"/>
            <line num="92" count="0" type="stmt"/>
            <line num="93" count="0" type="stmt"/>
            <line complexity="2" visibility="private" signature="debugCells(Graphics2D,Rectangle,Page) : void" num="96" count="0" type="method"/>
            <line num="97" count="0" type="stmt"/>
            <line num="98" count="0" type="stmt"/>
            <line num="99" count="0" type="stmt"/>
            <line falsecount="0" truecount="0" num="99" type="cond"/>
            <line num="100" count="0" type="stmt"/>
            <line num="101" count="0" type="stmt"/>
            <line num="103" count="0" type="stmt"/>
            <line num="104" count="0" type="stmt"/>
            <line complexity="1" visibility="private" signature="debugDetectedTables(Graphics2D,Page) : void" num="107" count="0" type="method"/>
            <line num="108" count="0" type="stmt"/>
            <line num="109" count="0" type="stmt"/>
            <line num="110" count="0" type="stmt"/>
            <line complexity="1" visibility="private" signature="drawShapes(Graphics2D,Collection&lt;? extends Shape&gt;,Stroke) : void" num="113" count="0" type="method"/>
            <line num="114" count="0" type="stmt"/>
            <line num="115" count="0" type="stmt"/>
            <line num="116" count="0" type="stmt"/>
            <line num="117" count="0" type="stmt"/>
            <line num="118" count="0" type="stmt"/>
            <line complexity="1" visibility="private" signature="drawShapes(Graphics2D,Collection&lt;? extends Shape&gt;) : void" num="122" count="0" type="method"/>
            <line num="123" count="0" type="stmt"/>
            <line complexity="7" visibility="private" signature="debugProjectionProfile(Graphics2D,Page) : void" num="126" count="0" type="method"/>
            <line num="127" count="0" type="stmt"/>
            <line num="129" count="0" type="stmt"/>
            <line num="130" count="0" type="stmt"/>
            <line num="131" count="0" type="stmt"/>
            <line num="133" count="0" type="stmt"/>
            <line num="134" count="0" type="stmt"/>
            <line num="135" count="0" type="stmt"/>
            <line num="138" count="0" type="stmt"/>
            <line num="141" count="0" type="stmt"/>
            <line num="143" count="0" type="stmt"/>
            <line num="144" count="0" type="stmt"/>
            <line num="146" count="0" type="stmt"/>
            <line num="147" count="0" type="stmt"/>
            <line num="152" count="0" type="stmt"/>
            <line num="153" count="0" type="stmt"/>
            <line falsecount="0" truecount="0" num="153" type="cond"/>
            <line num="154" count="0" type="stmt"/>
            <line num="155" count="0" type="stmt"/>
            <line num="156" count="0" type="stmt"/>
            <line num="160" count="0" type="stmt"/>
            <line num="161" count="0" type="stmt"/>
            <line num="163" count="0" type="stmt"/>
            <line num="164" count="0" type="stmt"/>
            <line falsecount="0" truecount="0" num="164" type="cond"/>
            <line num="165" count="0" type="stmt"/>
            <line num="166" count="0" type="stmt"/>
            <line num="167" count="0" type="stmt"/>
            <line num="171" count="0" type="stmt"/>
            <line num="172" count="0" type="stmt"/>
            <line num="173" count="0" type="stmt"/>
            <line num="174" count="0" type="stmt"/>
            <line falsecount="0" truecount="0" num="174" type="cond"/>
            <line num="175" count="0" type="stmt"/>
            <line num="176" count="0" type="stmt"/>
            <line num="180" count="0" type="stmt"/>
            <line num="181" count="0" type="stmt"/>
            <line num="182" count="0" type="stmt"/>
            <line num="183" count="0" type="stmt"/>
            <line falsecount="0" truecount="0" num="183" type="cond"/>
            <line num="184" count="0" type="stmt"/>
            <line num="185" count="0" type="stmt"/>
            <line num="186" count="0" type="stmt"/>
            <line num="190" count="0" type="stmt"/>
            <line num="191" count="0" type="stmt"/>
            <line num="192" count="0" type="stmt"/>
            <line num="193" count="0" type="stmt"/>
            <line falsecount="0" truecount="0" num="193" type="cond"/>
            <line num="194" count="0" type="stmt"/>
            <line num="195" count="0" type="stmt"/>
            <line num="196" count="0" type="stmt"/>
            <line num="200" count="0" type="stmt"/>
            <line num="201" count="0" type="stmt"/>
            <line num="202" count="0" type="stmt"/>
            <line falsecount="0" truecount="0" num="202" type="cond"/>
            <line num="203" count="0" type="stmt"/>
            <line num="204" count="0" type="stmt"/>
            <line complexity="1" visibility="private" signature="drawShape(Graphics2D,Shape) : void" num="209" count="0" type="method"/>
            <line num="211" count="0" type="stmt"/>
            <line complexity="14" visibility="public" signature="renderPage(String,String,int,Rectangle,boolean,boolean,boolean,boolean,boolean,boolean,boolean,boolean,boolean,boolean,boolean,boolean) : void" num="214" count="0" type="method"/>
            <line num="219" count="0" type="stmt"/>
            <line num="221" count="0" type="stmt"/>
            <line num="223" count="0" type="stmt"/>
            <line num="225" count="0" type="stmt"/>
            <line falsecount="0" truecount="0" num="225" type="cond"/>
            <line num="226" count="0" type="stmt"/>
            <line num="229" count="0" type="stmt"/>
            <line num="231" count="0" type="stmt"/>
            <line num="233" count="0" type="stmt"/>
            <line num="235" count="0" type="stmt"/>
            <line falsecount="0" truecount="0" num="235" type="cond"/>
            <line num="236" count="0" type="stmt"/>
            <line num="238" count="0" type="stmt"/>
            <line falsecount="0" truecount="0" num="238" type="cond"/>
            <line num="239" count="0" type="stmt"/>
            <line num="241" count="0" type="stmt"/>
            <line falsecount="0" truecount="0" num="241" type="cond"/>
            <line num="242" count="0" type="stmt"/>
            <line num="244" count="0" type="stmt"/>
            <line falsecount="0" truecount="0" num="244" type="cond"/>
            <line num="245" count="0" type="stmt"/>
            <line num="247" count="0" type="stmt"/>
            <line falsecount="0" truecount="0" num="247" type="cond"/>
            <line num="248" count="0" type="stmt"/>
            <line num="250" count="0" type="stmt"/>
            <line falsecount="0" truecount="0" num="250" type="cond"/>
            <line num="251" count="0" type="stmt"/>
            <line num="253" count="0" type="stmt"/>
            <line falsecount="0" truecount="0" num="253" type="cond"/>
            <line num="254" count="0" type="stmt"/>
            <line num="255" count="0" type="stmt"/>
            <line num="257" count="0" type="stmt"/>
            <line falsecount="0" truecount="0" num="257" type="cond"/>
            <line num="258" count="0" type="stmt"/>
            <line num="260" count="0" type="stmt"/>
            <line falsecount="0" truecount="0" num="260" type="cond"/>
            <line num="261" count="0" type="stmt"/>
            <line num="263" count="0" type="stmt"/>
            <line falsecount="0" truecount="0" num="263" type="cond"/>
            <line num="264" count="0" type="stmt"/>
            <line num="266" count="0" type="stmt"/>
            <line falsecount="0" truecount="0" num="266" type="cond"/>
            <line num="271" count="0" type="stmt"/>
            <line falsecount="0" truecount="0" num="271" type="cond"/>
            <line num="272" count="0" type="stmt"/>
            <line num="275" count="0" type="stmt"/>
            <line num="277" count="0" type="stmt"/>
            <line complexity="1" visibility="private" signature="buildOptions() : Options" num="280" count="0" type="method"/>
            <line num="281" count="0" type="stmt"/>
            <line num="283" count="0" type="stmt"/>
            <line num="284" count="0" type="stmt"/>
            <line num="285" count="0" type="stmt"/>
            <line num="286" count="0" type="stmt"/>
            <line num="287" count="0" type="stmt"/>
            <line num="288" count="0" type="stmt"/>
            <line num="289" count="0" type="stmt"/>
            <line num="290" count="0" type="stmt"/>
            <line num="291" count="0" type="stmt"/>
            <line num="292" count="0" type="stmt"/>
            <line num="293" count="0" type="stmt"/>
            <line num="294" count="0" type="stmt"/>
            <line num="295" count="0" type="stmt"/>
            <line num="297" count="0" type="stmt"/>
            <line num="303" count="0" type="stmt"/>
            <line num="309" count="0" type="stmt"/>
            <line complexity="12" visibility="public" signature="main(String[]) : void" num="312" count="0" type="method"/>
            <line num="313" count="0" type="stmt"/>
            <line num="314" count="0" type="stmt"/>
            <line num="316" count="0" type="stmt"/>
            <line num="317" count="0" type="stmt"/>
            <line num="318" count="0" type="stmt"/>
            <line falsecount="0" truecount="0" num="318" type="cond"/>
            <line num="319" count="0" type="stmt"/>
            <line num="321" count="0" type="stmt"/>
            <line num="324" count="0" type="stmt"/>
            <line falsecount="0" truecount="0" num="324" type="cond"/>
            <line num="325" count="0" type="stmt"/>
            <line num="326" count="0" type="stmt"/>
            <line num="329" count="0" type="stmt"/>
            <line falsecount="0" truecount="0" num="329" type="cond"/>
            <line num="330" count="0" type="stmt"/>
            <line num="333" count="0" type="stmt"/>
            <line num="334" count="0" type="stmt"/>
            <line falsecount="0" truecount="0" num="334" type="cond"/>
            <line num="335" count="0" type="stmt"/>
            <line num="338" count="0" type="stmt"/>
            <line falsecount="0" truecount="0" num="338" type="cond"/>
            <line num="339" count="0" type="stmt"/>
            <line num="342" count="0" type="stmt"/>
            <line num="343" count="0" type="stmt"/>
            <line falsecount="0" truecount="0" num="343" type="cond"/>
            <line num="344" count="0" type="stmt"/>
            <line num="345" count="0" type="stmt"/>
            <line falsecount="0" truecount="0" num="345" type="cond"/>
            <line num="346" count="0" type="stmt"/>
            <line num="348" count="0" type="stmt"/>
            <line num="351" count="0" type="stmt"/>
            <line falsecount="0" truecount="0" num="351" type="cond"/>
            <line num="353" count="0" type="stmt"/>
            <line num="355" count="0" type="stmt"/>
            <line num="356" count="0" type="stmt"/>
            <line num="358" count="0" type="stmt"/>
            <line falsecount="0" truecount="0" num="358" type="cond"/>
            <line num="359" count="0" type="stmt"/>
            <line num="362" count="0" type="stmt"/>
            <line num="365" count="0" type="stmt"/>
            <line num="366" count="0" type="stmt"/>
            <line num="374" count="0" type="stmt"/>
            <line num="375" count="0" type="stmt"/>
            <line complexity="1" visibility="private" signature="printHelp() : void" num="379" count="0" type="method"/>
            <line num="380" count="0" type="stmt"/>
            <line num="381" count="0" type="stmt"/>
            <line complexity="3" visibility="private" signature="removeExtension(String) : String" num="384" count="0" type="method"/>
            <line num="386" count="0" type="stmt"/>
            <line num="387" count="0" type="stmt"/>
            <line num="390" count="0" type="stmt"/>
            <line num="391" count="0" type="stmt"/>
            <line falsecount="0" truecount="0" num="391" type="cond"/>
            <line num="392" count="0" type="stmt"/>
            <line num="394" count="0" type="stmt"/>
            <line num="398" count="0" type="stmt"/>
            <line num="399" count="0" type="stmt"/>
            <line falsecount="0" truecount="0" num="399" type="cond"/>
            <line num="400" count="0" type="stmt"/>
            <line num="402" count="0" type="stmt"/>
         </file>
      </package>
      <package name="technology.tabula.json">
         <metrics coveredelements="0" complexity="4" loc="75" methods="4" classes="2" statements="24" coveredconditionals="0" coveredmethods="0" elements="28" ncloc="55" files="2" conditionals="0" coveredstatements="0"/>
         <file path="/Users/meganm/Repos/SlicingComparison/maven-project-sampling/stats_working_dir/tabulapdf_tabula-java/src/main/java/technology/tabula/json/RectangularTextContainerSerializer.java" name="RectangularTextContainerSerializer.java">
            <metrics coveredelements="0" coveredconditionals="0" complexity="2" loc="29" coveredmethods="0" methods="2" elements="9" classes="1" ncloc="20" statements="7" conditionals="0" coveredstatements="0"/>
            <class name="RectangularTextContainerSerializer">
               <metrics coveredelements="0" coveredconditionals="0" complexity="2" coveredmethods="0" methods="2" elements="9" statements="7" conditionals="0" coveredstatements="0"/>
            </class>
            <line complexity="1" visibility="private" signature="RectangularTextContainerSerializer()" num="16" count="0" type="method"/>
            <line complexity="1" visibility="public" signature="serialize(RectangularTextContainer&lt;?&gt;,Type,JsonSerializationContext) : JsonElement" num="18" count="0" type="method"/>
            <line num="20" count="0" type="stmt"/>
            <line num="21" count="0" type="stmt"/>
            <line num="22" count="0" type="stmt"/>
            <line num="23" count="0" type="stmt"/>
            <line num="24" count="0" type="stmt"/>
            <line num="25" count="0" type="stmt"/>
            <line num="26" count="0" type="stmt"/>
         </file>
         <file path="/Users/meganm/Repos/SlicingComparison/maven-project-sampling/stats_working_dir/tabulapdf_tabula-java/src/main/java/technology/tabula/json/TableSerializer.java" name="TableSerializer.java">
            <metrics coveredelements="0" coveredconditionals="0" complexity="2" loc="46" coveredmethods="0" methods="2" elements="19" classes="1" ncloc="35" statements="17" conditionals="0" coveredstatements="0"/>
            <class name="TableSerializer">
               <metrics coveredelements="0" coveredconditionals="0" complexity="2" coveredmethods="0" methods="2" elements="19" statements="17" conditionals="0" coveredstatements="0"/>
            </class>
            <line complexity="1" visibility="private" signature="TableSerializer()" num="19" count="0" type="method"/>
            <line complexity="1" visibility="public" signature="serialize(Table,Type,JsonSerializationContext) : JsonElement" num="21" count="0" type="method"/>
            <line num="23" count="0" type="stmt"/>
            <line num="24" count="0" type="stmt"/>
            <line num="26" count="0" type="stmt"/>
            <line num="27" count="0" type="stmt"/>
            <line num="28" count="0" type="stmt"/>
            <line num="29" count="0" type="stmt"/>
            <line num="30" count="0" type="stmt"/>
            <line num="31" count="0" type="stmt"/>
            <line num="32" count="0" type="stmt"/>
            <line num="33" count="0" type="stmt"/>
            <line num="34" count="0" type="stmt"/>
            <line num="36" count="0" type="stmt"/>
            <line num="37" count="0" type="stmt"/>
            <line num="38" count="0" type="stmt"/>
            <line num="39" count="0" type="stmt"/>
            <line num="40" count="0" type="stmt"/>
            <line num="43" count="0" type="stmt"/>
         </file>
      </package>
      <package name="technology.tabula">
         <metrics coveredelements="277" complexity="703" loc="4023" methods="319" classes="34" statements="1565" coveredconditionals="56" coveredmethods="36" elements="2446" ncloc="3083" files="23" conditionals="562" coveredstatements="185"/>
         <file path="/Users/meganm/Repos/SlicingComparison/maven-project-sampling/stats_working_dir/tabulapdf_tabula-java/src/main/java/technology/tabula/Cell.java" name="Cell.java">
            <metrics coveredelements="0" coveredconditionals="0" complexity="11" loc="62" coveredmethods="0" methods="8" elements="34" classes="1" ncloc="51" statements="22" conditionals="4" coveredstatements="0"/>
            <class name="Cell">
               <metrics coveredelements="0" coveredconditionals="0" complexity="11" coveredmethods="0" methods="8" elements="34" statements="22" conditionals="4" coveredstatements="0"/>
            </class>
            <line complexity="1" visibility="public" signature="Cell(float,float,float,float)" num="9" count="0" type="method"/>
            <line num="10" count="0" type="stmt"/>
            <line num="11" count="0" type="stmt"/>
            <line num="12" count="0" type="stmt"/>
            <line complexity="1" visibility="public" signature="Cell(Point2D,Point2D)" num="15" count="0" type="method"/>
            <line num="16" count="0" type="stmt"/>
            <line num="17" count="0" type="stmt"/>
            <line num="18" count="0" type="stmt"/>
            <line complexity="4" visibility="public" signature="getText(boolean) : String" num="24" count="0" type="method"/>
            <line num="26" count="0" type="stmt"/>
            <line falsecount="0" truecount="0" num="26" type="cond"/>
            <line num="27" count="0" type="stmt"/>
            <line num="29" count="0" type="stmt"/>
            <line num="30" count="0" type="stmt"/>
            <line num="31" count="0" type="stmt"/>
            <line num="32" count="0" type="stmt"/>
            <line num="33" count="0" type="stmt"/>
            <line falsecount="0" truecount="0" num="33" type="cond"/>
            <line num="34" count="0" type="stmt"/>
            <line num="36" count="0" type="stmt"/>
            <line num="37" count="0" type="stmt"/>
            <line num="39" count="0" type="stmt"/>
            <line complexity="1" visibility="public" signature="getText() : String" num="42" count="0" type="method"/>
            <line num="44" count="0" type="stmt"/>
            <line complexity="1" visibility="public" signature="isSpanning() : boolean" num="47" count="0" type="method"/>
            <line num="48" count="0" type="stmt"/>
            <line complexity="1" visibility="public" signature="setSpanning(boolean) : void" num="51" count="0" type="method"/>
            <line num="52" count="0" type="stmt"/>
            <line complexity="1" visibility="public" signature="isPlaceholder() : boolean" num="55" count="0" type="method"/>
            <line num="56" count="0" type="stmt"/>
            <line complexity="1" visibility="public" signature="setPlaceholder(boolean) : void" num="59" count="0" type="method"/>
            <line num="60" count="0" type="stmt"/>
         </file>
         <file path="/Users/meganm/Repos/SlicingComparison/maven-project-sampling/stats_working_dir/tabulapdf_tabula-java/src/main/java/technology/tabula/CohenSutherlandClipping.java" name="CohenSutherlandClipping.java">
            <metrics coveredelements="0" coveredconditionals="0" complexity="25" loc="141" coveredmethods="0" methods="8" elements="81" classes="2" ncloc="85" statements="41" conditionals="32" coveredstatements="0"/>
            <class name="CohenSutherlandClipping">
               <metrics coveredelements="0" coveredconditionals="0" complexity="18" coveredmethods="0" methods="5" elements="61" statements="32" conditionals="24" coveredstatements="0"/>
            </class>
            <class name="CohenSutherlandClipping.Point">
               <metrics coveredelements="0" coveredconditionals="0" complexity="7" coveredmethods="0" methods="3" elements="20" statements="9" conditionals="8" coveredstatements="0"/>
            </class>
            <line complexity="1" visibility="public" signature="CohenSutherlandClipping()" num="39" count="0" type="method"/>
            <line complexity="1" visibility="public" signature="CohenSutherlandClipping(Rectangle2D)" num="45" count="0" type="method"/>
            <line num="46" count="0" type="stmt"/>
            <line complexity="1" visibility="public" signature="setClip(Rectangle2D) : void" num="53" count="0" type="method"/>
            <line num="54" count="0" type="stmt"/>
            <line num="55" count="0" type="stmt"/>
            <line num="56" count="0" type="stmt"/>
            <line num="57" count="0" type="stmt"/>
            <line complexity="13" visibility="public" signature="clip(Line2D.Float) : boolean" num="68" count="0" type="method"/>
            <line num="69" count="0" type="stmt"/>
            <line num="70" count="0" type="stmt"/>
            <line num="71" count="0" type="stmt"/>
            <line num="73" count="0" type="stmt"/>
            <line num="74" count="0" type="stmt"/>
            <line falsecount="0" truecount="0" num="74" type="cond"/>
            <line num="76" count="0" type="stmt"/>
            <line falsecount="0" truecount="0" num="76" type="cond"/>
            <line num="77" count="0" type="stmt"/>
            <line num="77" count="0" type="stmt"/>
            <line falsecount="0" truecount="0" num="77" type="cond"/>
            <line num="79" count="0" type="stmt"/>
            <line falsecount="0" truecount="0" num="79" type="cond"/>
            <line num="81" count="0" type="stmt"/>
            <line falsecount="0" truecount="0" num="81" type="cond"/>
            <line num="82" count="0" type="stmt"/>
            <line num="83" count="0" type="stmt"/>
            <line num="85" count="0" type="stmt"/>
            <line falsecount="0" truecount="0" num="85" type="cond"/>
            <line num="86" count="0" type="stmt"/>
            <line num="87" count="0" type="stmt"/>
            <line num="89" count="0" type="stmt"/>
            <line falsecount="0" truecount="0" num="89" type="cond"/>
            <line num="90" count="0" type="stmt"/>
            <line num="91" count="0" type="stmt"/>
            <line falsecount="0" truecount="0" num="91" type="cond"/>
            <line num="95" count="0" type="stmt"/>
            <line falsecount="0" truecount="0" num="95" type="cond"/>
            <line num="96" count="0" type="stmt"/>
            <line num="97" count="0" type="stmt"/>
            <line falsecount="0" truecount="0" num="97" type="cond"/>
            <line num="102" count="0" type="stmt"/>
            <line falsecount="0" truecount="0" num="102" type="cond"/>
            <line num="103" count="0" type="stmt"/>
            <line num="106" count="0" type="stmt"/>
            <line num="109" count="0" type="stmt"/>
            <line num="110" count="0" type="stmt"/>
            <line complexity="2" visibility="private" signature="delta(double,double) : double" num="114" count="0" type="method"/>
            <line num="115" count="0" type="stmt"/>
            <line falsecount="0" truecount="0" num="115" type="cond"/>
            <line complexity="1" visibility="package" signature="Point(double,double)" num="123" count="0" type="method"/>
            <line num="124" count="0" type="stmt"/>
            <line complexity="5" visibility="package" signature="setPositionAndRegion(double,double) : void" num="127" count="0" type="method"/>
            <line num="128" count="0" type="stmt"/>
            <line num="128" count="0" type="stmt"/>
            <line num="129" count="0" type="stmt"/>
            <line falsecount="0" truecount="0" num="129" type="cond"/>
            <line falsecount="0" truecount="0" num="129" type="cond"/>
            <line num="130" count="0" type="stmt"/>
            <line falsecount="0" truecount="0" num="130" type="cond"/>
            <line num="131" count="0" type="stmt"/>
            <line num="132" count="0" type="stmt"/>
            <line falsecount="0" truecount="0" num="132" type="cond"/>
            <line num="133" count="0" type="stmt"/>
            <line complexity="1" visibility="package" signature="isInTheSameRegionAs(Point) : boolean" num="136" count="0" type="method"/>
            <line num="137" count="0" type="stmt"/>
         </file>
         <file path="/Users/meganm/Repos/SlicingComparison/maven-project-sampling/stats_working_dir/tabulapdf_tabula-java/src/main/java/technology/tabula/CommandLineApp.java" name="CommandLineApp.java">
            <metrics coveredelements="0" coveredconditionals="0" complexity="83" loc="528" coveredmethods="0" methods="31" elements="311" classes="5" ncloc="445" statements="214" conditionals="66" coveredstatements="0"/>
            <class name="CommandLineApp">
               <metrics coveredelements="0" coveredconditionals="0" complexity="62" coveredmethods="0" methods="19" elements="243" statements="172" conditionals="52" coveredstatements="0"/>
            </class>
            <class name="CommandLineApp.TableExtractor">
               <metrics coveredelements="0" coveredconditionals="0" complexity="16" coveredmethods="0" methods="9" elements="53" statements="34" conditionals="10" coveredstatements="0"/>
            </class>
            <class name="CommandLineApp.OutputFormat">
               <metrics coveredelements="0" coveredconditionals="0" complexity="2" coveredmethods="0" methods="1" elements="8" statements="5" conditionals="2" coveredstatements="0"/>
            </class>
            <class name="CommandLineApp.ExtractionMethod">
               <metrics coveredelements="0" coveredconditionals="0" complexity="0" coveredmethods="0" methods="0" elements="0" statements="0" conditionals="0" coveredstatements="0"/>
            </class>
            <class name="CommandLineApp.DebugOutput">
               <metrics coveredelements="0" coveredconditionals="0" complexity="3" coveredmethods="0" methods="2" elements="7" statements="3" conditionals="2" coveredstatements="0"/>
            </class>
            <line complexity="2" visibility="public" signature="CommandLineApp(Appendable,CommandLine)" num="49" count="0" type="method"/>
            <line num="50" count="0" type="stmt"/>
            <line num="51" count="0" type="stmt"/>
            <line num="52" count="0" type="stmt"/>
            <line num="53" count="0" type="stmt"/>
            <line num="54" count="0" type="stmt"/>
            <line num="56" count="0" type="stmt"/>
            <line falsecount="0" truecount="0" num="56" type="cond"/>
            <line num="57" count="0" type="stmt"/>
            <line complexity="4" visibility="public" signature="main(String[]) : void" num="61" count="0" type="method"/>
            <line num="62" count="0" type="stmt"/>
            <line num="63" count="0" type="stmt"/>
            <line num="65" count="0" type="stmt"/>
            <line num="67" count="0" type="stmt"/>
            <line falsecount="0" truecount="0" num="67" type="cond"/>
            <line num="68" count="0" type="stmt"/>
            <line num="69" count="0" type="stmt"/>
            <line num="72" count="0" type="stmt"/>
            <line falsecount="0" truecount="0" num="72" type="cond"/>
            <line num="73" count="0" type="stmt"/>
            <line num="74" count="0" type="stmt"/>
            <line num="77" count="0" type="stmt"/>
            <line num="79" count="0" type="stmt"/>
            <line num="80" count="0" type="stmt"/>
            <line num="82" count="0" type="stmt"/>
            <line complexity="6" visibility="public" signature="extractTables(CommandLine) : void" num="85" count="0" type="method"/>
            <line num="86" count="0" type="stmt"/>
            <line falsecount="0" truecount="0" num="86" type="cond"/>
            <line num="87" count="0" type="stmt"/>
            <line falsecount="0" truecount="0" num="87" type="cond"/>
            <line num="88" count="0" type="stmt"/>
            <line num="91" count="0" type="stmt"/>
            <line num="92" count="0" type="stmt"/>
            <line falsecount="0" truecount="0" num="92" type="cond"/>
            <line num="93" count="0" type="stmt"/>
            <line num="95" count="0" type="stmt"/>
            <line num="96" count="0" type="stmt"/>
            <line num="99" count="0" type="stmt"/>
            <line falsecount="0" truecount="0" num="99" type="cond"/>
            <line num="100" count="0" type="stmt"/>
            <line num="103" count="0" type="stmt"/>
            <line num="104" count="0" type="stmt"/>
            <line falsecount="0" truecount="0" num="104" type="cond"/>
            <line num="105" count="0" type="stmt"/>
            <line num="107" count="0" type="stmt"/>
            <line complexity="2" visibility="public" signature="extractDirectoryTables(CommandLine,File) : void" num="110" count="0" type="method"/>
            <line num="111" count="0" type="stmt"/>
            <line complexity="1" visibility="public" signature="accept(File,String) : boolean" num="112" count="0" type="method"/>
            <line num="113" count="0" type="stmt"/>
            <line num="117" count="0" type="stmt"/>
            <line num="118" count="0" type="stmt"/>
            <line num="119" count="0" type="stmt"/>
            <line num="120" count="0" type="stmt"/>
            <line num="122" count="0" type="stmt"/>
            <line num="123" count="0" type="stmt"/>
            <line complexity="2" visibility="public" signature="extractFileTables(CommandLine,File) : void" num="128" count="0" type="method"/>
            <line num="129" count="0" type="stmt"/>
            <line falsecount="0" truecount="0" num="129" type="cond"/>
            <line num="130" count="0" type="stmt"/>
            <line num="131" count="0" type="stmt"/>
            <line num="134" count="0" type="stmt"/>
            <line num="135" count="0" type="stmt"/>
            <line complexity="4" visibility="public" signature="extractFileInto(File,File) : void" num="138" count="0" type="method"/>
            <line num="139" count="0" type="stmt"/>
            <line num="140" count="0" type="stmt"/>
            <line num="141" count="0" type="stmt"/>
            <line num="142" count="0" type="stmt"/>
            <line num="144" count="0" type="stmt"/>
            <line num="145" count="0" type="stmt"/>
            <line num="147" count="0" type="stmt"/>
            <line num="149" count="0" type="stmt"/>
            <line falsecount="0" truecount="0" num="149" type="cond"/>
            <line num="150" count="0" type="stmt"/>
            <line num="151" count="0" type="stmt"/>
            <line num="153" count="0" type="stmt"/>
            <line complexity="9" visibility="private" signature="extractFile(File,Appendable) : void" num="159" count="0" type="method"/>
            <line num="160" count="0" type="stmt"/>
            <line num="161" count="0" type="stmt"/>
            <line num="162" count="0" type="stmt"/>
            <line falsecount="0" truecount="0" num="162" type="cond"/>
            <line num="163" count="0" type="stmt"/>
            <line num="164" count="0" type="stmt"/>
            <line num="166" count="0" type="stmt"/>
            <line falsecount="0" truecount="0" num="166" type="cond"/>
            <line num="167" count="0" type="stmt"/>
            <line num="169" count="0" type="stmt"/>
            <line falsecount="0" truecount="0" num="169" type="cond"/>
            <line num="170" count="0" type="stmt"/>
            <line num="171" count="0" type="stmt"/>
            <line num="175" count="0" type="stmt"/>
            <line falsecount="0" truecount="0" num="175" type="cond"/>
            <line num="176" count="0" type="stmt"/>
            <line num="177" count="0" type="stmt"/>
            <line num="178" count="0" type="stmt"/>
            <line falsecount="0" truecount="0" num="178" type="cond"/>
            <line num="179" count="0" type="stmt"/>
            <line num="183" count="0" type="stmt"/>
            <line num="186" count="0" type="stmt"/>
            <line num="189" count="0" type="stmt"/>
            <line num="191" count="0" type="stmt"/>
            <line num="193" count="0" type="stmt"/>
            <line num="194" count="0" type="stmt"/>
            <line falsecount="0" truecount="0" num="194" type="cond"/>
            <line num="195" count="0" type="stmt"/>
            <line num="198" count="0" type="stmt"/>
            <line complexity="2" visibility="private" signature="getPageIterator(PDDocument) : PageIterator" num="203" count="0" type="method"/>
            <line num="204" count="0" type="stmt"/>
            <line num="205" count="0" type="stmt"/>
            <line falsecount="0" truecount="0" num="205" type="cond"/>
            <line complexity="3" visibility="private" signature="whichOutputFormat(CommandLine) : OutputFormat" num="212" count="0" type="method"/>
            <line num="213" count="0" type="stmt"/>
            <line falsecount="0" truecount="0" num="213" type="cond"/>
            <line num="214" count="0" type="stmt"/>
            <line num="217" count="0" type="stmt"/>
            <line num="218" count="0" type="stmt"/>
            <line num="220" count="0" type="stmt"/>
            <line complexity="4" visibility="private" signature="whichAreas(CommandLine) : List&lt;Pair&lt;Integer, Rectangle&gt;&gt;" num="227" count="0" type="method"/>
            <line num="228" count="0" type="stmt"/>
            <line falsecount="0" truecount="0" num="228" type="cond"/>
            <line num="229" count="0" type="stmt"/>
            <line num="232" count="0" type="stmt"/>
            <line num="234" count="0" type="stmt"/>
            <line num="235" count="0" type="stmt"/>
            <line num="236" count="0" type="stmt"/>
            <line num="237" count="0" type="stmt"/>
            <line num="238" count="0" type="stmt"/>
            <line falsecount="0" truecount="0" num="238" type="cond"/>
            <line num="239" count="0" type="stmt"/>
            <line num="240" count="0" type="stmt"/>
            <line num="242" count="0" type="stmt"/>
            <line num="243" count="0" type="stmt"/>
            <line falsecount="0" truecount="0" num="243" type="cond"/>
            <line num="244" count="0" type="stmt"/>
            <line num="246" count="0" type="stmt"/>
            <line num="248" count="0" type="stmt"/>
            <line complexity="2" visibility="private" signature="whichPages(CommandLine) : List&lt;Integer&gt;" num="251" count="0" type="method"/>
            <line num="252" count="0" type="stmt"/>
            <line falsecount="0" truecount="0" num="252" type="cond"/>
            <line num="253" count="0" type="stmt"/>
            <line complexity="6" visibility="private" signature="whichExtractionMethod(CommandLine) : ExtractionMethod" num="256" count="0" type="method"/>
            <line num="258" count="0" type="stmt"/>
            <line falsecount="0" truecount="0" num="258" type="cond"/>
            <line num="259" count="0" type="stmt"/>
            <line num="263" count="0" type="stmt"/>
            <line falsecount="0" truecount="0" num="263" type="cond"/>
            <line num="264" count="0" type="stmt"/>
            <line num="266" count="0" type="stmt"/>
            <line complexity="3" visibility="private" signature="createExtractor(CommandLine) : TableExtractor" num="269" count="0" type="method"/>
            <line num="270" count="0" type="stmt"/>
            <line num="271" count="0" type="stmt"/>
            <line num="272" count="0" type="stmt"/>
            <line num="273" count="0" type="stmt"/>
            <line num="275" count="0" type="stmt"/>
            <line falsecount="0" truecount="0" num="275" type="cond"/>
            <line num="276" count="0" type="stmt"/>
            <line num="277" count="0" type="stmt"/>
            <line falsecount="0" truecount="0" num="277" type="cond"/>
            <line num="278" count="0" type="stmt"/>
            <line num="279" count="0" type="stmt"/>
            <line num="281" count="0" type="stmt"/>
            <line num="284" count="0" type="stmt"/>
            <line complexity="2" visibility="public" signature="parseFloatList(String) : List&lt;Float&gt;" num="289" count="0" type="method"/>
            <line num="290" count="0" type="stmt"/>
            <line num="291" count="0" type="stmt"/>
            <line num="292" count="0" type="stmt"/>
            <line num="293" count="0" type="stmt"/>
            <line num="294" count="0" type="stmt"/>
            <line num="296" count="0" type="stmt"/>
            <line num="298" count="0" type="stmt"/>
            <line complexity="1" visibility="private" signature="printHelp() : void" num="302" count="0" type="method"/>
            <line num="303" count="0" type="stmt"/>
            <line num="304" count="0" type="stmt"/>
            <line complexity="1" visibility="public" signature="buildOptions() : Options" num="307" count="0" type="method"/>
            <line num="308" count="0" type="stmt"/>
            <line num="310" count="0" type="stmt"/>
            <line num="311" count="0" type="stmt"/>
            <line num="312" count="0" type="stmt"/>
            <line num="313" count="0" type="stmt"/>
            <line num="314" count="0" type="stmt"/>
            <line num="315" count="0" type="stmt"/>
            <line num="316" count="0" type="stmt"/>
            <line num="317" count="0" type="stmt"/>
            <line num="318" count="0" type="stmt"/>
            <line num="320" count="0" type="stmt"/>
            <line num="326" count="0" type="stmt"/>
            <line num="332" count="0" type="stmt"/>
            <line num="338" count="0" type="stmt"/>
            <line num="344" count="0" type="stmt"/>
            <line num="352" count="0" type="stmt"/>
            <line num="361" count="0" type="stmt"/>
            <line num="368" count="0" type="stmt"/>
            <line complexity="1" visibility="public" signature="TableExtractor()" num="382" count="0" type="method"/>
            <line complexity="1" visibility="public" signature="setVerticalRulingPositions(List&lt;Float&gt;) : void" num="385" count="0" type="method"/>
            <line num="386" count="0" type="stmt"/>
            <line complexity="1" visibility="public" signature="setVerticalRulingPositionsRelative(boolean) : void" num="389" count="0" type="method"/>
            <line num="390" count="0" type="stmt"/>
            <line complexity="1" visibility="public" signature="setGuess(boolean) : void" num="393" count="0" type="method"/>
            <line num="394" count="0" type="stmt"/>
            <line complexity="1" visibility="public" signature="setUseLineReturns(boolean) : void" num="397" count="0" type="method"/>
            <line num="398" count="0" type="stmt"/>
            <line complexity="1" visibility="public" signature="setMethod(ExtractionMethod) : void" num="401" count="0" type="method"/>
            <line num="402" count="0" type="stmt"/>
            <line complexity="5" visibility="public" signature="extractTables(Page) : List&lt;Table&gt;" num="405" count="0" type="method"/>
            <line num="406" count="0" type="stmt"/>
            <line num="407" count="0" type="stmt"/>
            <line falsecount="0" truecount="0" num="407" type="cond"/>
            <line num="408" count="0" type="stmt"/>
            <line falsecount="0" truecount="0" num="408" type="cond"/>
            <line num="412" count="0" type="stmt"/>
            <line num="413" count="0" type="stmt"/>
            <line num="414" count="0" type="stmt"/>
            <line num="415" count="0" type="stmt"/>
            <line num="416" count="0" type="stmt"/>
            <line num="417" count="0" type="stmt"/>
            <line num="418" count="0" type="stmt"/>
            <line complexity="4" visibility="public" signature="extractTablesBasic(Page) : List&lt;Table&gt;" num="422" count="0" type="method"/>
            <line num="423" count="0" type="stmt"/>
            <line falsecount="0" truecount="0" num="423" type="cond"/>
            <line num="426" count="0" type="stmt"/>
            <line num="427" count="0" type="stmt"/>
            <line num="428" count="0" type="stmt"/>
            <line num="430" count="0" type="stmt"/>
            <line num="431" count="0" type="stmt"/>
            <line num="432" count="0" type="stmt"/>
            <line num="434" count="0" type="stmt"/>
            <line num="437" count="0" type="stmt"/>
            <line falsecount="0" truecount="0" num="437" type="cond"/>
            <line num="438" count="0" type="stmt"/>
            <line num="440" count="0" type="stmt"/>
            <line falsecount="0" truecount="0" num="440" type="cond"/>
            <line num="442" count="0" type="stmt"/>
            <line num="443" count="0" type="stmt"/>
            <line num="444" count="0" type="stmt"/>
            <line num="445" count="0" type="stmt"/>
            <line num="448" count="0" type="stmt"/>
            <line num="450" count="0" type="stmt"/>
            <line num="453" count="0" type="stmt"/>
            <line complexity="1" visibility="public" signature="extractTablesSpreadsheet(Page) : List&lt;Table&gt;" num="456" count="0" type="method"/>
            <line num="458" count="0" type="stmt"/>
            <line complexity="4" visibility="private" signature="writeTables(List&lt;Table&gt;,Appendable) : void" num="462" count="0" type="method"/>
            <line num="463" count="0" type="stmt"/>
            <line num="464" count="0" type="stmt"/>
            <line num="465" count="0" type="stmt"/>
            <line num="466" count="0" type="stmt"/>
            <line num="467" count="0" type="stmt"/>
            <line num="468" count="0" type="stmt"/>
            <line num="469" count="0" type="stmt"/>
            <line num="470" count="0" type="stmt"/>
            <line num="471" count="0" type="stmt"/>
            <line num="472" count="0" type="stmt"/>
            <line num="473" count="0" type="stmt"/>
            <line num="475" count="0" type="stmt"/>
            <line complexity="4" visibility="private" signature="getOutputFilename(File) : String" num="478" count="0" type="method"/>
            <line num="479" count="0" type="stmt"/>
            <line num="480" count="0" type="stmt"/>
            <line num="481" count="0" type="stmt"/>
            <line num="482" count="0" type="stmt"/>
            <line num="483" count="0" type="stmt"/>
            <line num="484" count="0" type="stmt"/>
            <line num="485" count="0" type="stmt"/>
            <line num="486" count="0" type="stmt"/>
            <line num="487" count="0" type="stmt"/>
            <line num="488" count="0" type="stmt"/>
            <line num="489" count="0" type="stmt"/>
            <line num="491" count="0" type="stmt"/>
            <line complexity="2" visibility="package" signature="formatNames() : String[]" num="499" count="0" type="method"/>
            <line num="500" count="0" type="stmt"/>
            <line num="501" count="0" type="stmt"/>
            <line num="502" count="0" type="stmt"/>
            <line falsecount="0" truecount="0" num="502" type="cond"/>
            <line num="503" count="0" type="stmt"/>
            <line num="505" count="0" type="stmt"/>
            <line complexity="1" visibility="public" signature="DebugOutput(boolean)" num="518" count="0" type="method"/>
            <line num="519" count="0" type="stmt"/>
            <line complexity="2" visibility="public" signature="debug(String) : void" num="522" count="0" type="method"/>
            <line num="523" count="0" type="stmt"/>
            <line falsecount="0" truecount="0" num="523" type="cond"/>
            <line num="524" count="0" type="stmt"/>
         </file>
         <file path="/Users/meganm/Repos/SlicingComparison/maven-project-sampling/stats_working_dir/tabulapdf_tabula-java/src/main/java/technology/tabula/HasText.java" name="HasText.java">
            <metrics coveredelements="0" coveredconditionals="0" complexity="0" loc="8" coveredmethods="0" methods="0" elements="0" classes="1" ncloc="5" statements="0" conditionals="0" coveredstatements="0"/>
            <class name="HasText">
               <metrics coveredelements="0" coveredconditionals="0" complexity="0" coveredmethods="0" methods="0" elements="0" statements="0" conditionals="0" coveredstatements="0"/>
            </class>
         </file>
         <file path="/Users/meganm/Repos/SlicingComparison/maven-project-sampling/stats_working_dir/tabulapdf_tabula-java/src/main/java/technology/tabula/Line.java" name="Line.java">
            <metrics coveredelements="0" coveredconditionals="0" complexity="10" loc="76" coveredmethods="0" methods="6" elements="42" classes="1" ncloc="60" statements="28" conditionals="8" coveredstatements="0"/>
            <class name="Line">
               <metrics coveredelements="0" coveredconditionals="0" complexity="10" coveredmethods="0" methods="6" elements="42" statements="28" conditionals="8" coveredstatements="0"/>
            </class>
            <line complexity="1" visibility="public" signature="getTextElements() : List&lt;TextChunk&gt;" num="15" count="0" type="method"/>
            <line num="16" count="0" type="stmt"/>
            <line complexity="1" visibility="public" signature="setTextElements(List&lt;TextChunk&gt;) : void" num="19" count="0" type="method"/>
            <line num="20" count="0" type="stmt"/>
            <line complexity="4" visibility="public" signature="addTextChunk(int,TextChunk) : void" num="23" count="0" type="method"/>
            <line num="24" count="0" type="stmt"/>
            <line falsecount="0" truecount="0" num="24" type="cond"/>
            <line num="25" count="0" type="stmt"/>
            <line num="28" count="0" type="stmt"/>
            <line num="29" count="0" type="stmt"/>
            <line falsecount="0" truecount="0" num="29" type="cond"/>
            <line num="30" count="0" type="stmt"/>
            <line falsecount="0" truecount="0" num="30" type="cond"/>
            <line num="31" count="0" type="stmt"/>
            <line num="33" count="0" type="stmt"/>
            <line num="36" count="0" type="stmt"/>
            <line num="38" count="0" type="stmt"/>
            <line complexity="2" visibility="public" signature="addTextChunk(TextChunk) : void" num="41" count="0" type="method"/>
            <line num="42" count="0" type="stmt"/>
            <line falsecount="0" truecount="0" num="42" type="cond"/>
            <line num="43" count="0" type="stmt"/>
            <line num="46" count="0" type="stmt"/>
            <line num="48" count="0" type="stmt"/>
            <line complexity="1" visibility="public" signature="toString() : String" num="51" count="0" type="method"/>
            <line num="53" count="0" type="stmt"/>
            <line num="54" count="0" type="stmt"/>
            <line num="55" count="0" type="stmt"/>
            <line num="56" count="0" type="stmt"/>
            <line num="57" count="0" type="stmt"/>
            <line num="58" count="0" type="stmt"/>
            <line num="60" count="0" type="stmt"/>
            <line num="61" count="0" type="stmt"/>
            <line complexity="1" visibility="package" signature="removeRepeatedCharacters(Line,Character,int) : Line" num="64" count="0" type="method"/>
            <line num="66" count="0" type="stmt"/>
            <line num="68" count="0" type="stmt"/>
            <line num="69" count="0" type="stmt"/>
            <line num="70" count="0" type="stmt"/>
            <line num="74" count="0" type="stmt"/>
         </file>
         <file path="/Users/meganm/Repos/SlicingComparison/maven-project-sampling/stats_working_dir/tabulapdf_tabula-java/src/main/java/technology/tabula/ObjectExtractor.java" name="ObjectExtractor.java">
            <metrics coveredelements="0" coveredconditionals="0" complexity="10" loc="73" coveredmethods="0" methods="6" elements="31" classes="1" ncloc="54" statements="21" conditionals="4" coveredstatements="0"/>
            <class name="ObjectExtractor">
               <metrics coveredelements="0" coveredconditionals="0" complexity="10" coveredmethods="0" methods="6" elements="31" statements="21" conditionals="4" coveredstatements="0"/>
            </class>
            <line complexity="1" visibility="public" signature="ObjectExtractor(PDDocument)" num="12" count="0" type="method"/>
            <line num="13" count="0" type="stmt"/>
            <line complexity="5" visibility="protected" signature="extractPage(Integer) : Page" num="17" count="0" type="method"/>
            <line num="18" count="0" type="stmt"/>
            <line falsecount="0" truecount="0" num="18" type="cond"/>
            <line num="19" count="0" type="stmt"/>
            <line num="21" count="0" type="stmt"/>
            <line num="23" count="0" type="stmt"/>
            <line num="24" count="0" type="stmt"/>
            <line num="26" count="0" type="stmt"/>
            <line num="27" count="0" type="stmt"/>
            <line num="29" count="0" type="stmt"/>
            <line num="31" count="0" type="stmt"/>
            <line num="32" count="0" type="stmt"/>
            <line num="33" count="0" type="stmt"/>
            <line falsecount="0" truecount="0" num="33" type="cond"/>
            <line num="34" count="0" type="stmt"/>
            <line num="35" count="0" type="stmt"/>
            <line num="37" count="0" type="stmt"/>
            <line num="38" count="0" type="stmt"/>
            <line num="41" count="0" type="stmt"/>
            <line complexity="1" visibility="public" signature="extract(Iterable&lt;Integer&gt;) : PageIterator" num="56" count="0" type="method"/>
            <line num="57" count="0" type="stmt"/>
            <line complexity="1" visibility="public" signature="extract() : PageIterator" num="60" count="0" type="method"/>
            <line num="61" count="0" type="stmt"/>
            <line complexity="1" visibility="public" signature="extract(int) : Page" num="64" count="0" type="method"/>
            <line num="65" count="0" type="stmt"/>
            <line complexity="1" visibility="public" signature="close() : void" num="69" count="0" type="method"/>
            <line num="70" count="0" type="stmt"/>
         </file>
         <file path="/Users/meganm/Repos/SlicingComparison/maven-project-sampling/stats_working_dir/tabulapdf_tabula-java/src/main/java/technology/tabula/ObjectExtractorStreamEngine.java" name="ObjectExtractorStreamEngine.java">
            <metrics coveredelements="0" coveredconditionals="0" complexity="48" loc="271" coveredmethods="0" methods="22" elements="172" classes="2" ncloc="217" statements="116" conditionals="34" coveredstatements="0"/>
            <class name="ObjectExtractorStreamEngine">
               <metrics coveredelements="0" coveredconditionals="0" complexity="43" coveredmethods="0" methods="21" elements="150" statements="103" conditionals="26" coveredstatements="0"/>
            </class>
            <class name="ObjectExtractorStreamEngine.PointComparator">
[...]
            <line complexity="1" visibility="public" signature="mergeFourElementsIntoFourWords() : void" num="53" testsuccess="true" count="1" testduration="0.001" type="method"/>
            <line num="56" count="1" type="stmt"/>
            <line num="57" count="1" type="stmt"/>
            <line num="58" count="1" type="stmt"/>
            <line num="59" count="1" type="stmt"/>
            <line num="60" count="1" type="stmt"/>
            <line num="61" count="1" type="stmt"/>
            <line num="63" count="1" type="stmt"/>
            <line num="65" count="1" type="stmt"/>
            <line num="66" count="1" type="stmt"/>
            <line num="67" count="1" type="stmt"/>
            <line num="68" count="1" type="stmt"/>
            <line num="69" count="1" type="stmt"/>
            <line num="71" count="1" type="stmt"/>
            <line complexity="1" visibility="public" signature="mergeFourElementsIntoOneWord() : void" num="75" testsuccess="true" count="1" testduration="0.001" type="method"/>
            <line num="78" count="1" type="stmt"/>
            <line num="79" count="1" type="stmt"/>
            <line num="80" count="1" type="stmt"/>
            <line num="81" count="1" type="stmt"/>
            <line num="82" count="1" type="stmt"/>
            <line num="83" count="1" type="stmt"/>
            <line num="85" count="1" type="stmt"/>
            <line num="87" count="1" type="stmt"/>
            <line num="88" count="1" type="stmt"/>
            <line num="89" count="1" type="stmt"/>
            <line num="90" count="1" type="stmt"/>
            <line num="91" count="1" type="stmt"/>
            <line num="92" count="1" type="stmt"/>
            <line num="94" count="1" type="stmt"/>
            <line complexity="1" visibility="public" signature="mergeElementsShouldBeIdempotent() : void" num="98" testsuccess="true" count="1" testduration="0.004" type="method"/>
            <line num="105" count="1" type="stmt"/>
            <line num="106" count="1" type="stmt"/>
            <line num="107" count="1" type="stmt"/>
            <line num="108" count="1" type="stmt"/>
            <line num="109" count="1" type="stmt"/>
            <line num="110" count="1" type="stmt"/>
            <line num="112" count="1" type="stmt"/>
            <line num="113" count="1" type="stmt"/>
            <line num="114" count="1" type="stmt"/>
            <line complexity="1" visibility="public" signature="mergeElementsWithSkippingRules() : void" num="117" testsuccess="true" count="1" testduration="0.011" type="method"/>
            <line num="120" count="1" type="stmt"/>
            <line num="121" count="1" type="stmt"/>
            <line num="122" count="1" type="stmt"/>
            <line num="123" count="1" type="stmt"/>
            <line num="124" count="1" type="stmt"/>
            <line num="125" count="1" type="stmt"/>
            <line num="126" count="1" type="stmt"/>
            <line num="127" count="1" type="stmt"/>
            <line num="128" count="1" type="stmt"/>
            <line num="130" count="1" type="stmt"/>
            <line num="132" count="1" type="stmt"/>
            <line num="133" count="1" type="stmt"/>
            <line num="134" count="1" type="stmt"/>
            <line num="135" count="1" type="stmt"/>
            <line num="136" count="1" type="stmt"/>
            <line num="137" count="1" type="stmt"/>
            <line num="139" count="1" type="stmt"/>
            <line complexity="1" visibility="public" signature="mergeTenElementsIntoTwoWords() : void" num="143" testsuccess="true" count="1" testduration="0.0" type="method"/>
            <line num="146" count="1" type="stmt"/>
            <line num="147" count="1" type="stmt"/>
            <line num="148" count="1" type="stmt"/>
            <line num="149" count="1" type="stmt"/>
            <line num="150" count="1" type="stmt"/>
            <line num="151" count="1" type="stmt"/>
            <line num="152" count="1" type="stmt"/>
            <line num="153" count="1" type="stmt"/>
            <line num="154" count="1" type="stmt"/>
            <line num="155" count="1" type="stmt"/>
            <line num="156" count="1" type="stmt"/>
            <line num="158" count="1" type="stmt"/>
            <line num="160" count="1" type="stmt"/>
            <line num="161" count="1" type="stmt"/>
            <line num="162" count="1" type="stmt"/>
            <line num="163" count="1" type="stmt"/>
            <line num="164" count="1" type="stmt"/>
            <line num="165" count="1" type="stmt"/>
            <line num="166" count="1" type="stmt"/>
            <line num="167" count="1" type="stmt"/>
            <line num="168" count="1" type="stmt"/>
            <line num="169" count="1" type="stmt"/>
            <line num="170" count="1" type="stmt"/>
            <line num="171" count="1" type="stmt"/>
            <line num="172" count="1" type="stmt"/>
            <line num="174" count="1" type="stmt"/>
            <line num="175" count="1" type="stmt"/>
            <line complexity="1" visibility="public" signature="mergeTenElementsIntoTwoLines() : void" num="179" testsuccess="true" count="1" testduration="0.001" type="method"/>
            <line num="182" count="1" type="stmt"/>
            <line num="183" count="1" type="stmt"/>
            <line num="184" count="1" type="stmt"/>
            <line num="185" count="1" type="stmt"/>
            <line num="186" count="1" type="stmt"/>
            <line num="187" count="1" type="stmt"/>
            <line num="188" count="1" type="stmt"/>
            <line num="189" count="1" type="stmt"/>
            <line num="190" count="1" type="stmt"/>
            <line num="191" count="1" type="stmt"/>
            <line num="192" count="1" type="stmt"/>
            <line num="194" count="1" type="stmt"/>
            <line num="196" count="1" type="stmt"/>
            <line num="197" count="1" type="stmt"/>
            <line num="198" count="1" type="stmt"/>
            <line num="199" count="1" type="stmt"/>
            <line num="200" count="1" type="stmt"/>
            <line num="201" count="1" type="stmt"/>
            <line num="202" count="1" type="stmt"/>
            <line num="203" count="1" type="stmt"/>
            <line num="204" count="1" type="stmt"/>
            <line num="205" count="1" type="stmt"/>
            <line num="206" count="1" type="stmt"/>
            <line num="207" count="1" type="stmt"/>
            <line num="209" count="1" type="stmt"/>
            <line num="210" count="1" type="stmt"/>
         </file>
         <file path="/Users/meganm/Repos/SlicingComparison/maven-project-sampling/stats_working_dir/tabulapdf_tabula-java/src/test/java/technology/tabula/TestUtils.java" name="TestUtils.java">
            <metrics coveredelements="0" coveredconditionals="0" complexity="12" loc="131" coveredmethods="0" methods="11" elements="53" classes="1" ncloc="101" statements="40" conditionals="2" coveredstatements="0"/>
            <class name="TestUtils">
               <metrics coveredelements="0" coveredconditionals="0" complexity="12" coveredmethods="0" methods="11" elements="53" statements="40" conditionals="2" coveredstatements="0"/>
            </class>
            <line complexity="1" visibility="public" signature="testBoundsOfTwoRulings() : void" num="35" count="0" type="method"/>
            <line num="37" count="0" type="stmt"/>
            <line num="38" count="0" type="stmt"/>
            <line num="39" count="0" type="stmt"/>
            <line num="40" count="0" type="stmt"/>
            <line num="41" count="0" type="stmt"/>
            <line complexity="1" visibility="public" signature="testBoundsOfOneEmptyRectangleAndAnotherNonEmpty() : void" num="44" count="0" type="method"/>
            <line num="46" count="0" type="stmt"/>
            <line num="47" count="0" type="stmt"/>
            <line complexity="1" visibility="public" signature="testBoundsOfOneRectangle() : void" num="50" count="0" type="method"/>
            <line num="52" count="0" type="stmt"/>
            <line num="53" count="0" type="stmt"/>
            <line num="54" count="0" type="stmt"/>
            <line num="55" count="0" type="stmt"/>
            <line complexity="1" visibility="public" signature="testParsePagesOption() : void" num="58" count="0" type="method"/>
            <line num="61" count="0" type="stmt"/>
            <line num="62" count="0" type="stmt"/>
            <line num="64" count="0" type="stmt"/>
            <line num="65" count="0" type="stmt"/>
            <line num="67" count="0" type="stmt"/>
            <line num="68" count="0" type="stmt"/>
            <line num="70" count="0" type="stmt"/>
            <line num="71" count="0" type="stmt"/>
            <line complexity="1" visibility="public" signature="testExceptionInParsePages() : void" num="74" count="0" type="method"/>
            <line num="76" count="0" type="stmt"/>
            <line complexity="1" visibility="public" signature="testAnotherExceptionInParsePages() : void" num="79" count="0" type="method"/>
            <line num="81" count="0" type="stmt"/>
            <line complexity="1" visibility="public" signature="testQuickSortEmptyList() : void" num="84" count="0" type="method"/>
            <line num="86" count="0" type="stmt"/>
            <line num="87" count="0" type="stmt"/>
            <line num="89" count="0" type="stmt"/>
            <line complexity="1" visibility="public" signature="testQuickSortOneElementList() : void" num="92" count="0" type="method"/>
            <line num="94" count="0" type="stmt"/>
            <line num="95" count="0" type="stmt"/>
            <line num="97" count="0" type="stmt"/>
            <line complexity="1" visibility="public" signature="testQuickSortShortList() : void" num="100" count="0" type="method"/>
            <line num="102" count="0" type="stmt"/>
            <line num="103" count="0" type="stmt"/>
            <line num="105" count="0" type="stmt"/>
            <line complexity="2" visibility="public" signature="testQuickSortLongList() : void" num="108" count="0" type="method"/>
            <line num="111" count="0" type="stmt"/>
            <line num="112" count="0" type="stmt"/>
            <line num="114" count="0" type="stmt"/>
            <line falsecount="0" truecount="0" num="114" type="cond"/>
            <line num="115" count="0" type="stmt"/>
            <line num="116" count="0" type="stmt"/>
            <line num="119" count="0" type="stmt"/>
            <line num="121" count="0" type="stmt"/>
            <line complexity="1" visibility="public" signature="testJPEG2000DoesNotRaise() : void" num="124" count="0" type="method"/>
            <line num="126" count="0" type="stmt"/>
            <line num="127" count="0" type="stmt"/>
            <line num="128" count="0" type="stmt"/>
         </file>
         <file path="/Users/meganm/Repos/SlicingComparison/maven-project-sampling/stats_working_dir/tabulapdf_tabula-java/src/test/java/technology/tabula/TestWriters.java" name="TestWriters.java">
            <metrics coveredelements="0" coveredconditionals="0" complexity="10" loc="136" coveredmethods="0" methods="10" elements="74" classes="1" ncloc="107" statements="64" conditionals="0" coveredstatements="0"/>
            <class name="TestWriters">
               <metrics coveredelements="0" coveredconditionals="0" complexity="10" coveredmethods="0" methods="10" elements="74" statements="64" conditionals="0" coveredstatements="0"/>
            </class>
            <line complexity="1" visibility="private" signature="getTable() : Table" num="23" count="0" type="method"/>
            <line num="24" count="0" type="stmt"/>
            <line num="25" count="0" type="stmt"/>
            <line num="26" count="0" type="stmt"/>
            <line num="27" count="0" type="stmt"/>
            <line complexity="1" visibility="private" signature="getTables() : List&lt;Table&gt;" num="30" count="0" type="method"/>
            <line num="32" count="0" type="stmt"/>
            <line num="33" count="0" type="stmt"/>
            <line num="34" count="0" type="stmt"/>
            <line complexity="1" visibility="public" signature="testCSVWriter() : void" num="37" count="0" type="method"/>
            <line num="39" count="0" type="stmt"/>
            <line num="40" count="0" type="stmt"/>
            <line num="41" count="0" type="stmt"/>
            <line num="42" count="0" type="stmt"/>
            <line num="43" count="0" type="stmt"/>
            <line num="44" count="0" type="stmt"/>
            <line num="45" count="0" type="stmt"/>
            <line num="46" count="0" type="stmt"/>
            <line complexity="1" visibility="public" signature="testTSVWriter() : void" num="50" count="0" type="method"/>
            <line num="52" count="0" type="stmt"/>
            <line num="53" count="0" type="stmt"/>
            <line num="54" count="0" type="stmt"/>
            <line num="55" count="0" type="stmt"/>
            <line complexity="1" visibility="public" signature="testJSONWriter() : void" num="61" count="0" type="method"/>
            <line num="63" count="0" type="stmt"/>
            <line num="64" count="0" type="stmt"/>
            <line num="65" count="0" type="stmt"/>
            <line num="66" count="0" type="stmt"/>
            <line num="67" count="0" type="stmt"/>
            <line num="68" count="0" type="stmt"/>
            <line complexity="1" visibility="public" signature="testJSONSerializeInfinity() : void" num="71" count="0" type="method"/>
            <line num="73" count="0" type="stmt"/>
            <line num="74" count="0" type="stmt"/>
            <line num="75" count="0" type="stmt"/>
            <line num="76" count="0" type="stmt"/>
            <line num="78" count="0" type="stmt"/>
            <line num="79" count="0" type="stmt"/>
            <line num="80" count="0" type="stmt"/>
            <line num="81" count="0" type="stmt"/>
            <line complexity="1" visibility="public" signature="testCSVSerializeInfinity() : void" num="84" count="0" type="method"/>
            <line num="86" count="0" type="stmt"/>
            <line num="87" count="0" type="stmt"/>
            <line num="88" count="0" type="stmt"/>
            <line num="89" count="0" type="stmt"/>
            <line num="91" count="0" type="stmt"/>
            <line num="92" count="0" type="stmt"/>
            <line num="93" count="0" type="stmt"/>
            <line num="94" count="0" type="stmt"/>
            <line complexity="1" visibility="public" signature="testJSONSerializeTwoTables() : void" num="97" count="0" type="method"/>
            <line num="99" count="0" type="stmt"/>
            <line num="100" count="0" type="stmt"/>
            <line num="101" count="0" type="stmt"/>
            <line num="102" count="0" type="stmt"/>
            <line num="104" count="0" type="stmt"/>
            <line num="105" count="0" type="stmt"/>
            <line num="107" count="0" type="stmt"/>
            <line num="108" count="0" type="stmt"/>
            <line num="109" count="0" type="stmt"/>
            <line complexity="1" visibility="public" signature="testCSVSerializeTwoTables() : void" num="112" count="0" type="method"/>
            <line num="114" count="0" type="stmt"/>
            <line num="115" count="0" type="stmt"/>
            <line num="116" count="0" type="stmt"/>
            <line num="117" count="0" type="stmt"/>
            <line num="119" count="0" type="stmt"/>
            <line num="120" count="0" type="stmt"/>
            <line complexity="1" visibility="public" signature="testCSVMultilineRow() : void" num="123" count="0" type="method"/>
            <line num="125" count="0" type="stmt"/>
            <line num="126" count="0" type="stmt"/>
            <line num="127" count="0" type="stmt"/>
            <line num="128" count="0" type="stmt"/>
            <line num="130" count="0" type="stmt"/>
            <line num="131" count="0" type="stmt"/>
            <line num="132" count="0" type="stmt"/>
            <line num="133" count="0" type="stmt"/>
         </file>
         <file path="/Users/meganm/Repos/SlicingComparison/maven-project-sampling/stats_working_dir/tabulapdf_tabula-java/src/test/java/technology/tabula/UtilsForTesting.java" name="UtilsForTesting.java">
            <metrics coveredelements="0" coveredconditionals="0" complexity="14" loc="91" coveredmethods="0" methods="6" elements="54" classes="1" ncloc="67" statements="36" conditionals="12" coveredstatements="0"/>
            <class name="UtilsForTesting">
               <metrics coveredelements="0" coveredconditionals="0" complexity="14" coveredmethods="0" methods="6" elements="54" statements="36" conditionals="12" coveredstatements="0"/>
            </class>
            <line complexity="1" visibility="public" signature="getAreaFromFirstPage(String,float,float,float,float) : Page" num="16" count="0" type="method"/>
            <line num="17" count="0" type="stmt"/>
            <line complexity="1" visibility="public" signature="getAreaFromPage(String,int,float,float,float,float) : Page" num="20" count="0" type="method"/>
            <line num="21" count="0" type="stmt"/>
            <line complexity="2" visibility="public" signature="getPage(String,int) : Page" num="24" count="0" type="method"/>
            <line num="25" count="0" type="stmt"/>
            <line num="26" count="0" type="stmt"/>
            <line num="27" count="0" type="stmt"/>
            <line num="28" count="0" type="stmt"/>
            <line num="29" count="0" type="stmt"/>
            <line num="31" count="0" type="stmt"/>
            <line falsecount="0" truecount="0" num="31" type="cond"/>
            <line num="32" count="0" type="stmt"/>
            <line complexity="5" visibility="public" signature="tableToArrayOfRows(Table) : String[][]" num="36" count="0" type="method"/>
            <line num="37" count="0" type="stmt"/>
            <line num="39" count="0" type="stmt"/>
            <line num="41" count="0" type="stmt"/>
            <line falsecount="0" truecount="0" num="41" type="cond"/>
            <line num="42" count="0" type="stmt"/>
            <line num="43" count="0" type="stmt"/>
            <line falsecount="0" truecount="0" num="43" type="cond"/>
            <line num="44" count="0" type="stmt"/>
            <line num="48" count="0" type="stmt"/>
            <line num="50" count="0" type="stmt"/>
            <line num="52" count="0" type="stmt"/>
            <line falsecount="0" truecount="0" num="52" type="cond"/>
            <line num="53" count="0" type="stmt"/>
            <line num="54" count="0" type="stmt"/>
            <line falsecount="0" truecount="0" num="54" type="cond"/>
            <line num="55" count="0" type="stmt"/>
            <line num="59" count="0" type="stmt"/>
            <line complexity="4" visibility="public" signature="loadJson(String) : String" num="62" count="0" type="method"/>
            <line num="64" count="0" type="stmt"/>
            <line num="65" count="0" type="stmt"/>
            <line num="65" count="0" type="stmt"/>
            <line num="66" count="0" type="stmt"/>
            <line num="67" count="0" type="stmt"/>
            <line falsecount="0" truecount="0" num="67" type="cond"/>
            <line num="68" count="0" type="stmt"/>
            <line num="72" count="0" type="stmt"/>
            <line complexity="1" visibility="public" signature="loadCsv(String) : String" num="76" count="0" type="method"/>
            <line num="78" count="0" type="stmt"/>
            <line num="79" count="0" type="stmt"/>
            <line num="81" count="0" type="stmt"/>
            <line num="82" count="0" type="stmt"/>
            <line num="83" count="0" type="stmt"/>
            <line num="85" count="0" type="stmt"/>
            <line num="86" count="0" type="stmt"/>
         </file>
      </package>
   </testproject>
</coverage>