<?xml version="1.0" encoding="UTF-8"?>
<coverage generated="1741001894215" clover="4.5.2">
   <project name="eo-yaml 8.0.7-SNAPSHOT" timestamp="1741001889636">
      <metrics coveredelements="71" complexity="1009" loc="11759" methods="529" classes="96" statements="1925" packages="3" coveredconditionals="17" coveredmethods="11" elements="3174" ncloc="5145" files="84" conditionals="720" coveredstatements="43"/>
      <package name="com.amihaiemil.eoyaml">
         <metrics coveredelements="71" complexity="959" loc="11140" methods="506" classes="91" statements="1829" coveredconditionals="17" coveredmethods="11" elements="3021" ncloc="4871" files="79" conditionals="686" coveredstatements="43"/>
         <file path="/Users/meganm/Repos/SlicingComparison/maven-project-sampling/stats_working_dir/decorators-squad_eo-yaml/src/main/java/com/amihaiemil/eoyaml/AllYamlLines.java" name="AllYamlLines.java">
            <metrics coveredelements="4" coveredconditionals="0" complexity="20" loc="188" coveredmethods="2" methods="5" elements="73" classes="1" ncloc="106" statements="42" conditionals="26" coveredstatements="2"/>
            <class name="AllYamlLines">
               <metrics coveredelements="4" coveredconditionals="0" complexity="20" coveredmethods="2" methods="5" elements="73" statements="42" conditionals="26" coveredstatements="2"/>
            </class>
            <line complexity="1" visibility="package" signature="AllYamlLines(Collection&lt;YamlLine&gt;)" num="88" count="4" type="method"/>
            <line num="89" count="4" type="stmt"/>
            <line complexity="1" visibility="public" signature="toString() : String" num="92" count="0" type="method"/>
            <line num="94" count="0" type="stmt"/>
            <line num="95" count="0" type="stmt"/>
            <line num="96" count="0" type="stmt"/>
            <line num="98" count="0" type="stmt"/>
            <line complexity="5" visibility="public" signature="nextYamlNode(YamlLine) : YamlNode" num="101" count="0" type="method"/>
            <line num="103" count="0" type="stmt"/>
            <line num="104" count="0" type="stmt"/>
            <line num="105" count="0" type="stmt"/>
            <line falsecount="0" truecount="0" num="105" type="cond"/>
            <line num="106" count="0" type="stmt"/>
            <line num="108" count="0" type="stmt"/>
            <line num="109" count="0" type="stmt"/>
            <line falsecount="0" truecount="0" num="109" type="cond"/>
            <line num="110" count="0" type="stmt"/>
            <line num="111" count="0" type="stmt"/>
            <line falsecount="0" truecount="0" num="111" type="cond"/>
            <line num="112" count="0" type="stmt"/>
            <line num="113" count="0" type="stmt"/>
            <line falsecount="0" truecount="0" num="113" type="cond"/>
            <line num="114" count="0" type="stmt"/>
            <line num="116" count="0" type="stmt"/>
            <line num="119" count="0" type="stmt"/>
            <line complexity="1" visibility="public" signature="iterator() : Iterator&lt;YamlLine&gt;" num="122" count="11" type="method"/>
            <line num="124" count="11" type="stmt"/>
            <line complexity="12" visibility="private" signature="mappingSequenceOrPlainScalar(YamlLine) : YamlNode" num="134" count="0" type="method"/>
            <line num="135" count="0" type="stmt"/>
            <line num="136" count="0" type="stmt"/>
            <line num="145" count="0" type="stmt"/>
            <line num="146" count="0" type="stmt"/>
            <line falsecount="0" truecount="0" num="146" type="cond"/>
            <line num="147" count="0" type="stmt"/>
            <line num="149" count="0" type="stmt"/>
            <line num="151" count="0" type="stmt"/>
            <line falsecount="0" truecount="0" num="151" type="cond"/>
            <line num="155" count="0" type="stmt"/>
            <line num="160" count="0" type="stmt"/>
            <line falsecount="0" truecount="0" num="160" type="cond"/>
            <line num="161" count="0" type="stmt"/>
            <line num="162" count="0" type="stmt"/>
            <line falsecount="0" truecount="0" num="162" type="cond"/>
            <line num="163" count="0" type="stmt"/>
            <line num="165" count="0" type="stmt"/>
            <line num="166" count="0" type="stmt"/>
            <line falsecount="0" truecount="0" num="166" type="cond"/>
            <line num="167" count="0" type="stmt"/>
            <line falsecount="0" truecount="0" num="167" type="cond"/>
            <line num="168" count="0" type="stmt"/>
            <line num="169" count="0" type="stmt"/>
            <line falsecount="0" truecount="0" num="169" type="cond"/>
            <line num="170" count="0" type="stmt"/>
            <line num="172" count="0" type="stmt"/>
            <line falsecount="0" truecount="0" num="172" type="cond"/>
            <line num="173" count="0" type="stmt"/>
            <line num="176" count="0" type="stmt"/>
            <line falsecount="0" truecount="0" num="176" type="cond"/>
            <line num="177" count="0" type="stmt"/>
            <line num="185" count="0" type="stmt"/>
         </file>
         <file path="/Users/meganm/Repos/SlicingComparison/maven-project-sampling/stats_working_dir/decorators-squad_eo-yaml/src/main/java/com/amihaiemil/eoyaml/Backwards.java" name="Backwards.java">
            <metrics coveredelements="0" coveredconditionals="0" complexity="3" loc="67" coveredmethods="0" methods="3" elements="10" classes="1" ncloc="21" statements="7" conditionals="0" coveredstatements="0"/>
            <class name="Backwards">
               <metrics coveredelements="0" coveredconditionals="0" complexity="3" coveredmethods="0" methods="3" elements="10" statements="7" conditionals="0" coveredstatements="0"/>
            </class>
            <line complexity="1" visibility="package" signature="Backwards(YamlLines)" num="49" count="0" type="method"/>
            <line num="50" count="0" type="stmt"/>
            <line complexity="1" visibility="public" signature="nextYamlNode(YamlLine) : YamlNode" num="53" count="0" type="method"/>
            <line num="55" count="0" type="stmt"/>
            <line complexity="1" visibility="public" signature="iterator() : Iterator&lt;YamlLine&gt;" num="58" count="0" type="method"/>
            <line num="60" count="0" type="stmt"/>
            <line num="61" count="0" type="stmt"/>
            <line num="62" count="0" type="stmt"/>
            <line num="64" count="0" type="stmt"/>
            <line num="65" count="0" type="stmt"/>
         </file>
         <file path="/Users/meganm/Repos/SlicingComparison/maven-project-sampling/stats_working_dir/decorators-squad_eo-yaml/src/main/java/com/amihaiemil/eoyaml/BaseFoldedScalar.java" name="BaseFoldedScalar.java">
            <metrics coveredelements="0" coveredconditionals="0" complexity="0" loc="50" coveredmethods="0" methods="0" elements="0" classes="1" ncloc="5" statements="0" conditionals="0" coveredstatements="0"/>
            <class name="BaseFoldedScalar">
               <metrics coveredelements="0" coveredconditionals="0" complexity="0" coveredmethods="0" methods="0" elements="0" statements="0" conditionals="0" coveredstatements="0"/>
            </class>
         </file>
         <file path="/Users/meganm/Repos/SlicingComparison/maven-project-sampling/stats_working_dir/decorators-squad_eo-yaml/src/main/java/com/amihaiemil/eoyaml/BaseScalar.java" name="BaseScalar.java">
            <metrics coveredelements="0" coveredconditionals="0" complexity="17" loc="121" coveredmethods="0" methods="5" elements="54" classes="1" ncloc="56" statements="31" conditionals="18" coveredstatements="0"/>
            <class name="BaseScalar">
               <metrics coveredelements="0" coveredconditionals="0" complexity="17" coveredmethods="0" methods="5" elements="54" statements="31" conditionals="18" coveredstatements="0"/>
            </class>
            <line complexity="1" visibility="public" signature="type() : Node" num="43" count="0" type="method"/>
            <line num="45" count="0" type="stmt"/>
            <line complexity="4" visibility="public" signature="equals(Object) : boolean" num="53" count="0" type="method"/>
            <line num="55" count="0" type="stmt"/>
            <line num="56" count="0" type="stmt"/>
            <line falsecount="0" truecount="0" num="56" type="cond"/>
            <line num="57" count="0" type="stmt"/>
            <line num="58" count="0" type="stmt"/>
            <line falsecount="0" truecount="0" num="58" type="cond"/>
            <line num="59" count="0" type="stmt"/>
            <line num="61" count="0" type="stmt"/>
            <line num="63" count="0" type="stmt"/>
            <line complexity="2" visibility="public" signature="hashCode() : int" num="70" count="0" type="method"/>
            <line num="72" count="0" type="stmt"/>
            <line num="73" count="0" type="stmt"/>
            <line num="74" count="0" type="stmt"/>
            <line falsecount="0" truecount="0" num="74" type="cond"/>
            <line num="75" count="0" type="stmt"/>
            <line num="77" count="0" type="stmt"/>
            <line num="79" count="0" type="stmt"/>
            <line complexity="9" visibility="public" signature="compareTo(YamlNode) : int" num="94" count="0" type="method"/>
            <line num="96" count="0" type="stmt"/>
            <line num="97" count="0" type="stmt"/>
            <line falsecount="0" truecount="0" num="97" type="cond"/>
            <line num="98" count="0" type="stmt"/>
            <line num="99" count="0" type="stmt"/>
            <line falsecount="0" truecount="0" num="99" type="cond"/>
            <line num="100" count="0" type="stmt"/>
            <line num="101" count="0" type="stmt"/>
            <line falsecount="0" truecount="0" num="101" type="cond"/>
            <line num="102" count="0" type="stmt"/>
            <line num="103" count="0" type="stmt"/>
            <line num="104" count="0" type="stmt"/>
            <line falsecount="0" truecount="0" num="104" type="cond"/>
            <line num="105" count="0" type="stmt"/>
            <line num="106" count="0" type="stmt"/>
            <line falsecount="0" truecount="0" num="106" type="cond"/>
            <line num="107" count="0" type="stmt"/>
            <line num="108" count="0" type="stmt"/>
            <line falsecount="0" truecount="0" num="108" type="cond"/>
            <line num="109" count="0" type="stmt"/>
            <line num="111" count="0" type="stmt"/>
            <line num="114" count="0" type="stmt"/>
            <line complexity="1" visibility="public" signature="isEmpty() : boolean" num="117" count="0" type="method"/>
            <line num="119" count="0" type="stmt"/>
         </file>
         <file path="/Users/meganm/Repos/SlicingComparison/maven-project-sampling/stats_working_dir/decorators-squad_eo-yaml/src/main/java/com/amihaiemil/eoyaml/BaseYamlMapping.java" name="BaseYamlMapping.java">
            <metrics coveredelements="0" coveredconditionals="0" complexity="18" loc="161" coveredmethods="0" methods="7" elements="69" classes="1" ncloc="80" statements="44" conditionals="18" coveredstatements="0"/>
            <class name="BaseYamlMapping">
               <metrics coveredelements="0" coveredconditionals="0" complexity="18" coveredmethods="0" methods="7" elements="69" statements="44" conditionals="18" coveredstatements="0"/>
            </class>
            <line complexity="1" visibility="protected" signature="BaseYamlMapping()" num="50" count="0" type="method"/>
            <line num="51" count="0" type="stmt"/>
            <line complexity="1" visibility="protected" signature="BaseYamlMapping(boolean)" num="59" count="0" type="method"/>
            <line num="60" count="0" type="stmt"/>
            <line complexity="1" visibility="public" signature="type() : Node" num="63" count="0" type="method"/>
            <line num="65" count="0" type="stmt"/>
            <line complexity="1" visibility="public" signature="hashCode() : int" num="68" count="0" type="method"/>
            <line num="70" count="0" type="stmt"/>
            <line num="71" count="0" type="stmt"/>
            <line num="72" count="0" type="stmt"/>
            <line num="74" count="0" type="stmt"/>
            <line num="75" count="0" type="stmt"/>
            <line num="77" count="0" type="stmt"/>
            <line complexity="4" visibility="public" signature="equals(Object) : boolean" num="86" count="0" type="method"/>
            <line num="88" count="0" type="stmt"/>
            <line num="89" count="0" type="stmt"/>
            <line falsecount="0" truecount="0" num="89" type="cond"/>
            <line num="90" count="0" type="stmt"/>
            <line num="91" count="0" type="stmt"/>
            <line falsecount="0" truecount="0" num="91" type="cond"/>
            <line num="92" count="0" type="stmt"/>
            <line num="94" count="0" type="stmt"/>
            <line num="96" count="0" type="stmt"/>
            <line complexity="9" visibility="public" signature="compareTo(YamlNode) : int" num="118" count="0" type="method"/>
            <line num="120" count="0" type="stmt"/>
            <line num="121" count="0" type="stmt"/>
            <line falsecount="0" truecount="0" num="121" type="cond"/>
            <line num="122" count="0" type="stmt"/>
            <line num="123" count="0" type="stmt"/>
            <line falsecount="0" truecount="0" num="123" type="cond"/>
            <line num="124" count="0" type="stmt"/>
            <line num="125" count="0" type="stmt"/>
            <line num="126" count="0" type="stmt"/>
            <line num="127" count="0" type="stmt"/>
            <line falsecount="0" truecount="0" num="127" type="cond"/>
            <line num="128" count="0" type="stmt"/>
            <line num="129" count="0" type="stmt"/>
            <line falsecount="0" truecount="0" num="129" type="cond"/>
            <line num="130" count="0" type="stmt"/>
            <line num="132" count="0" type="stmt"/>
            <line num="133" count="0" type="stmt"/>
            <line num="134" count="0" type="stmt"/>
            <line num="135" count="0" type="stmt"/>
            <line num="136" count="0" type="stmt"/>
            <line num="137" count="0" type="stmt"/>
            <line num="138" count="0" type="stmt"/>
            <line falsecount="0" truecount="0" num="138" type="cond"/>
            <line num="139" count="0" type="stmt"/>
            <line num="141" count="0" type="stmt"/>
            <line num="143" count="0" type="stmt"/>
            <line falsecount="0" truecount="0" num="143" type="cond"/>
            <line num="144" count="0" type="stmt"/>
            <line num="145" count="0" type="stmt"/>
            <line num="147" count="0" type="stmt"/>
            <line falsecount="0" truecount="0" num="147" type="cond"/>
            <line num="148" count="0" type="stmt"/>
            <line num="149" count="0" type="stmt"/>
            <line num="154" count="0" type="stmt"/>
            <line complexity="1" visibility="public" signature="isEmpty() : boolean" num="157" count="0" type="method"/>
            <line num="159" count="0" type="stmt"/>
         </file>
         <file path="/Users/meganm/Repos/SlicingComparison/maven-project-sampling/stats_working_dir/decorators-squad_eo-yaml/src/main/java/com/amihaiemil/eoyaml/BaseYamlNode.java" name="BaseYamlNode.java">
            <metrics coveredelements="0" coveredconditionals="0" complexity="10" loc="130" coveredmethods="0" methods="8" elements="25" classes="1" ncloc="59" statements="15" conditionals="2" coveredstatements="0"/>
            <class name="BaseYamlNode">
               <metrics coveredelements="0" coveredconditionals="0" complexity="10" coveredmethods="0" methods="8" elements="25" statements="15" conditionals="2" coveredstatements="0"/>
            </class>
            <line complexity="1" visibility="package" signature="BaseYamlNode()" num="59" count="0" type="method"/>
            <line num="60" count="0" type="stmt"/>
            <line complexity="1" visibility="package" signature="BaseYamlNode(boolean)" num="68" count="0" type="method"/>
            <line num="69" count="0" type="stmt"/>
            <line complexity="1" visibility="public" signature="asScalar() : Scalar" num="72" count="0" type="method"/>
            <line num="75" count="0" type="stmt"/>
            <line complexity="1" visibility="public" signature="asMapping() : YamlMapping" num="78" count="0" type="method"/>
            <line num="81" count="0" type="stmt"/>
            <line complexity="1" visibility="public" signature="asSequence() : YamlSequence" num="84" count="0" type="method"/>
            <line num="87" count="0" type="stmt"/>
            <line complexity="1" visibility="public" signature="asStream() : YamlStream" num="90" count="0" type="method"/>
            <line num="93" count="0" type="stmt"/>
            <line complexity="2" visibility="public" signature="asClass(Class&lt;T&gt;,Node) : T" num="96" count="0" type="method"/>
            <line num="100" count="0" type="stmt"/>
            <line falsecount="0" truecount="0" num="100" type="cond"/>
            <line num="101" count="0" type="stmt"/>
            <line num="104" count="0" type="stmt"/>
            <line complexity="2" visibility="public" signature="toString() : String" num="115" count="0" type="method"/>
            <line num="117" count="0" type="stmt"/>
            <line num="118" count="0" type="stmt"/>
            <line num="121" count="0" type="stmt"/>
            <line num="122" count="0" type="stmt"/>
            <line num="123" count="0" type="stmt"/>
            <line num="125" count="0" type="stmt"/>
         </file>
         <file path="/Users/meganm/Repos/SlicingComparison/maven-project-sampling/stats_working_dir/decorators-squad_eo-yaml/src/main/java/com/amihaiemil/eoyaml/BaseYamlSequence.java" name="BaseYamlSequence.java">
            <metrics coveredelements="0" coveredconditionals="0" complexity="18" loc="147" coveredmethods="0" methods="7" elements="59" classes="1" ncloc="66" statements="34" conditionals="18" coveredstatements="0"/>
            <class name="BaseYamlSequence">
               <metrics coveredelements="0" coveredconditionals="0" complexity="18" coveredmethods="0" methods="7" elements="59" statements="34" conditionals="18" coveredstatements="0"/>
            </class>
            <line complexity="1" visibility="protected" signature="BaseYamlSequence()" num="49" count="0" type="method"/>
            <line num="50" count="0" type="stmt"/>
            <line complexity="1" visibility="protected" signature="BaseYamlSequence(boolean)" num="58" count="0" type="method"/>
            <line num="59" count="0" type="stmt"/>
            <line complexity="1" visibility="public" signature="type() : Node" num="62" count="0" type="method"/>
            <line num="64" count="0" type="stmt"/>
            <line complexity="1" visibility="public" signature="hashCode() : int" num="67" count="0" type="method"/>
            <line num="69" count="0" type="stmt"/>
            <line num="70" count="0" type="stmt"/>
            <line num="71" count="0" type="stmt"/>
            <line num="73" count="0" type="stmt"/>
            <line complexity="4" visibility="public" signature="equals(Object) : boolean" num="82" count="0" type="method"/>
            <line num="84" count="0" type="stmt"/>
            <line num="85" count="0" type="stmt"/>
            <line falsecount="0" truecount="0" num="85" type="cond"/>
            <line num="86" count="0" type="stmt"/>
            <line num="87" count="0" type="stmt"/>
            <line falsecount="0" truecount="0" num="87" type="cond"/>
            <line num="88" count="0" type="stmt"/>
            <line num="90" count="0" type="stmt"/>
            <line num="92" count="0" type="stmt"/>
            <line complexity="9" visibility="public" signature="compareTo(YamlNode) : int" num="115" count="0" type="method"/>
            <line num="117" count="0" type="stmt"/>
            <line num="118" count="0" type="stmt"/>
            <line falsecount="0" truecount="0" num="118" type="cond"/>
            <line num="119" count="0" type="stmt"/>
            <line num="120" count="0" type="stmt"/>
            <line falsecount="0" truecount="0" num="120" type="cond"/>
            <line num="121" count="0" type="stmt"/>
            <line num="122" count="0" type="stmt"/>
            <line falsecount="0" truecount="0" num="122" type="cond"/>
            <line num="123" count="0" type="stmt"/>
            <line num="124" count="0" type="stmt"/>
            <line num="125" count="0" type="stmt"/>
            <line falsecount="0" truecount="0" num="125" type="cond"/>
            <line num="126" count="0" type="stmt"/>
            <line num="127" count="0" type="stmt"/>
            <line falsecount="0" truecount="0" num="127" type="cond"/>
            <line num="128" count="0" type="stmt"/>
            <line num="130" count="0" type="stmt"/>
            <line num="131" count="0" type="stmt"/>
            <line num="132" count="0" type="stmt"/>
            <line falsecount="0" truecount="0" num="132" type="cond"/>
            <line num="133" count="0" type="stmt"/>
            <line num="134" count="0" type="stmt"/>
            <line falsecount="0" truecount="0" num="134" type="cond"/>
            <line num="135" count="0" type="stmt"/>
            <line num="140" count="0" type="stmt"/>
            <line complexity="1" visibility="public" signature="isEmpty() : boolean" num="143" count="0" type="method"/>
            <line num="145" count="0" type="stmt"/>
         </file>
         <file path="/Users/meganm/Repos/SlicingComparison/maven-project-sampling/stats_working_dir/decorators-squad_eo-yaml/src/main/java/com/amihaiemil/eoyaml/BaseYamlStream.java" name="BaseYamlStream.java">
            <metrics coveredelements="0" coveredconditionals="0" complexity="17" loc="132" coveredmethods="0" methods="5" elements="59" classes="1" ncloc="62" statements="34" conditionals="20" coveredstatements="0"/>
            <class name="BaseYamlStream">
               <metrics coveredelements="0" coveredconditionals="0" complexity="17" coveredmethods="0" methods="5" elements="59" statements="34" conditionals="20" coveredstatements="0"/>
            </class>
            <line complexity="1" visibility="public" signature="type() : Node" num="46" count="0" type="method"/>
            <line num="48" count="0" type="stmt"/>
            <line complexity="1" visibility="public" signature="hashCode() : int" num="51" count="0" type="method"/>
            <line num="53" count="0" type="stmt"/>
            <line num="54" count="0" type="stmt"/>
            <line num="55" count="0" type="stmt"/>
            <line num="57" count="0" type="stmt"/>
            <line complexity="4" visibility="public" signature="equals(Object) : boolean" num="66" count="0" type="method"/>
            <line num="68" count="0" type="stmt"/>
            <line num="69" count="0" type="stmt"/>
            <line falsecount="0" truecount="0" num="69" type="cond"/>
            <line num="70" count="0" type="stmt"/>
            <line num="71" count="0" type="stmt"/>
            <line falsecount="0" truecount="0" num="71" type="cond"/>
            <line num="72" count="0" type="stmt"/>
            <line num="74" count="0" type="stmt"/>
            <line num="76" count="0" type="stmt"/>
            <line complexity="10" visibility="public" signature="compareTo(YamlNode) : int" num="98" count="0" type="method"/>
            <line num="100" count="0" type="stmt"/>
            <line num="101" count="0" type="stmt"/>
            <line falsecount="0" truecount="0" num="101" type="cond"/>
            <line num="102" count="0" type="stmt"/>
            <line num="103" count="0" type="stmt"/>
            <line falsecount="0" truecount="0" num="103" type="cond"/>
            <line num="104" count="0" type="stmt"/>
            <line num="105" count="0" type="stmt"/>
            <line falsecount="0" truecount="0" num="105" type="cond"/>
            <line num="106" count="0" type="stmt"/>
            <line num="107" count="0" type="stmt"/>
            <line falsecount="0" truecount="0" num="107" type="cond"/>
            <line num="108" count="0" type="stmt"/>
            <line num="109" count="0" type="stmt"/>
            <line num="110" count="0" type="stmt"/>
            <line falsecount="0" truecount="0" num="110" type="cond"/>
            <line num="111" count="0" type="stmt"/>
            <line num="112" count="0" type="stmt"/>
            <line falsecount="0" truecount="0" num="112" type="cond"/>
            <line num="113" count="0" type="stmt"/>
            <line num="115" count="0" type="stmt"/>
            <line num="116" count="0" type="stmt"/>
            <line num="117" count="0" type="stmt"/>
            <line falsecount="0" truecount="0" num="117" type="cond"/>
            <line num="118" count="0" type="stmt"/>
            <line num="119" count="0" type="stmt"/>
            <line falsecount="0" truecount="0" num="119" type="cond"/>
            <line num="120" count="0" type="stmt"/>
            <line num="125" count="0" type="stmt"/>
            <line complexity="1" visibility="public" signature="isEmpty() : boolean" num="128" count="0" type="method"/>
            <line num="130" count="0" type="stmt"/>
         </file>
         <file path="/Users/meganm/Repos/SlicingComparison/maven-project-sampling/stats_working_dir/decorators-squad_eo-yaml/src/main/java/com/amihaiemil/eoyaml/BuiltComment.java" name="BuiltComment.java">
            <metrics coveredelements="0" coveredconditionals="0" complexity="3" loc="67" coveredmethods="0" methods="3" elements="7" classes="1" ncloc="17" statements="4" conditionals="0" coveredstatements="0"/>
            <class name="BuiltComment">
               <metrics coveredelements="0" coveredconditionals="0" complexity="3" coveredmethods="0" methods="3" elements="7" statements="4" conditionals="0" coveredstatements="0"/>
            </class>
            <line complexity="1" visibility="package" signature="BuiltComment(YamlNode,String)" num="53" count="0" type="method"/>
            <line num="54" count="0" type="stmt"/>
            <line num="55" count="0" type="stmt"/>
            <line complexity="1" visibility="public" signature="yamlNode() : YamlNode" num="58" count="0" type="method"/>
            <line num="60" count="0" type="stmt"/>
            <line complexity="1" visibility="public" signature="value() : String" num="63" count="0" type="method"/>
            <line num="65" count="0" type="stmt"/>
         </file>
         <file path="/Users/meganm/Repos/SlicingComparison/maven-project-sampling/stats_working_dir/decorators-squad_eo-yaml/src/main/java/com/amihaiemil/eoyaml/BuiltComments.java" name="BuiltComments.java">
            <metrics coveredelements="0" coveredconditionals="0" complexity="5" loc="77" coveredmethods="0" methods="3" elements="17" classes="1" ncloc="27" statements="10" conditionals="4" coveredstatements="0"/>
            <class name="BuiltComments">
               <metrics coveredelements="0" coveredconditionals="0" complexity="5" coveredmethods="0" methods="3" elements="17" statements="10" conditionals="4" coveredstatements="0"/>
            </class>
            <line complexity="1" visibility="package" signature="BuiltComments(List&lt;Comment&gt;)" num="54" count="0" type="method"/>
            <line num="55" count="0" type="stmt"/>
            <line complexity="1" visibility="public" signature="iterator() : Iterator&lt;Comment&gt;" num="58" count="0" type="method"/>
            <line num="60" count="0" type="stmt"/>
            <line complexity="3" visibility="public" signature="referringTo(YamlNode) : Comment" num="63" count="0" type="method"/>
            <line num="65" count="0" type="stmt"/>
            <line num="66" count="0" type="stmt"/>
            <line num="67" count="0" type="stmt"/>
            <line falsecount="0" truecount="0" num="67" type="cond"/>
            <line num="68" count="0" type="stmt"/>
            <line num="69" count="0" type="stmt"/>
            <line num="72" count="0" type="stmt"/>
            <line falsecount="0" truecount="0" num="72" type="cond"/>
            <line num="73" count="0" type="stmt"/>
            <line num="75" count="0" type="stmt"/>
         </file>
         <file path="/Users/meganm/Repos/SlicingComparison/maven-project-sampling/stats_working_dir/decorators-squad_eo-yaml/src/main/java/com/amihaiemil/eoyaml/CollapsedFlowLines.java" name="CollapsedFlowLines.java">
            <metrics coveredelements="0" coveredconditionals="0" complexity="20" loc="171" coveredmethods="0" methods="4" elements="61" classes="1" ncloc="80" statements="39" conditionals="18" coveredstatements="0"/>
            <class name="CollapsedFlowLines">
               <metrics coveredelements="0" coveredconditionals="0" complexity="20" coveredmethods="0" methods="4" elements="61" statements="39" conditionals="18" coveredstatements="0"/>
            </class>
            <line complexity="1" visibility="package" signature="CollapsedFlowLines(YamlLines,char,char)" num="88" count="0" type="method"/>
            <line num="93" count="0" type="stmt"/>
            <line num="94" count="0" type="stmt"/>
            <line num="95" count="0" type="stmt"/>
            <line complexity="1" visibility="public" signature="nextYamlNode(YamlLine) : YamlNode" num="98" count="0" type="method"/>
            <line num="100" count="0" type="stmt"/>
            <line complexity="16" visibility="public" signature="iterator() : Iterator&lt;YamlLine&gt;" num="103" count="0" type="method"/>
            <line num="105" count="0" type="stmt"/>
            <line num="106" count="0" type="stmt"/>
            <line num="107" count="0" type="stmt"/>
            <line num="108" count="0" type="stmt"/>
            <line num="109" count="0" type="stmt"/>
            <line num="110" count="0" type="stmt"/>
            <line num="111" count="0" type="stmt"/>
            <line num="112" count="0" type="stmt"/>
            <line num="113" count="0" type="stmt"/>
            <line falsecount="0" truecount="0" num="113" type="cond"/>
            <line num="114" count="0" type="stmt"/>
            <line num="115" count="0" type="stmt"/>
            <line falsecount="0" truecount="0" num="115" type="cond"/>
            <line num="117" count="0" type="stmt"/>
            <line num="118" count="0" type="stmt"/>
            <line falsecount="0" truecount="0" num="118" type="cond"/>
            <line num="120" count="0" type="stmt"/>
            <line num="121" count="0" type="stmt"/>
            <line num="123" count="0" type="stmt"/>
            <line falsecount="0" truecount="0" num="123" type="cond"/>
            <line num="124" count="0" type="stmt"/>
            <line num="125" count="0" type="stmt"/>
            <line falsecount="0" truecount="0" num="125" type="cond"/>
            <line num="126" count="0" type="stmt"/>
            <line num="129" count="0" type="stmt"/>
            <line falsecount="0" truecount="0" num="129" type="cond"/>
            <line num="130" count="0" type="stmt"/>
            <line num="131" count="0" type="stmt"/>
            <line falsecount="0" truecount="0" num="131" type="cond"/>
            <line num="132" count="0" type="stmt"/>
            <line num="133" count="0" type="stmt"/>
            <line num="134" count="0" type="stmt"/>
            <line num="135" count="0" type="stmt"/>
            <line num="137" count="0" type="stmt"/>
            <line num="141" count="0" type="stmt"/>
            <line falsecount="0" truecount="0" num="141" type="cond"/>
            <line num="142" count="0" type="stmt"/>
            <line num="149" count="0" type="stmt"/>
            <line complexity="2" visibility="private" signature="isEscapeChar(int,char,String) : boolean" num="160" count="0" type="method"/>
            <line num="163" count="0" type="stmt"/>
            <line num="164" count="0" type="stmt"/>
            <line falsecount="0" truecount="0" num="164" type="cond"/>
            <line num="165" count="0" type="stmt"/>
            <line num="167" count="0" type="stmt"/>
            <line num="169" count="0" type="stmt"/>
         </file>
         <file path="/Users/meganm/Repos/SlicingComparison/maven-project-sampling/stats_working_dir/decorators-squad_eo-yaml/src/main/java/com/amihaiemil/eoyaml/CollapsedYamlLine.java" name="CollapsedYamlLine.java">
            <metrics coveredelements="0" coveredconditionals="0" complexity="7" loc="87" coveredmethods="0" methods="5" elements="22" classes="1" ncloc="39" statements="13" conditionals="4" coveredstatements="0"/>
            <class name="CollapsedYamlLine">
               <metrics coveredelements="0" coveredconditionals="0" complexity="7" coveredmethods="0" methods="5" elements="22" statements="13" conditionals="4" coveredstatements="0"/>
            </class>
            <line complexity="1" visibility="package" signature="CollapsedYamlLine(List&lt;YamlLine&gt;)" num="50" count="0" type="method"/>
            <line num="51" count="0" type="stmt"/>
            <line complexity="1" visibility="public" signature="value() : String" num="54" count="0" type="method"/>
            <line num="56" count="0" type="stmt"/>
            <line complexity="2" visibility="public" signature="number() : int" num="61" count="0" type="method"/>
            <line num="63" count="0" type="stmt"/>
            <line num="64" count="0" type="stmt"/>
            <line falsecount="0" truecount="0" num="64" type="cond"/>
            <line num="65" count="0" type="stmt"/>
            <line num="67" count="0" type="stmt"/>
            <line num="69" count="0" type="stmt"/>
            <line complexity="2" visibility="public" signature="indentation() : int" num="72" count="0" type="method"/>
            <line num="74" count="0" type="stmt"/>
            <line num="75" count="0" type="stmt"/>
            <line falsecount="0" truecount="0" num="75" type="cond"/>
            <line num="76" count="0" type="stmt"/>
            <line num="78" count="0" type="stmt"/>
            <line num="80" count="0" type="stmt"/>
            <line complexity="1" visibility="public" signature="toString() : String" num="83" count="0" type="method"/>
            <line num="85" count="0" type="stmt"/>
         </file>
         <file path="/Users/meganm/Repos/SlicingComparison/maven-project-sampling/stats_working_dir/decorators-squad_eo-yaml/src/main/java/com/amihaiemil/eoyaml/Comment.java" name="Comment.java">
            <metrics coveredelements="0" coveredconditionals="0" complexity="0" loc="53" coveredmethods="0" methods="0" elements="0" classes="1" ncloc="5" statements="0" conditionals="0" coveredstatements="0"/>
            <class name="Comment">
               <metrics coveredelements="0" coveredconditionals="0" complexity="0" coveredmethods="0" methods="0" elements="0" statements="0" conditionals="0" coveredstatements="0"/>
            </class>
         </file>
         <file path="/Users/meganm/Repos/SlicingComparison/maven-project-sampling/stats_working_dir/decorators-squad_eo-yaml/src/main/java/com/amihaiemil/eoyaml/Comments.java" name="Comments.java">
            <metrics coveredelements="0" coveredconditionals="0" complexity="3" loc="84" coveredmethods="0" methods="3" elements="6" classes="2" ncloc="23" statements="3" conditionals="0" coveredstatements="0"/>
            <class name="Comments">
               <metrics coveredelements="0" coveredconditionals="0" complexity="1" coveredmethods="0" methods="1" elements="2" statements="1" conditionals="0" coveredstatements="0"/>
            </class>
            <class name="Comments.Empty">
               <metrics coveredelements="0" coveredconditionals="0" complexity="2" coveredmethods="0" methods="2" elements="4" statements="2" conditionals="0" coveredstatements="0"/>
            </class>
            <line complexity="1" visibility="package" signature="referringTo(String) : Comment" num="49" count="0" type="method"/>
            <line num="50" count="0" type="stmt"/>
            <line complexity="1" visibility="public" signature="referringTo(YamlNode) : Comment" num="73" count="0" type="method"/>
            <line num="75" count="0" type="stmt"/>
            <line complexity="1" visibility="public" signature="iterator() : Iterator&lt;Comment&gt;" num="78" count="0" type="method"/>
            <line num="80" count="0" type="stmt"/>
         </file>
         <file path="/Users/meganm/Repos/SlicingComparison/maven-project-sampling/stats_working_dir/decorators-squad_eo-yaml/src/main/java/com/amihaiemil/eoyaml/Concatenated.java" name="Concatenated.java">
            <metrics coveredelements="0" coveredconditionals="0" complexity="7" loc="94" coveredmethods="0" methods="5" elements="23" classes="1" ncloc="41" statements="14" conditionals="4" coveredstatements="0"/>
            <class name="Concatenated">
               <metrics coveredelements="0" coveredconditionals="0" complexity="7" coveredmethods="0" methods="5" elements="23" statements="14" conditionals="4" coveredstatements="0"/>
            </class>
            <line complexity="1" visibility="package" signature="Concatenated(Comment,Comment)" num="53" count="0" type="method"/>
            <line num="57" count="0" type="stmt"/>
            <line num="58" count="0" type="stmt"/>
            <line complexity="1" visibility="public" signature="yamlNode() : YamlNode" num="61" count="0" type="method"/>
            <line num="63" count="0" type="stmt"/>
            <line complexity="3" visibility="public" signature="value() : String" num="66" count="0" type="method"/>
            <line num="68" count="0" type="stmt"/>
            <line num="69" count="0" type="stmt"/>
            <line num="70" count="0" type="stmt"/>
            <line num="72" count="0" type="stmt"/>
            <line falsecount="0" truecount="0" num="72" type="cond"/>
            <line num="73" count="0" type="stmt"/>
            <line num="74" count="0" type="stmt"/>
            <line falsecount="0" truecount="0" num="74" type="cond"/>
            <line num="75" count="0" type="stmt"/>
            <line num="77" count="0" type="stmt"/>
            <line num="82" count="0" type="stmt"/>
            <line complexity="1" visibility="public" signature="above() : Comment" num="85" count="0" type="method"/>
            <line num="87" count="0" type="stmt"/>
            <line complexity="1" visibility="public" signature="inline() : Comment" num="90" count="0" type="method"/>
            <line num="92" count="0" type="stmt"/>
         </file>
         <file path="/Users/meganm/Repos/SlicingComparison/maven-project-sampling/stats_working_dir/decorators-squad_eo-yaml/src/main/java/com/amihaiemil/eoyaml/Edited.java" name="Edited.java">
            <metrics coveredelements="0" coveredconditionals="0" complexity="4" loc="72" coveredmethods="0" methods="4" elements="9" classes="1" ncloc="21" statements="5" conditionals="0" coveredstatements="0"/>
            <class name="Edited">
               <metrics coveredelements="0" coveredconditionals="0" complexity="4" coveredmethods="0" methods="4" elements="9" statements="5" conditionals="0" coveredstatements="0"/>
            </class>
            <line complexity="1" visibility="package" signature="Edited(String,YamlLine)" num="53" count="0" type="method"/>
            <line num="54" count="0" type="stmt"/>
            <line num="55" count="0" type="stmt"/>
            <line complexity="1" visibility="public" signature="value() : String" num="58" count="0" type="method"/>
            <line num="60" count="0" type="stmt"/>
            <line complexity="1" visibility="public" signature="number() : int" num="63" count="0" type="method"/>
            <line num="65" count="0" type="stmt"/>
            <line complexity="1" visibility="public" signature="indentation() : int" num="68" count="0" type="method"/>
            <line num="70" count="0" type="stmt"/>
         </file>
         <file path="/Users/meganm/Repos/SlicingComparison/maven-project-sampling/stats_working_dir/decorators-squad_eo-yaml/src/main/java/com/amihaiemil/eoyaml/EmptyYamlMapping.java" name="EmptyYamlMapping.java">
            <metrics coveredelements="0" coveredconditionals="0" complexity="8" loc="92" coveredmethods="0" methods="7" elements="20" classes="1" ncloc="39" statements="11" conditionals="2" coveredstatements="0"/>
            <class name="EmptyYamlMapping">
               <metrics coveredelements="0" coveredconditionals="0" complexity="8" coveredmethods="0" methods="7" elements="20" statements="11" conditionals="2" coveredstatements="0"/>
            </class>
            <line complexity="1" visibility="public" signature="EmptyYamlMapping()" num="50" count="0" type="method"/>
            <line num="51" count="0" type="stmt"/>
            <line complexity="1" visibility="public" signature="EmptyYamlMapping(YamlMapping)" num="58" count="0" type="method"/>
            <line num="59" count="0" type="stmt"/>
            <line complexity="1" visibility="public" signature="keys() : Set&lt;YamlNode&gt;" num="62" count="0" type="method"/>
            <line num="64" count="0" type="stmt"/>
            <line complexity="1" visibility="public" signature="value(YamlNode) : YamlNode" num="67" count="0" type="method"/>
            <line num="69" count="0" type="stmt"/>
            <line complexity="2" visibility="public" signature="comment() : Comment" num="72" count="0" type="method"/>
            <line num="74" count="0" type="stmt"/>
            <line num="75" count="0" type="stmt"/>
            <line falsecount="0" truecount="0" num="75" type="cond"/>
            <line num="76" count="0" type="stmt"/>
            <line num="78" count="0" type="stmt"/>
            <line complexity="1" visibility="public" signature="yamlNode() : YamlNode" num="79" count="0" type="method"/>
            <line num="81" count="0" type="stmt"/>
            <line complexity="1" visibility="public" signature="value() : String" num="84" count="0" type="method"/>
            <line num="86" count="0" type="stmt"/>
            <line num="90" count="0" type="stmt"/>
         </file>
         <file path="/Users/meganm/Repos/SlicingComparison/maven-project-sampling/stats_working_dir/decorators-squad_eo-yaml/src/main/java/com/amihaiemil/eoyaml/EmptyYamlSequence.java" name="EmptyYamlSequence.java">
            <metrics coveredelements="0" coveredconditionals="0" complexity="7" loc="87" coveredmethods="0" methods="6" elements="18" classes="1" ncloc="35" statements="10" conditionals="2" coveredstatements="0"/>
            <class name="EmptyYamlSequence">
               <metrics coveredelements="0" coveredconditionals="0" complexity="7" coveredmethods="0" methods="6" elements="18" statements="10" conditionals="2" coveredstatements="0"/>
            </class>
            <line complexity="1" visibility="public" signature="EmptyYamlSequence()" num="50" count="0" type="method"/>
            <line num="51" count="0" type="stmt"/>
            <line complexity="1" visibility="public" signature="EmptyYamlSequence(YamlSequence)" num="58" count="0" type="method"/>
            <line num="59" count="0" type="stmt"/>
            <line complexity="1" visibility="public" signature="values() : Collection&lt;YamlNode&gt;" num="62" count="0" type="method"/>
            <line num="64" count="0" type="stmt"/>
            <line complexity="2" visibility="public" signature="comment() : Comment" num="67" count="0" type="method"/>
            <line num="69" count="0" type="stmt"/>
            <line num="70" count="0" type="stmt"/>
            <line falsecount="0" truecount="0" num="70" type="cond"/>
            <line num="71" count="0" type="stmt"/>
            <line num="73" count="0" type="stmt"/>
            <line complexity="1" visibility="public" signature="yamlNode() : YamlNode" num="74" count="0" type="method"/>
            <line num="76" count="0" type="stmt"/>
            <line complexity="1" visibility="public" signature="value() : String" num="79" count="0" type="method"/>
            <line num="81" count="0" type="stmt"/>
            <line num="85" count="0" type="stmt"/>
         </file>
         <file path="/Users/meganm/Repos/SlicingComparison/maven-project-sampling/stats_working_dir/decorators-squad_eo-yaml/src/main/java/com/amihaiemil/eoyaml/FirstCommentFound.java" name="FirstCommentFound.java">
            <metrics coveredelements="0" coveredconditionals="0" complexity="17" loc="148" coveredmethods="0" methods="6" elements="59" classes="1" ncloc="67" statements="35" conditionals="18" coveredstatements="0"/>
            <class name="FirstCommentFound">
               <metrics coveredelements="0" coveredconditionals="0" complexity="17" coveredmethods="0" methods="6" elements="59" statements="35" conditionals="18" coveredstatements="0"/>
            </class>
            <line complexity="1" visibility="package" signature="FirstCommentFound(YamlLines)" num="60" count="0" type="method"/>
            <line num="61" count="0" type="stmt"/>
            <line complexity="1" visibility="package" signature="FirstCommentFound(YamlLines,boolean)" num="70" count="0" type="method"/>
            <line num="71" count="0" type="stmt"/>
            <line num="72" count="0" type="stmt"/>
            <line complexity="2" visibility="public" signature="iterator() : Iterator&lt;YamlLine&gt;" num="79" count="0" type="method"/>
            <line num="81" count="0" type="stmt"/>
            <line num="82" count="0" type="stmt"/>
            <line falsecount="0" truecount="0" num="82" type="cond"/>
            <line num="83" count="0" type="stmt"/>
            <line num="85" count="0" type="stmt"/>
            <line num="87" count="0" type="stmt"/>
            <line complexity="1" visibility="public" signature="nextYamlNode(YamlLine) : YamlNode" num="90" count="0" type="method"/>
            <line num="92" count="0" type="stmt"/>
            <line complexity="5" visibility="private" signature="nodeComment() : Iterator&lt;YamlLine&gt;" num="104" count="0" type="method"/>
            <line num="105" count="0" type="stmt"/>
            <line num="106" count="0" type="stmt"/>
            <line num="107" count="0" type="stmt"/>
            <line falsecount="0" truecount="0" num="107" type="cond"/>
            <line num="108" count="0" type="stmt"/>
            <line num="109" count="0" type="stmt"/>
            <line num="110" count="0" type="stmt"/>
            <line num="111" count="0" type="stmt"/>
            <line falsecount="0" truecount="0" num="111" type="cond"/>
            <line num="112" count="0" type="stmt"/>
            <line num="114" count="0" type="stmt"/>
            <line num="117" count="0" type="stmt"/>
            <line num="118" count="0" type="stmt"/>
            <line complexity="7" visibility="private" signature="documentComment() : Iterator&lt;YamlLine&gt;" num="126" count="0" type="method"/>
            <line num="127" count="0" type="stmt"/>
            <line num="128" count="0" type="stmt"/>
            <line num="129" count="0" type="stmt"/>
            <line falsecount="0" truecount="0" num="129" type="cond"/>
            <line num="130" count="0" type="stmt"/>
            <line num="131" count="0" type="stmt"/>
            <line falsecount="0" truecount="0" num="131" type="cond"/>
            <line num="132" count="0" type="stmt"/>
            <line falsecount="0" truecount="0" num="132" type="cond"/>
            <line num="133" count="0" type="stmt"/>
            <line num="134" count="0" type="stmt"/>
            <line falsecount="0" truecount="0" num="134" type="cond"/>
            <line num="135" count="0" type="stmt"/>
            <line falsecount="0" truecount="0" num="135" type="cond"/>
            <line num="136" count="0" type="stmt"/>
            <line num="138" count="0" type="stmt"/>
            <line falsecount="0" truecount="0" num="138" type="cond"/>
            <line num="139" count="0" type="stmt"/>
            <line num="142" count="0" type="stmt"/>
            <line num="145" count="0" type="stmt"/>
            <line num="146" count="0" type="stmt"/>
         </file>
         <file path="/Users/meganm/Repos/SlicingComparison/maven-project-sampling/stats_working_dir/decorators-squad_eo-yaml/src/main/java/com/amihaiemil/eoyaml/Follows.java" name="Follows.java">
            <metrics coveredelements="0" coveredconditionals="0" complexity="1" loc="83" coveredmethods="0" methods="1" elements="1" classes="1" ncloc="8" statements="0" conditionals="0" coveredstatements="0"/>
            <class name="Follows">
               <metrics coveredelements="0" coveredconditionals="0" complexity="1" coveredmethods="0" methods="1" elements="1" statements="0" conditionals="0" coveredstatements="0"/>
            </class>
            <line complexity="1" visibility="private" signature="Follows()" num="42" count="0" type="method"/>
         </file>
         <file path="/Users/meganm/Repos/SlicingComparison/maven-project-sampling/stats_working_dir/decorators-squad_eo-yaml/src/main/java/com/amihaiemil/eoyaml/GreaterIndentation.java" name="GreaterIndentation.java">
            <metrics coveredelements="0" coveredconditionals="0" complexity="7" loc="96" coveredmethods="0" methods="3" elements="25" classes="1" ncloc="35" statements="14" conditionals="8" coveredstatements="0"/>
            <class name="GreaterIndentation">
               <metrics coveredelements="0" coveredconditionals="0" complexity="7" coveredmethods="0" methods="3" elements="25" statements="14" conditionals="8" coveredstatements="0"/>
            </class>
            <line complexity="1" visibility="package" signature="GreaterIndentation(YamlLine,YamlLines)" num="59" count="0" type="method"/>
            <line num="60" count="0" type="stmt"/>
            <line num="61" count="0" type="stmt"/>
            <line complexity="5" visibility="public" signature="iterator() : Iterator&lt;YamlLine&gt;" num="72" count="0" type="method"/>
            <line num="74" count="0" type="stmt"/>
            <line num="75" count="0" type="stmt"/>
            <line falsecount="0" truecount="0" num="75" type="cond"/>
            <line num="76" count="0" type="stmt"/>
            <line num="77" count="0" type="stmt"/>
            <line falsecount="0" truecount="0" num="77" type="cond"/>
            <line num="78" count="0" type="stmt"/>
            <line num="79" count="0" type="stmt"/>
            <line falsecount="0" truecount="0" num="79" type="cond"/>
            <line num="80" count="0" type="stmt"/>
            <line num="81" count="0" type="stmt"/>
            <line falsecount="0" truecount="0" num="82" type="cond"/>
            <line num="84" count="0" type="stmt"/>
            <line num="87" count="0" type="stmt"/>
            <line num="89" count="0" type="stmt"/>
            <line complexity="1" visibility="public" signature="nextYamlNode(YamlLine) : YamlNode" num="92" count="0" type="method"/>
            <line num="94" count="0" type="stmt"/>
         </file>
         <file path="/Users/meganm/Repos/SlicingComparison/maven-project-sampling/stats_working_dir/decorators-squad_eo-yaml/src/main/java/com/amihaiemil/eoyaml/Indented.java" name="Indented.java">
            <metrics coveredelements="0" coveredconditionals="0" complexity="4" loc="73" coveredmethods="0" methods="4" elements="9" classes="1" ncloc="21" statements="5" conditionals="0" coveredstatements="0"/>
            <class name="Indented">
               <metrics coveredelements="0" coveredconditionals="0" complexity="4" coveredmethods="0" methods="4" elements="9" statements="5" conditionals="0" coveredstatements="0"/>
            </class>
            <line complexity="1" visibility="package" signature="Indented(YamlLine,int)" num="54" count="0" type="method"/>
            <line num="55" count="0" type="stmt"/>
            <line num="56" count="0" type="stmt"/>
            <line complexity="1" visibility="public" signature="value() : String" num="59" count="0" type="method"/>
            <line num="61" count="0" type="stmt"/>
            <line complexity="1" visibility="public" signature="number() : int" num="64" count="0" type="method"/>
            <line num="66" count="0" type="stmt"/>
            <line complexity="1" visibility="public" signature="indentation() : int" num="69" count="0" type="method"/>
            <line num="71" count="0" type="stmt"/>
         </file>
         <file path="/Users/meganm/Repos/SlicingComparison/maven-project-sampling/stats_working_dir/decorators-squad_eo-yaml/src/main/java/com/amihaiemil/eoyaml/InlineComment.java" name="InlineComment.java">
            <metrics coveredelements="0" coveredconditionals="0" complexity="3" loc="66" coveredmethods="0" methods="3" elements="6" classes="1" ncloc="19" statements="3" conditionals="0" coveredstatements="0"/>
            <class name="InlineComment">
               <metrics coveredelements="0" coveredconditionals="0" complexity="3" coveredmethods="0" methods="3" elements="6" statements="3" conditionals="0" coveredstatements="0"/>
            </class>
            <line complexity="1" visibility="package" signature="InlineComment(Comment)" num="51" count="0" type="method"/>
            <line num="52" count="0" type="stmt"/>
            <line complexity="1" visibility="public" signature="yamlNode() : YamlNode" num="55" count="0" type="method"/>
            <line num="57" count="0" type="stmt"/>
            <line complexity="1" visibility="public" signature="value() : String" num="60" count="0" type="method"/>
            <line num="62" count="0" type="stmt"/>
         </file>
         <file path="/Users/meganm/Repos/SlicingComparison/maven-project-sampling/stats_working_dir/decorators-squad_eo-yaml/src/main/java/com/amihaiemil/eoyaml/JsonYamlDump.java" name="JsonYamlDump.java">
            <metrics coveredelements="0" coveredconditionals="0" complexity="5" loc="77" coveredmethods="0" methods="2" elements="20" classes="1" ncloc="30" statements="12" conditionals="6" coveredstatements="0"/>
            <class name="JsonYamlDump">
               <metrics coveredelements="0" coveredconditionals="0" complexity="5" coveredmethods="0" methods="2" elements="20" statements="12" conditionals="6" coveredstatements="0"/>
            </class>
            <line complexity="1" visibility="package" signature="JsonYamlDump(JsonValue)" num="52" count="0" type="method"/>
            <line num="53" count="0" type="stmt"/>
            <line complexity="4" visibility="public" signature="dump(String) : YamlNode" num="56" count="0" type="method"/>
            <line num="58" count="0" type="stmt"/>
            <line num="59" count="0" type="stmt"/>
            <line num="60" count="0" type="stmt"/>
            <line falsecount="0" truecount="0" num="60" type="cond"/>
            <line num="61" count="0" type="stmt"/>
            <line num="63" count="0" type="stmt"/>
            <line num="65" count="0" type="stmt"/>
            <line falsecount="0" truecount="0" num="65" type="cond"/>
            <line num="66" count="0" type="stmt"/>
            <line num="67" count="0" type="stmt"/>
            <line falsecount="0" truecount="0" num="67" type="cond"/>
            <line num="68" count="0" type="stmt"/>
            <line num="70" count="0" type="stmt"/>
            <line num="75" count="0" type="stmt"/>
         </file>
         <file path="/Users/meganm/Repos/SlicingComparison/maven-project-sampling/stats_working_dir/decorators-squad_eo-yaml/src/main/java/com/amihaiemil/eoyaml/JsonYamlMapping.java" name="JsonYamlMapping.java">
            <metrics coveredelements="0" coveredconditionals="0" complexity="7" loc="90" coveredmethods="0" methods="6" elements="22" classes="1" ncloc="41" statements="14" conditionals="2" coveredstatements="0"/>
            <class name="JsonYamlMapping">
               <metrics coveredelements="0" coveredconditionals="0" complexity="7" coveredmethods="0" methods="6" elements="22" statements="14" conditionals="2" coveredstatements="0"/>
            </class>
            <line complexity="1" visibility="package" signature="JsonYamlMapping(JsonObject)" num="51" count="0" type="method"/>
            <line num="52" count="0" type="stmt"/>
            <line num="53" count="0" type="stmt"/>
            <line complexity="1" visibility="public" signature="keys() : Set&lt;YamlNode&gt;" num="56" count="0" type="method"/>
            <line num="58" count="0" type="stmt"/>
            <line num="59" count="0" type="stmt"/>
            <line num="61" count="0" type="stmt"/>
            <line complexity="2" visibility="public" signature="value(YamlNode) : YamlNode" num="64" count="0" type="method"/>
            <line num="66" count="0" type="stmt"/>
            <line num="67" count="0" type="stmt"/>
            <line num="68" count="0" type="stmt"/>
            <line falsecount="0" truecount="0" num="68" type="cond"/>
            <line num="69" count="0" type="stmt"/>
            <line num="71" count="0" type="stmt"/>
            <line num="73" count="0" type="stmt"/>
            <line complexity="1" visibility="public" signature="comment() : Comment" num="76" count="0" type="method"/>
            <line num="78" count="0" type="stmt"/>
            <line complexity="1" visibility="public" signature="yamlNode() : YamlNode" num="79" count="0" type="method"/>
            <line num="81" count="0" type="stmt"/>
            <line complexity="1" visibility="public" signature="value() : String" num="84" count="0" type="method"/>
            <line num="86" count="0" type="stmt"/>
         </file>
         <file path="/Users/meganm/Repos/SlicingComparison/maven-project-sampling/stats_working_dir/decorators-squad_eo-yaml/src/main/java/com/amihaiemil/eoyaml/JsonYamlSequence.java" name="JsonYamlSequence.java">
            <metrics coveredelements="0" coveredconditionals="0" complexity="5" loc="77" coveredmethods="0" methods="5" elements="11" classes="1" ncloc="29" statements="6" conditionals="0" coveredstatements="0"/>
            <class name="JsonYamlSequence">
               <metrics coveredelements="0" coveredconditionals="0" complexity="5" coveredmethods="0" methods="5" elements="11" statements="6" conditionals="0" coveredstatements="0"/>
            </class>
            <line complexity="1" visibility="package" signature="JsonYamlSequence(JsonArray)" num="51" count="0" type="method"/>
            <line num="52" count="0" type="stmt"/>
            <line num="53" count="0" type="stmt"/>
            <line complexity="1" visibility="public" signature="values() : Collection&lt;YamlNode&gt;" num="56" count="0" type="method"/>
            <line num="58" count="0" type="stmt"/>
            <line complexity="1" visibility="public" signature="comment() : Comment" num="63" count="0" type="method"/>
            <line num="65" count="0" type="stmt"/>
            <line complexity="1" visibility="public" signature="yamlNode() : YamlNode" num="66" count="0" type="method"/>
            <line num="68" count="0" type="stmt"/>
            <line complexity="1" visibility="public" signature="value() : String" num="71" count="0" type="method"/>
            <line num="73" count="0" type="stmt"/>
         </file>
         <file path="/Users/meganm/Repos/SlicingComparison/maven-project-sampling/stats_working_dir/decorators-squad_eo-yaml/src/main/java/com/amihaiemil/eoyaml/MutableYamlMappingBuilder.java" name="MutableYamlMappingBuilder.java">
            <metrics coveredelements="0" coveredconditionals="0" complexity="6" loc="76" coveredmethods="0" methods="4" elements="13" classes="1" ncloc="26" statements="7" conditionals="2" coveredstatements="0"/>
            <class name="MutableYamlMappingBuilder">
               <metrics coveredelements="0" coveredconditionals="0" complexity="6" coveredmethods="0" methods="4" elements="13" statements="7" conditionals="2" coveredstatements="0"/>
            </class>
            <line complexity="1" visibility="package" signature="MutableYamlMappingBuilder()" num="49" count="0" type="method"/>
            <line num="50" count="0" type="stmt"/>
            <line complexity="1" visibility="package" signature="MutableYamlMappingBuilder(Map&lt;YamlNode, YamlNode&gt;)" num="57" count="0" type="method"/>
            <line num="58" count="0" type="stmt"/>
            <line complexity="3" visibility="public" signature="add(YamlNode,YamlNode) : YamlMappingBuilder" num="61" count="0" type="method"/>
            <line num="63" count="0" type="stmt"/>
            <line falsecount="0" truecount="0" num="63" type="cond"/>
            <line num="64" count="0" type="stmt"/>
            <line num="68" count="0" type="stmt"/>
            <line num="69" count="0" type="stmt"/>
            <line complexity="1" visibility="public" signature="build(String) : YamlMapping" num="72" count="0" type="method"/>
            <line num="74" count="0" type="stmt"/>
         </file>
         <file path="/Users/meganm/Repos/SlicingComparison/maven-project-sampling/stats_working_dir/decorators-squad_eo-yaml/src/main/java/com/amihaiemil/eoyaml/MutableYamlSequenceBuilder.java" name="MutableYamlSequenceBuilder.java">
            <metrics coveredelements="0" coveredconditionals="0" complexity="5" loc="76" coveredmethods="0" methods="5" elements="11" classes="1" ncloc="25" statements="6" conditionals="0" coveredstatements="0"/>
            <class name="MutableYamlSequenceBuilder">
               <metrics coveredelements="0" coveredconditionals="0" complexity="5" coveredmethods="0" methods="5" elements="11" statements="6" conditionals="0" coveredstatements="0"/>
            </class>
            <line complexity="1" visibility="package" signature="MutableYamlSequenceBuilder()" num="49" count="0" type="method"/>
            <line num="50" count="0" type="stmt"/>
            <line complexity="1" visibility="package" signature="MutableYamlSequenceBuilder(List&lt;YamlNode&gt;)" num="57" count="0" type="method"/>
            <line num="58" count="0" type="stmt"/>
            <line complexity="1" visibility="public" signature="add(String) : YamlSequenceBuilder" num="61" count="0" type="method"/>
            <line num="63" count="0" type="stmt"/>
            <line complexity="1" visibility="public" signature="add(YamlNode) : YamlSequenceBuilder" num="66" count="0" type="method"/>
            <line num="68" count="0" type="stmt"/>
            <line num="69" count="0" type="stmt"/>
            <line complexity="1" visibility="public" signature="build(String) : YamlSequence" num="72" count="0" type="method"/>
            <line num="74" count="0" type="stmt"/>
         </file>
         <file path="/Users/meganm/Repos/SlicingComparison/maven-project-sampling/stats_working_dir/decorators-squad_eo-yaml/src/main/java/com/amihaiemil/eoyaml/Node.java" name="Node.java">
            <metrics coveredelements="0" coveredconditionals="0" complexity="0" loc="52" coveredmethods="0" methods="0" elements="0" classes="1" ncloc="7" statements="0" conditionals="0" coveredstatements="0"/>
            <class name="Node">
               <metrics coveredelements="0" coveredconditionals="0" complexity="0" coveredmethods="0" methods="0" elements="0" statements="0" conditionals="0" coveredstatements="0"/>
            </class>
         </file>
         <file path="/Users/meganm/Repos/SlicingComparison/maven-project-sampling/stats_working_dir/decorators-squad_eo-yaml/src/main/java/com/amihaiemil/eoyaml/PlainStringScalar.java" name="PlainStringScalar.java">
            <metrics coveredelements="0" coveredconditionals="0" complexity="12" loc="127" coveredmethods="0" methods="6" elements="33" classes="1" ncloc="53" statements="19" conditionals="8" coveredstatements="0"/>
            <class name="PlainStringScalar">
               <metrics coveredelements="0" coveredconditionals="0" complexity="12" coveredmethods="0" methods="6" elements="33" statements="19" conditionals="8" coveredstatements="0"/>
            </class>
            <line complexity="1" visibility="package" signature="PlainStringScalar(String)" num="53" count="0" type="method"/>
            <line num="54" count="0" type="stmt"/>
            <line complexity="1" visibility="package" signature="PlainStringScalar(String,String)" num="62" count="0" type="method"/>
            <line num="63" count="0" type="stmt"/>
            <line complexity="1" visibility="package" signature="PlainStringScalar(String,String,String)" num="72" count="0" type="method"/>
            <line num="75" count="0" type="stmt"/>
            <line num="76" count="0" type="stmt"/>
            <line complexity="2" visibility="public" signature="value() : String" num="90" count="0" type="method"/>
            <line num="92" count="0" type="stmt"/>
            <line num="93" count="0" type="stmt"/>
            <line falsecount="0" truecount="0" num="93" type="cond"/>
            <line num="94" count="0" type="stmt"/>
            <line num="96" count="0" type="stmt"/>
            <line num="98" count="0" type="stmt"/>
            <line complexity="1" visibility="public" signature="comment() : Comment" num="101" count="0" type="method"/>
            <line num="103" count="0" type="stmt"/>
            <line complexity="6" visibility="private" signature="unescape(String) : String" num="112" count="0" type="method"/>
            <line num="113" count="0" type="stmt"/>
            <line num="114" count="0" type="stmt"/>
            <line falsecount="0" truecount="0" num="114" type="cond"/>
            <line num="115" count="0" type="stmt"/>
            <line num="117" count="0" type="stmt"/>
            <line falsecount="0" truecount="0" num="117" type="cond"/>
            <line num="118" count="0" type="stmt"/>
            <line num="119" count="0" type="stmt"/>
            <line falsecount="0" truecount="0" num="119" type="cond"/>
            <line num="120" count="0" type="stmt"/>
            <line num="122" count="0" type="stmt"/>
            <line num="125" count="0" type="stmt"/>
         </file>
         <file path="/Users/meganm/Repos/SlicingComparison/maven-project-sampling/stats_working_dir/decorators-squad_eo-yaml/src/main/java/com/amihaiemil/eoyaml/ReadComment.java" name="ReadComment.java">
            <metrics coveredelements="0" coveredconditionals="0" complexity="4" loc="84" coveredmethods="0" methods="4" elements="12" classes="1" ncloc="26" statements="8" conditionals="0" coveredstatements="0"/>
            <class name="ReadComment">
               <metrics coveredelements="0" coveredconditionals="0" complexity="4" coveredmethods="0" methods="4" elements="12" statements="8" conditionals="0" coveredstatements="0"/>
            </class>
            <line complexity="1" visibility="package" signature="ReadComment(YamlLines,YamlNode)" num="54" count="0" type="method"/>
            <line num="55" count="0" type="stmt"/>
            <line num="56" count="0" type="stmt"/>
            <line complexity="1" visibility="public" signature="yamlNode() : YamlNode" num="59" count="0" type="method"/>
            <line num="61" count="0" type="stmt"/>
            <line complexity="1" visibility="public" signature="value() : String" num="64" count="0" type="method"/>
            <line num="66" count="0" type="stmt"/>
            <line complexity="1" visibility="private" signature="calculateComments(YamlLines) : StringBuilder" num="75" count="0" type="method"/>
            <line num="76" count="0" type="stmt"/>
            <line num="77" count="0" type="stmt"/>
            <line num="78" count="0" type="stmt"/>
            <line num="82" count="0" type="stmt"/>
         </file>
         <file path="/Users/meganm/Repos/SlicingComparison/maven-project-sampling/stats_working_dir/decorators-squad_eo-yaml/src/main/java/com/amihaiemil/eoyaml/ReadFlowMapping.java" name="ReadFlowMapping.java">
            <metrics coveredelements="0" coveredconditionals="0" complexity="44" loc="371" coveredmethods="0" methods="12" elements="159" classes="2" ncloc="238" statements="101" conditionals="46" coveredstatements="0"/>
            <class name="ReadFlowMapping">
               <metrics coveredelements="0" coveredconditionals="0" complexity="12" coveredmethods="0" methods="7" elements="46" statements="29" conditionals="10" coveredstatements="0"/>
            </class>
            <class name="ReadFlowMapping.StringEntries">
               <metrics coveredelements="0" coveredconditionals="0" complexity="32" coveredmethods="0" methods="5" elements="113" statements="72" conditionals="36" coveredstatements="0"/>
            </class>
            <line complexity="1" visibility="package" signature="ReadFlowMapping(AllYamlLines)" num="71" count="0" type="method"/>
            <line num="72" count="0" type="stmt"/>
            <line complexity="2" visibility="package" signature="ReadFlowMapping(YamlLine,AllYamlLines)" num="81" count="0" type="method"/>
            <line num="82" count="0" type="stmt"/>
            <line falsecount="0" truecount="0" num="95" type="cond"/>
            <line complexity="1" visibility="package" signature="ReadFlowMapping(YamlLine,YamlLine,AllYamlLines)" num="108" count="0" type="method"/>
            <line num="111" count="0" type="stmt"/>
            <line num="112" count="0" type="stmt"/>
            <line num="113" count="0" type="stmt"/>
            <line num="114" count="0" type="stmt"/>
            <line complexity="1" visibility="public" signature="keys() : Set&lt;YamlNode&gt;" num="117" count="0" type="method"/>
            <line num="119" count="0" type="stmt"/>
            <line num="120" count="0" type="stmt"/>
            <line num="121" count="0" type="stmt"/>
            <line num="123" count="0" type="stmt"/>
            <line complexity="2" visibility="public" signature="value(YamlNode) : YamlNode" num="127" count="0" type="method"/>
            <line num="129" count="0" type="stmt"/>
            <line num="130" count="0" type="stmt"/>
            <line num="133" count="0" type="stmt"/>
            <line falsecount="0" truecount="0" num="133" type="cond"/>
            <line num="134" count="0" type="stmt"/>
            <line num="137" count="0" type="stmt"/>
            <line complexity="2" visibility="public" signature="comment() : Comment" num="140" count="0" type="method"/>
            <line num="142" count="0" type="stmt"/>
            <line num="144" count="0" type="stmt"/>
            <line num="151" count="0" type="stmt"/>
            <line num="152" count="0" type="stmt"/>
            <line falsecount="0" truecount="0" num="152" type="cond"/>
            <line num="153" count="0" type="stmt"/>
            <line num="155" count="0" type="stmt"/>
            <line num="157" count="0" type="stmt"/>
            <line complexity="3" visibility="private" signature="stringToYamlNodeNode(String) : YamlNode" num="176" count="0" type="method"/>
            <line num="177" count="0" type="stmt"/>
            <line num="178" count="0" type="stmt"/>
            <line falsecount="0" truecount="0" num="178" type="cond"/>
            <line num="179" count="0" type="stmt"/>
            <line num="184" count="0" type="stmt"/>
            <line falsecount="0" truecount="0" num="184" type="cond"/>
            <line num="185" count="0" type="stmt"/>
            <line num="191" count="0" type="stmt"/>
            <line num="193" count="0" type="stmt"/>
            <line complexity="1" visibility="package" signature="StringEntries(YamlLine)" num="218" count="0" type="method"/>
            <line num="219" count="0" type="stmt"/>
            <line complexity="19" visibility="public" signature="iterator() : Iterator&lt;Map.Entry&lt;String, String&gt;&gt;" num="222" count="0" type="method"/>
            <line num="224" count="0" type="stmt"/>
            <line num="225" count="0" type="stmt"/>
            <line num="226" count="0" type="stmt"/>
            <line num="227" count="0" type="stmt"/>
            <line num="231" count="0" type="stmt"/>
            <line num="232" count="0" type="stmt"/>
            <line num="233" count="0" type="stmt"/>
            <line num="234" count="0" type="stmt"/>
            <line falsecount="0" truecount="0" num="234" type="cond"/>
            <line num="235" count="0" type="stmt"/>
            <line num="236" count="0" type="stmt"/>
            <line falsecount="0" truecount="0" num="236" type="cond"/>
            <line num="237" count="0" type="stmt"/>
            <line num="238" count="0" type="stmt"/>
            <line num="239" count="0" type="stmt"/>
            <line num="241" count="0" type="stmt"/>
            <line falsecount="0" truecount="0" num="241" type="cond"/>
            <line num="242" count="0" type="stmt"/>
            <line num="243" count="0" type="stmt"/>
            <line num="244" count="0" type="stmt"/>
            <line num="246" count="0" type="stmt"/>
            <line falsecount="0" truecount="0" num="246" type="cond"/>
            <line num="247" count="0" type="stmt"/>
            <line num="248" count="0" type="stmt"/>
            <line num="249" count="0" type="stmt"/>
            <line falsecount="0" truecount="0" num="249" type="cond"/>
            <line num="250" count="0" type="stmt"/>
            <line num="251" count="0" type="stmt"/>
            <line num="252" count="0" type="stmt"/>
            <line falsecount="0" truecount="0" num="252" type="cond"/>
            <line num="253" count="0" type="stmt"/>
            <line num="254" count="0" type="stmt"/>
            <line num="255" count="0" type="stmt"/>
            <line num="257" count="0" type="stmt"/>
            <line num="260" count="0" type="stmt"/>
            <line falsecount="0" truecount="0" num="260" type="cond"/>
            <line num="261" count="0" type="stmt"/>
            <line num="263" count="0" type="stmt"/>
            <line falsecount="0" truecount="0" num="263" type="cond"/>
            <line num="264" count="0" type="stmt"/>
            <line num="266" count="0" type="stmt"/>
            <line num="267" count="0" type="stmt"/>
            <line falsecount="0" truecount="0" num="267" type="cond"/>
            <line num="268" count="0" type="stmt"/>
            <line num="270" count="0" type="stmt"/>
            <line complexity="6" visibility="private" signature="readNode(int,String,char) : String" num="280" count="0" type="method"/>
            <line num="285" count="0" type="stmt"/>
            <line num="286" count="0" type="stmt"/>
            <line falsecount="0" truecount="0" num="286" type="cond"/>
            <line num="287" count="0" type="stmt"/>
            <line num="289" count="0" type="stmt"/>
            <line num="291" count="0" type="stmt"/>
            <line num="292" count="0" type="stmt"/>
            <line num="293" count="0" type="stmt"/>
            <line num="294" count="0" type="stmt"/>
            <line num="295" count="0" type="stmt"/>
            <line falsecount="0" truecount="0" num="295" type="cond"/>
            <line num="296" count="0" type="stmt"/>
            <line num="297" count="0" type="stmt"/>
            <line falsecount="0" truecount="0" num="297" type="cond"/>
            <line num="298" count="0" type="stmt"/>
            <line num="304" count="0" type="stmt"/>
            <line num="305" count="0" type="stmt"/>
            <line num="306" count="0" type="stmt"/>
            <line num="307" count="0" type="stmt"/>
            <line falsecount="0" truecount="0" num="307" type="cond"/>
            <line num="308" count="0" type="stmt"/>
            <line num="309" count="0" type="stmt"/>
            <line falsecount="0" truecount="0" num="309" type="cond"/>
            <line num="310" count="0" type="stmt"/>
            <line num="313" count="0" type="stmt"/>
            <line complexity="4" visibility="private" signature="goOverEscapedValue(StringBuilder,int,String,char) : int" num="326" count="0" type="method"/>
            <line num="332" count="0" type="stmt"/>
            <line num="333" count="0" type="stmt"/>
            <line falsecount="0" truecount="0" num="333" type="cond"/>
            <line num="334" count="0" type="stmt"/>
            <line num="335" count="0" type="stmt"/>
            <line num="336" count="0" type="stmt"/>
            <line falsecount="0" truecount="0" num="336" type="cond"/>
            <line num="337" count="0" type="stmt"/>
            <line num="338" count="0" type="stmt"/>
            <line num="339" count="0" type="stmt"/>
            <line falsecount="0" truecount="0" num="339" type="cond"/>
            <line num="340" count="0" type="stmt"/>
            <line num="348" count="0" type="stmt"/>
            <line complexity="2" visibility="private" signature="isEscapeChar(int,char,String) : boolean" num="359" count="0" type="method"/>
            <line num="362" count="0" type="stmt"/>
            <line num="363" count="0" type="stmt"/>
            <line falsecount="0" truecount="0" num="363" type="cond"/>
            <line num="364" count="0" type="stmt"/>
            <line num="366" count="0" type="stmt"/>
            <line num="368" count="0" type="stmt"/>
         </file>
         <file path="/Users/meganm/Repos/SlicingComparison/maven-project-sampling/stats_working_dir/decorators-squad_eo-yaml/src/main/java/com/amihaiemil/eoyaml/ReadFlowSequence.java" name="ReadFlowSequence.java">
            <metrics coveredelements="0" coveredconditionals="0" complexity="36" loc="335" coveredmethods="0" methods="10" elements="131" classes="2" ncloc="211" statements="83" conditionals="38" coveredstatements="0"/>
            <class name="ReadFlowSequence">
               <metrics coveredelements="0" coveredconditionals="0" complexity="9" coveredmethods="0" methods="5" elements="34" statements="21" conditionals="8" coveredstatements="0"/>
            </class>
            <class name="ReadFlowSequence.StringNodes">
               <metrics coveredelements="0" coveredconditionals="0" complexity="27" coveredmethods="0" methods="5" elements="97" statements="62" conditionals="30" coveredstatements="0"/>
            </class>
            <line complexity="1" visibility="package" signature="ReadFlowSequence(AllYamlLines)" num="67" count="0" type="method"/>
            <line num="68" count="0" type="stmt"/>
            <line complexity="2" visibility="package" signature="ReadFlowSequence(YamlLine,AllYamlLines)" num="77" count="0" type="method"/>
            <line num="78" count="0" type="stmt"/>
            <line falsecount="0" truecount="0" num="91" type="cond"/>
            <line complexity="1" visibility="package" signature="ReadFlowSequence(YamlLine,YamlLine,AllYamlLines)" num="104" count="0" type="method"/>
            <line num="107" count="0" type="stmt"/>
            <line num="108" count="0" type="stmt"/>
            <line num="109" count="0" type="stmt"/>
            <line num="110" count="0" type="stmt"/>
            <line complexity="3" visibility="public" signature="values() : Collection&lt;YamlNode&gt;" num="113" count="0" type="method"/>
            <line num="115" count="0" type="stmt"/>
            <line num="116" count="0" type="stmt"/>
            <line num="117" count="0" type="stmt"/>
            <line falsecount="0" truecount="0" num="117" type="cond"/>
            <line num="118" count="0" type="stmt"/>
            <line num="125" count="0" type="stmt"/>
            <line falsecount="0" truecount="0" num="125" type="cond"/>
            <line num="126" count="0" type="stmt"/>
            <line num="134" count="0" type="stmt"/>
            <line num="139" count="0" type="stmt"/>
            <line complexity="2" visibility="public" signature="comment() : Comment" num="142" count="0" type="method"/>
[...]
               <metrics coveredelements="0" coveredconditionals="0" complexity="8" coveredmethods="0" methods="8" elements="20" statements="12" conditionals="0" coveredstatements="0"/>
            </class>
            <line complexity="1" visibility="public" signature="returnsInteger() : void" num="47" count="0" type="method"/>
            <line num="49" count="0" type="stmt"/>
            <line complexity="1" visibility="public" signature="returnsFloat() : void" num="55" count="0" type="method"/>
            <line num="57" count="0" type="stmt"/>
            <line complexity="1" visibility="public" signature="returnsDouble() : void" num="63" count="0" type="method"/>
            <line num="65" count="0" type="stmt"/>
            <line complexity="1" visibility="public" signature="returnsLong() : void" num="71" count="0" type="method"/>
            <line num="73" count="0" type="stmt"/>
            <line complexity="1" visibility="public" signature="returnsDate() : void" num="79" count="0" type="method"/>
            <line num="81" count="0" type="stmt"/>
            <line complexity="1" visibility="public" signature="returnsDateTime() : void" num="87" count="0" type="method"/>
            <line num="89" count="0" type="stmt"/>
            <line complexity="1" visibility="public" signature="returnsBoolean() : void" num="95" count="0" type="method"/>
            <line num="97" count="0" type="stmt"/>
            <line num="98" count="0" type="stmt"/>
            <line num="102" count="0" type="stmt"/>
            <line num="106" count="0" type="stmt"/>
            <line complexity="1" visibility="private" signature="sequence() : YamlSequence" num="116" count="0" type="method"/>
            <line num="117" count="0" type="stmt"/>
            <line num="127" count="0" type="stmt"/>
         </file>
         <file path="/Users/meganm/Repos/SlicingComparison/maven-project-sampling/stats_working_dir/decorators-squad_eo-yaml/src/test/java/com/amihaiemil/eoyaml/YamlTest.java" name="YamlTest.java">
            <metrics coveredelements="0" coveredconditionals="0" complexity="12" loc="199" coveredmethods="0" methods="12" elements="24" classes="1" ncloc="113" statements="12" conditionals="0" coveredstatements="0"/>
            <class name="YamlTest">
               <metrics coveredelements="0" coveredconditionals="0" complexity="12" coveredmethods="0" methods="12" elements="24" statements="12" conditionals="0" coveredstatements="0"/>
            </class>
            <line complexity="1" visibility="public" signature="createsYamlMappingBuilder() : void" num="52" count="0" type="method"/>
            <line num="54" count="0" type="stmt"/>
            <line complexity="1" visibility="public" signature="createsMutableYamlMappingBuilder() : void" num="66" count="0" type="method"/>
            <line num="68" count="0" type="stmt"/>
            <line complexity="1" visibility="public" signature="createsYamlSequenceBuilder() : void" num="80" count="0" type="method"/>
            <line num="82" count="0" type="stmt"/>
            <line complexity="1" visibility="public" signature="createsMutablYamlSequenceBuilder() : void" num="94" count="0" type="method"/>
            <line num="96" count="0" type="stmt"/>
            <line complexity="1" visibility="public" signature="createsYamlScalarBuilder() : void" num="108" count="0" type="method"/>
            <line num="110" count="0" type="stmt"/>
            <line complexity="1" visibility="public" signature="createsYamlStreamBuilder() : void" num="118" count="0" type="method"/>
            <line num="120" count="0" type="stmt"/>
            <line complexity="1" visibility="public" signature="createsYamlInputFromFile() : void" num="129" count="0" type="method"/>
            <line num="131" count="0" type="stmt"/>
            <line complexity="1" visibility="public" signature="createsYamlInputFromInputStream() : void" num="142" count="0" type="method"/>
            <line num="144" count="0" type="stmt"/>
            <line complexity="1" visibility="public" signature="createsYamlInputFromReader() : void" num="155" count="0" type="method"/>
            <line num="157" count="0" type="stmt"/>
            <line complexity="1" visibility="public" signature="createsYamlInputFromString() : void" num="168" count="0" type="method"/>
            <line num="170" count="0" type="stmt"/>
            <line complexity="1" visibility="public" signature="createsYamlMappingFromJsonObject() : void" num="178" count="0" type="method"/>
            <line num="180" count="0" type="stmt"/>
            <line complexity="1" visibility="public" signature="createsYamlMappingFromJsonArray() : void" num="189" count="0" type="method"/>
            <line num="191" count="0" type="stmt"/>
         </file>
      </package>
      <package name="com.amihaiemil.eoyaml.extensions">
         <metrics coveredelements="0" complexity="26" loc="862" methods="26" classes="2" statements="121" coveredconditionals="0" coveredmethods="0" elements="147" ncloc="660" files="2" conditionals="0" coveredstatements="0"/>
         <file path="/Users/meganm/Repos/SlicingComparison/maven-project-sampling/stats_working_dir/decorators-squad_eo-yaml/src/test/java/com/amihaiemil/eoyaml/extensions/MergedYamlMappingTest.java" name="MergedYamlMappingTest.java">
            <metrics coveredelements="0" coveredconditionals="0" complexity="20" loc="663" coveredmethods="0" methods="20" elements="114" classes="1" ncloc="523" statements="94" conditionals="0" coveredstatements="0"/>
            <class name="MergedYamlMappingTest">
               <metrics coveredelements="0" coveredconditionals="0" complexity="20" coveredmethods="0" methods="20" elements="114" statements="94" conditionals="0" coveredstatements="0"/>
            </class>
            <line complexity="1" visibility="public" signature="complainsOnTwoNullMappings() : void" num="49" count="0" type="method"/>
            <line num="51" count="0" type="stmt"/>
            <line num="52" count="0" type="stmt"/>
            <line num="53" count="0" type="stmt"/>
            <line complexity="1" visibility="public" signature="representsOriginalIfChangedIsNullOrEmpty() : void" num="60" count="0" type="method"/>
            <line num="62" count="0" type="stmt"/>
            <line num="64" count="0" type="stmt"/>
            <line num="65" count="0" type="stmt"/>
            <line num="69" count="0" type="stmt"/>
            <line complexity="1" visibility="public" signature="representsChangeIfOriginalIsNullOrEmpty() : void" num="82" count="0" type="method"/>
            <line num="84" count="0" type="stmt"/>
            <line num="85" count="0" type="stmt"/>
            <line num="87" count="0" type="stmt"/>
            <line num="91" count="0" type="stmt"/>
            <line complexity="1" visibility="public" signature="mergesWithNoConflicts() : void" num="104" count="0" type="method"/>
            <line num="106" count="0" type="stmt"/>
            <line num="112" count="0" type="stmt"/>
            <line num="116" count="0" type="stmt"/>
            <line num="120" count="0" type="stmt"/>
            <line num="124" count="0" type="stmt"/>
            <line complexity="1" visibility="public" signature="mergesWithConflictsNoOverride() : void" num="133" count="0" type="method"/>
            <line num="135" count="0" type="stmt"/>
            <line num="140" count="0" type="stmt"/>
            <line num="144" count="0" type="stmt"/>
            <line num="148" count="0" type="stmt"/>
            <line num="152" count="0" type="stmt"/>
            <line complexity="1" visibility="public" signature="mergesWithConflictsDoOverride() : void" num="161" count="0" type="method"/>
            <line num="163" count="0" type="stmt"/>
            <line num="168" count="0" type="stmt"/>
            <line num="172" count="0" type="stmt"/>
            <line num="176" count="0" type="stmt"/>
            <line complexity="1" visibility="public" signature="mergesFromSupplier() : void" num="186" count="0" type="method"/>
            <line num="188" count="0" type="stmt"/>
            <line num="194" count="0" type="stmt"/>
            <line num="198" count="0" type="stmt"/>
            <line complexity="1" visibility="public" signature="overridesWithNullValue() : void" num="213" count="0" type="method"/>
            <line num="215" count="0" type="stmt"/>
            <line num="216" count="0" type="stmt"/>
            <line num="221" count="0" type="stmt"/>
            <line num="225" count="0" type="stmt"/>
            <line num="229" count="0" type="stmt"/>
            <line complexity="1" visibility="public" signature="mergesBuiltWithCommentOnFirstElement() : void" num="239" count="0" type="method"/>
            <line num="241" count="0" type="stmt"/>
            <line num="248" count="0" type="stmt"/>
            <line num="255" count="0" type="stmt"/>
            <line num="258" count="0" type="stmt"/>
            <line num="259" count="0" type="stmt"/>
            <line num="265" count="0" type="stmt"/>
            <line complexity="1" visibility="public" signature="mergesReadWithCommentOnFirstElement() : void" num="276" count="0" type="method"/>
            <line num="278" count="0" type="stmt"/>
            <line num="285" count="0" type="stmt"/>
            <line num="286" count="0" type="stmt"/>
            <line num="292" count="0" type="stmt"/>
            <line num="295" count="0" type="stmt"/>
            <line num="296" count="0" type="stmt"/>
            <line num="302" count="0" type="stmt"/>
            <line complexity="1" visibility="public" signature="mergesSimpleMappings() : void" num="314" count="0" type="method"/>
            <line num="316" count="0" type="stmt"/>
            <line num="323" count="0" type="stmt"/>
            <line num="330" count="0" type="stmt"/>
            <line num="333" count="0" type="stmt"/>
            <line num="334" count="0" type="stmt"/>
            <line num="340" count="0" type="stmt"/>
            <line complexity="1" visibility="public" signature="mergesComplexMappingsWithOverride() : void" num="350" count="0" type="method"/>
            <line num="352" count="0" type="stmt"/>
            <line num="366" count="0" type="stmt"/>
            <line num="379" count="0" type="stmt"/>
            <line num="382" count="0" type="stmt"/>
            <line num="383" count="0" type="stmt"/>
            <line num="397" count="0" type="stmt"/>
            <line complexity="1" visibility="public" signature="mergesComplexMappingsWithNoOverride() : void" num="407" count="0" type="method"/>
            <line num="409" count="0" type="stmt"/>
            <line num="423" count="0" type="stmt"/>
            <line num="436" count="0" type="stmt"/>
            <line num="439" count="0" type="stmt"/>
            <line num="440" count="0" type="stmt"/>
            <line num="453" count="0" type="stmt"/>
            <line complexity="1" visibility="public" signature="shouldRemoveKeyFromComplexMapping() : void" num="463" count="0" type="method"/>
            <line num="465" count="0" type="stmt"/>
            <line num="485" count="0" type="stmt"/>
            <line num="499" count="0" type="stmt"/>
            <line num="503" count="0" type="stmt"/>
            <line num="504" count="0" type="stmt"/>
            <line num="518" count="0" type="stmt"/>
            <line complexity="1" visibility="public" signature="mergesByOverridingComment() : void" num="528" count="0" type="method"/>
            <line num="530" count="0" type="stmt"/>
            <line num="533" count="0" type="stmt"/>
            <line num="536" count="0" type="stmt"/>
            <line num="539" count="0" type="stmt"/>
            <line complexity="1" visibility="public" signature="mergesByOverridingCommentOfSequence() : void" num="549" count="0" type="method"/>
            <line num="551" count="0" type="stmt"/>
            <line num="555" count="0" type="stmt"/>
            <line num="559" count="0" type="stmt"/>
            <line num="562" count="0" type="stmt"/>
            <line complexity="1" visibility="public" signature="mergesByOverridingInnerComment() : void" num="572" count="0" type="method"/>
            <line num="574" count="0" type="stmt"/>
            <line num="579" count="0" type="stmt"/>
            <line num="584" count="0" type="stmt"/>
            <line num="587" count="0" type="stmt"/>
            <line complexity="1" visibility="public" signature="mergesByNotOverridingCommentWhenOverridingFlagNotSet() : void" num="602" count="0" type="method"/>
            <line num="604" count="0" type="stmt"/>
            <line num="607" count="0" type="stmt"/>
            <line num="610" count="0" type="stmt"/>
            <line num="613" count="0" type="stmt"/>
            <line complexity="1" visibility="public" signature="mergesByNotOverridingCommentWhenCommentNotProvided() : void" num="623" count="0" type="method"/>
            <line num="625" count="0" type="stmt"/>
            <line num="628" count="0" type="stmt"/>
            <line num="631" count="0" type="stmt"/>
            <line num="634" count="0" type="stmt"/>
            <line complexity="1" visibility="public" signature="mergesByNotOverridingCommentOfSequenceWhenCommentNotProvided() : void" num="645" count="0" type="method"/>
            <line num="647" count="0" type="stmt"/>
            <line num="651" count="0" type="stmt"/>
            <line num="655" count="0" type="stmt"/>
            <line num="658" count="0" type="stmt"/>
         </file>
         <file path="/Users/meganm/Repos/SlicingComparison/maven-project-sampling/stats_working_dir/decorators-squad_eo-yaml/src/test/java/com/amihaiemil/eoyaml/extensions/MergedYamlSequenceTest.java" name="MergedYamlSequenceTest.java">
            <metrics coveredelements="0" coveredconditionals="0" complexity="6" loc="199" coveredmethods="0" methods="6" elements="33" classes="1" ncloc="137" statements="27" conditionals="0" coveredstatements="0"/>
            <class name="MergedYamlSequenceTest">
               <metrics coveredelements="0" coveredconditionals="0" complexity="6" coveredmethods="0" methods="6" elements="33" statements="27" conditionals="0" coveredstatements="0"/>
            </class>
            <line complexity="1" visibility="public" signature="complainsOnTwoNullSequences() : void" num="47" count="0" type="method"/>
            <line num="49" count="0" type="stmt"/>
            <line num="50" count="0" type="stmt"/>
            <line num="51" count="0" type="stmt"/>
            <line complexity="1" visibility="public" signature="addsChangedToOriginal() : void" num="57" count="0" type="method"/>
            <line num="59" count="0" type="stmt"/>
            <line num="67" count="0" type="stmt"/>
            <line num="73" count="0" type="stmt"/>
            <line num="78" count="0" type="stmt"/>
            <line num="82" count="0" type="stmt"/>
            <line complexity="1" visibility="public" signature="overridesIndicesInOriginal() : void" num="91" count="0" type="method"/>
            <line num="93" count="0" type="stmt"/>
            <line num="99" count="0" type="stmt"/>
            <line num="105" count="0" type="stmt"/>
            <line num="110" count="0" type="stmt"/>
            <line num="114" count="0" type="stmt"/>
            <line complexity="1" visibility="public" signature="representsOriginalIfChangedIsNullOrEmpty() : void" num="124" count="0" type="method"/>
            <line num="126" count="0" type="stmt"/>
            <line num="128" count="0" type="stmt"/>
            <line num="129" count="0" type="stmt"/>
            <line num="133" count="0" type="stmt"/>
            <line complexity="1" visibility="public" signature="representsChangeIfOriginalIsNullOrEmpty() : void" num="146" count="0" type="method"/>
            <line num="148" count="0" type="stmt"/>
            <line num="149" count="0" type="stmt"/>
            <line num="151" count="0" type="stmt"/>
            <line num="155" count="0" type="stmt"/>
            <line complexity="1" visibility="public" signature="addsNullElementsToOriginal() : void" num="167" count="0" type="method"/>
            <line num="169" count="0" type="stmt"/>
            <line num="170" count="0" type="stmt"/>
            <line num="178" count="0" type="stmt"/>
            <line num="184" count="0" type="stmt"/>
            <line num="189" count="0" type="stmt"/>
            <line num="193" count="0" type="stmt"/>
         </file>
      </package>
      <package name="com.amihaiemil.eoyaml.spec">
         <metrics coveredelements="0" complexity="7" loc="224" methods="7" classes="1" statements="28" coveredconditionals="0" coveredmethods="0" elements="35" ncloc="136" files="1" conditionals="0" coveredstatements="0"/>
         <file path="/Users/meganm/Repos/SlicingComparison/maven-project-sampling/stats_working_dir/decorators-squad_eo-yaml/src/test/java/com/amihaiemil/eoyaml/spec/SpecExamplesITCase.java" name="SpecExamplesITCase.java">
            <metrics coveredelements="0" coveredconditionals="0" complexity="7" loc="224" coveredmethods="0" methods="7" elements="35" classes="1" ncloc="136" statements="28" conditionals="0" coveredstatements="0"/>
            <class name="SpecExamplesITCase">
               <metrics coveredelements="0" coveredconditionals="0" complexity="7" coveredmethods="0" methods="7" elements="35" statements="28" conditionals="0" coveredstatements="0"/>
            </class>
            <line complexity="1" visibility="public" signature="readSpecExampleTwoDotOne() : void" num="58" count="0" type="method"/>
            <line num="60" count="0" type="stmt"/>
            <line num="65" count="0" type="stmt"/>
            <line num="66" count="0" type="stmt"/>
            <line num="69" count="0" type="stmt"/>
            <line complexity="1" visibility="public" signature="readSpecExampleTwoDotTwo() : void" num="77" count="0" type="method"/>
            <line num="80" count="0" type="stmt"/>
            <line num="100" count="0" type="stmt"/>
            <line num="101" count="0" type="stmt"/>
            <line num="104" count="0" type="stmt"/>
            <line complexity="1" visibility="public" signature="readSpecExampleTwoDotThree() : void" num="112" count="0" type="method"/>
            <line num="114" count="0" type="stmt"/>
            <line num="128" count="0" type="stmt"/>
            <line num="129" count="0" type="stmt"/>
            <line num="132" count="0" type="stmt"/>
            <line complexity="1" visibility="public" signature="readFourthSpecExample() : void" num="140" count="0" type="method"/>
            <line num="142" count="0" type="stmt"/>
            <line num="156" count="0" type="stmt"/>
            <line num="157" count="0" type="stmt"/>
            <line num="160" count="0" type="stmt"/>
            <line complexity="1" visibility="public" signature="readSpecExampleTwoDotNineteen() : void" num="168" count="0" type="method"/>
            <line num="170" count="0" type="stmt"/>
            <line num="176" count="0" type="stmt"/>
            <line num="177" count="0" type="stmt"/>
            <line num="180" count="0" type="stmt"/>
            <line complexity="1" visibility="public" signature="readSpecExampleTwoDotTwenty() : void" num="188" count="0" type="method"/>
            <line num="190" count="0" type="stmt"/>
            <line num="197" count="0" type="stmt"/>
            <line num="198" count="0" type="stmt"/>
            <line num="201" count="0" type="stmt"/>
            <line complexity="1" visibility="public" signature="readSpecExampleTwoDotTwentyTwo() : void" num="209" count="0" type="method"/>
            <line num="211" count="0" type="stmt"/>
            <line num="217" count="0" type="stmt"/>
            <line num="218" count="0" type="stmt"/>
            <line num="221" count="0" type="stmt"/>
         </file>
      </package>
   </testproject>
</coverage>