<?xml version="1.0" encoding="UTF-8"?>
<coverage generated="1741604005395" clover="4.5.2">
   <project name="java-string-similarity 2.0.1-SNAPSHOT" timestamp="1741604000876">
      <metrics coveredelements="84" complexity="219" loc="2751" methods="61" classes="28" statements="601" packages="4" coveredconditionals="31" coveredmethods="2" elements="938" ncloc="1146" files="27" conditionals="276" coveredstatements="51"/>
      <package name="info.debatty.java.stringsimilarity.examples">
         <metrics coveredelements="0" complexity="7" loc="422" methods="5" classes="4" statements="109" coveredconditionals="0" coveredmethods="0" elements="116" ncloc="165" files="4" conditionals="2" coveredstatements="0"/>
         <file path="/Users/meganm/Repos/SlicingComparison/maven-project-sampling/stats_working_dir/tdebatty_java-string-similarity/src/main/java/info/debatty/java/stringsimilarity/examples/Examples.java" name="Examples.java">
            <metrics coveredelements="0" coveredconditionals="0" complexity="4" loc="224" coveredmethods="0" methods="2" elements="70" classes="1" ncloc="91" statements="66" conditionals="2" coveredstatements="0"/>
            <class name="Examples">
               <metrics coveredelements="0" coveredconditionals="0" complexity="4" coveredmethods="0" methods="2" elements="70" statements="66" conditionals="2" coveredstatements="0"/>
            </class>
            <line complexity="1" visibility="public" signature="main(String[]) : void" num="49" count="0" type="method"/>
            <line num="52" count="0" type="stmt"/>
            <line num="53" count="0" type="stmt"/>
            <line num="54" count="0" type="stmt"/>
            <line num="55" count="0" type="stmt"/>
            <line num="56" count="0" type="stmt"/>
            <line num="60" count="0" type="stmt"/>
            <line num="61" count="0" type="stmt"/>
            <line num="66" count="0" type="stmt"/>
            <line num="70" count="0" type="stmt"/>
            <line num="71" count="0" type="stmt"/>
            <line num="74" count="0" type="stmt"/>
            <line num="77" count="0" type="stmt"/>
            <line num="81" count="0" type="stmt"/>
            <line num="82" count="0" type="stmt"/>
            <line num="89" count="0" type="stmt"/>
            <line num="91" count="0" type="stmt"/>
            <line num="96" count="0" type="stmt"/>
            <line num="100" count="0" type="stmt"/>
            <line num="101" count="0" type="stmt"/>
            <line num="104" count="0" type="stmt"/>
            <line num="107" count="0" type="stmt"/>
            <line num="110" count="0" type="stmt"/>
            <line num="111" count="0" type="stmt"/>
            <line num="113" count="0" type="stmt"/>
            <line num="116" count="0" type="stmt"/>
            <line num="121" count="0" type="stmt"/>
            <line num="122" count="0" type="stmt"/>
            <line num="125" count="0" type="stmt"/>
            <line num="130" count="0" type="stmt"/>
            <line num="131" count="0" type="stmt"/>
            <line num="134" count="0" type="stmt"/>
            <line num="137" count="0" type="stmt"/>
            <line num="142" count="0" type="stmt"/>
            <line num="143" count="0" type="stmt"/>
            <line num="144" count="0" type="stmt"/>
            <line num="147" count="0" type="stmt"/>
            <line num="148" count="0" type="stmt"/>
            <line num="149" count="0" type="stmt"/>
            <line num="150" count="0" type="stmt"/>
            <line num="154" count="0" type="stmt"/>
            <line num="155" count="0" type="stmt"/>
            <line num="157" count="0" type="stmt"/>
            <line num="158" count="0" type="stmt"/>
            <line num="159" count="0" type="stmt"/>
            <line num="163" count="0" type="stmt"/>
            <line num="164" count="0" type="stmt"/>
            <line num="170" count="0" type="stmt"/>
            <line num="172" count="0" type="stmt"/>
            <line num="174" count="0" type="stmt"/>
            <line num="180" count="0" type="stmt"/>
            <line num="181" count="0" type="stmt"/>
            <line num="187" count="0" type="stmt"/>
            <line num="191" count="0" type="stmt"/>
            <line num="192" count="0" type="stmt"/>
            <line complexity="3" visibility="public" signature="cost(char,char) : double" num="194" count="0" type="method"/>
            <line num="199" count="0" type="stmt"/>
            <line falsecount="0" truecount="0" num="199" type="cond"/>
            <line num="200" count="0" type="stmt"/>
            <line num="205" count="0" type="stmt"/>
            <line num="209" count="0" type="stmt"/>
            <line num="212" count="0" type="stmt"/>
            <line num="213" count="0" type="stmt"/>
            <line num="214" count="0" type="stmt"/>
            <line num="215" count="0" type="stmt"/>
            <line num="216" count="0" type="stmt"/>
            <line num="217" count="0" type="stmt"/>
            <line num="219" count="0" type="stmt"/>
            <line num="220" count="0" type="stmt"/>
         </file>
         <file path="/Users/meganm/Repos/SlicingComparison/maven-project-sampling/stats_working_dir/tdebatty_java-string-similarity/src/main/java/info/debatty/java/stringsimilarity/examples/MetricLCS.java" name="MetricLCS.java">
            <metrics coveredelements="0" coveredconditionals="0" complexity="1" loc="50" coveredmethods="0" methods="1" elements="6" classes="1" ncloc="11" statements="5" conditionals="0" coveredstatements="0"/>
            <class name="MetricLCS">
               <metrics coveredelements="0" coveredconditionals="0" complexity="1" coveredmethods="0" methods="1" elements="6" statements="5" conditionals="0" coveredstatements="0"/>
            </class>
            <line complexity="1" visibility="public" signature="main(String[]) : void" num="33" count="0" type="method"/>
            <line num="35" count="0" type="stmt"/>
            <line num="38" count="0" type="stmt"/>
            <line num="39" count="0" type="stmt"/>
            <line num="43" count="0" type="stmt"/>
            <line num="48" count="0" type="stmt"/>
         </file>
         <file path="/Users/meganm/Repos/SlicingComparison/maven-project-sampling/stats_working_dir/tdebatty_java-string-similarity/src/main/java/info/debatty/java/stringsimilarity/examples/PrecomputedCosine.java" name="PrecomputedCosine.java">
            <metrics coveredelements="0" coveredconditionals="0" complexity="1" loc="55" coveredmethods="0" methods="1" elements="7" classes="1" ncloc="13" statements="6" conditionals="0" coveredstatements="0"/>
            <class name="PrecomputedCosine">
               <metrics coveredelements="0" coveredconditionals="0" complexity="1" coveredmethods="0" methods="1" elements="7" statements="6" conditionals="0" coveredstatements="0"/>
            </class>
            <line complexity="1" visibility="public" signature="main(String[]) : void" num="39" count="0" type="method"/>
            <line num="40" count="0" type="stmt"/>
            <line num="41" count="0" type="stmt"/>
            <line num="44" count="0" type="stmt"/>
            <line num="47" count="0" type="stmt"/>
            <line num="48" count="0" type="stmt"/>
            <line num="51" count="0" type="stmt"/>
         </file>
         <file path="/Users/meganm/Repos/SlicingComparison/maven-project-sampling/stats_working_dir/tdebatty_java-string-similarity/src/main/java/info/debatty/java/stringsimilarity/examples/nischay21.java" name="nischay21.java">
            <metrics coveredelements="0" coveredconditionals="0" complexity="1" loc="93" coveredmethods="0" methods="1" elements="33" classes="1" ncloc="50" statements="32" conditionals="0" coveredstatements="0"/>
            <class name="nischay21">
               <metrics coveredelements="0" coveredconditionals="0" complexity="1" coveredmethods="0" methods="1" elements="33" statements="32" conditionals="0" coveredstatements="0"/>
            </class>
            <line complexity="1" visibility="public" signature="main(String[]) : void" num="46" count="0" type="method"/>
            <line num="48" count="0" type="stmt"/>
            <line num="49" count="0" type="stmt"/>
            <line num="50" count="0" type="stmt"/>
            <line num="52" count="0" type="stmt"/>
            <line num="53" count="0" type="stmt"/>
            <line num="54" count="0" type="stmt"/>
            <line num="55" count="0" type="stmt"/>
            <line num="56" count="0" type="stmt"/>
            <line num="57" count="0" type="stmt"/>
            <line num="58" count="0" type="stmt"/>
            <line num="59" count="0" type="stmt"/>
            <line num="62" count="0" type="stmt"/>
            <line num="63" count="0" type="stmt"/>
            <line num="64" count="0" type="stmt"/>
            <line num="65" count="0" type="stmt"/>
            <line num="67" count="0" type="stmt"/>
            <line num="69" count="0" type="stmt"/>
            <line num="70" count="0" type="stmt"/>
            <line num="71" count="0" type="stmt"/>
            <line num="72" count="0" type="stmt"/>
            <line num="74" count="0" type="stmt"/>
            <line num="76" count="0" type="stmt"/>
            <line num="77" count="0" type="stmt"/>
            <line num="78" count="0" type="stmt"/>
            <line num="79" count="0" type="stmt"/>
            <line num="80" count="0" type="stmt"/>
            <line num="82" count="0" type="stmt"/>
            <line num="84" count="0" type="stmt"/>
            <line num="85" count="0" type="stmt"/>
            <line num="86" count="0" type="stmt"/>
            <line num="87" count="0" type="stmt"/>
            <line num="89" count="0" type="stmt"/>
         </file>
      </package>
      <package name="info.debatty.java.stringsimilarity.interfaces">
         <metrics coveredelements="0" complexity="0" loc="169" methods="0" classes="5" statements="0" coveredconditionals="0" coveredmethods="0" elements="0" ncloc="20" files="5" conditionals="0" coveredstatements="0"/>
         <file path="/Users/meganm/Repos/SlicingComparison/maven-project-sampling/stats_working_dir/tdebatty_java-string-similarity/src/main/java/info/debatty/java/stringsimilarity/interfaces/MetricStringDistance.java" name="MetricStringDistance.java">
            <metrics coveredelements="0" coveredconditionals="0" complexity="0" loc="45" coveredmethods="0" methods="0" elements="0" classes="1" ncloc="4" statements="0" conditionals="0" coveredstatements="0"/>
            <class name="MetricStringDistance">
               <metrics coveredelements="0" coveredconditionals="0" complexity="0" coveredmethods="0" methods="0" elements="0" statements="0" conditionals="0" coveredstatements="0"/>
            </class>
         </file>
         <file path="/Users/meganm/Repos/SlicingComparison/maven-project-sampling/stats_working_dir/tdebatty_java-string-similarity/src/main/java/info/debatty/java/stringsimilarity/interfaces/NormalizedStringDistance.java" name="NormalizedStringDistance.java">
            <metrics coveredelements="0" coveredconditionals="0" complexity="0" loc="33" coveredmethods="0" methods="0" elements="0" classes="1" ncloc="3" statements="0" conditionals="0" coveredstatements="0"/>
            <class name="NormalizedStringDistance">
               <metrics coveredelements="0" coveredconditionals="0" complexity="0" coveredmethods="0" methods="0" elements="0" statements="0" conditionals="0" coveredstatements="0"/>
            </class>
         </file>
         <file path="/Users/meganm/Repos/SlicingComparison/maven-project-sampling/stats_working_dir/tdebatty_java-string-similarity/src/main/java/info/debatty/java/stringsimilarity/interfaces/NormalizedStringSimilarity.java" name="NormalizedStringSimilarity.java">
            <metrics coveredelements="0" coveredconditionals="0" complexity="0" loc="32" coveredmethods="0" methods="0" elements="0" classes="1" ncloc="3" statements="0" conditionals="0" coveredstatements="0"/>
            <class name="NormalizedStringSimilarity">
               <metrics coveredelements="0" coveredconditionals="0" complexity="0" coveredmethods="0" methods="0" elements="0" statements="0" conditionals="0" coveredstatements="0"/>
            </class>
         </file>
         <file path="/Users/meganm/Repos/SlicingComparison/maven-project-sampling/stats_working_dir/tdebatty_java-string-similarity/src/main/java/info/debatty/java/stringsimilarity/interfaces/StringDistance.java" name="StringDistance.java">
            <metrics coveredelements="0" coveredconditionals="0" complexity="0" loc="42" coveredmethods="0" methods="0" elements="0" classes="1" ncloc="5" statements="0" conditionals="0" coveredstatements="0"/>
            <class name="StringDistance">
               <metrics coveredelements="0" coveredconditionals="0" complexity="0" coveredmethods="0" methods="0" elements="0" statements="0" conditionals="0" coveredstatements="0"/>
            </class>
         </file>
         <file path="/Users/meganm/Repos/SlicingComparison/maven-project-sampling/stats_working_dir/tdebatty_java-string-similarity/src/main/java/info/debatty/java/stringsimilarity/interfaces/StringSimilarity.java" name="StringSimilarity.java">
            <metrics coveredelements="0" coveredconditionals="0" complexity="0" loc="17" coveredmethods="0" methods="0" elements="0" classes="1" ncloc="5" statements="0" conditionals="0" coveredstatements="0"/>
            <class name="StringSimilarity">
               <metrics coveredelements="0" coveredconditionals="0" complexity="0" coveredmethods="0" methods="0" elements="0" statements="0" conditionals="0" coveredstatements="0"/>
            </class>
         </file>
      </package>
      <package name="info.debatty.java.stringsimilarity">
         <metrics coveredelements="84" complexity="184" loc="1970" methods="53" classes="17" statements="432" coveredconditionals="31" coveredmethods="2" elements="729" ncloc="860" files="17" conditionals="244" coveredstatements="51"/>
         <file path="/Users/meganm/Repos/SlicingComparison/maven-project-sampling/stats_working_dir/tdebatty_java-string-similarity/src/main/java/info/debatty/java/stringsimilarity/CharacterInsDelInterface.java" name="CharacterInsDelInterface.java">
            <metrics coveredelements="0" coveredconditionals="0" complexity="0" loc="23" coveredmethods="0" methods="0" elements="0" classes="1" ncloc="5" statements="0" conditionals="0" coveredstatements="0"/>
            <class name="CharacterInsDelInterface">
               <metrics coveredelements="0" coveredconditionals="0" complexity="0" coveredmethods="0" methods="0" elements="0" statements="0" conditionals="0" coveredstatements="0"/>
            </class>
         </file>
         <file path="/Users/meganm/Repos/SlicingComparison/maven-project-sampling/stats_working_dir/tdebatty_java-string-similarity/src/main/java/info/debatty/java/stringsimilarity/CharacterSubstitutionInterface.java" name="CharacterSubstitutionInterface.java">
            <metrics coveredelements="0" coveredconditionals="0" complexity="0" loc="45" coveredmethods="0" methods="0" elements="0" classes="1" ncloc="4" statements="0" conditionals="0" coveredstatements="0"/>
            <class name="CharacterSubstitutionInterface">
               <metrics coveredelements="0" coveredconditionals="0" complexity="0" coveredmethods="0" methods="0" elements="0" statements="0" conditionals="0" coveredstatements="0"/>
            </class>
         </file>
         <file path="/Users/meganm/Repos/SlicingComparison/maven-project-sampling/stats_working_dir/tdebatty_java-string-similarity/src/main/java/info/debatty/java/stringsimilarity/Cosine.java" name="Cosine.java">
            <metrics coveredelements="0" coveredconditionals="0" complexity="14" loc="166" coveredmethods="0" methods="7" elements="50" classes="1" ncloc="70" statements="31" conditionals="12" coveredstatements="0"/>
            <class name="Cosine">
               <metrics coveredelements="0" coveredconditionals="0" complexity="14" coveredmethods="0" methods="7" elements="50" statements="31" conditionals="12" coveredstatements="0"/>
            </class>
            <line complexity="1" visibility="public" signature="Cosine(int)" num="51" count="0" type="method"/>
            <line num="52" count="0" type="stmt"/>
            <line complexity="1" visibility="public" signature="Cosine()" num="61" count="0" type="method"/>
            <line num="62" count="0" type="stmt"/>
            <line complexity="6" visibility="public" signature="similarity(String,String) : double" num="73" count="0" type="method"/>
            <line num="75" count="0" type="stmt"/>
            <line falsecount="0" truecount="0" num="75" type="cond"/>
            <line num="76" count="0" type="stmt"/>
            <line num="79" count="0" type="stmt"/>
            <line falsecount="0" truecount="0" num="79" type="cond"/>
            <line num="80" count="0" type="stmt"/>
            <line num="83" count="0" type="stmt"/>
            <line falsecount="0" truecount="0" num="83" type="cond"/>
            <line num="84" count="0" type="stmt"/>
            <line num="87" count="0" type="stmt"/>
            <line falsecount="0" truecount="0" num="87" type="cond"/>
            <line num="88" count="0" type="stmt"/>
            <line num="91" count="0" type="stmt"/>
            <line num="92" count="0" type="stmt"/>
            <line num="94" count="0" type="stmt"/>
            <line complexity="1" visibility="private" signature="norm(Map&lt;String, Integer&gt;) : double" num="104" count="0" type="method"/>
            <line num="105" count="0" type="stmt"/>
            <line num="107" count="0" type="stmt"/>
            <line num="108" count="0" type="stmt"/>
            <line num="111" count="0" type="stmt"/>
            <line complexity="3" visibility="private" signature="dotProduct(Map&lt;String, Integer&gt;,Map&lt;String, Integer&gt;) : double" num="114" count="0" type="method"/>
            <line num="119" count="0" type="stmt"/>
            <line num="120" count="0" type="stmt"/>
            <line num="121" count="0" type="stmt"/>
            <line falsecount="0" truecount="0" num="121" type="cond"/>
            <line num="122" count="0" type="stmt"/>
            <line num="123" count="0" type="stmt"/>
            <line num="126" count="0" type="stmt"/>
            <line num="127" count="0" type="stmt"/>
            <line num="128" count="0" type="stmt"/>
            <line num="129" count="0" type="stmt"/>
            <line falsecount="0" truecount="0" num="129" type="cond"/>
            <line num="130" count="0" type="stmt"/>
            <line num="132" count="0" type="stmt"/>
            <line num="135" count="0" type="stmt"/>
            <line complexity="1" visibility="public" signature="distance(String,String) : double" num="146" count="0" type="method"/>
            <line num="148" count="0" type="stmt"/>
            <line complexity="1" visibility="public" signature="similarity(Map&lt;String, Integer&gt;,Map&lt;String, Integer&gt;) : double" num="158" count="0" type="method"/>
            <line num="162" count="0" type="stmt"/>
         </file>
         <file path="/Users/meganm/Repos/SlicingComparison/maven-project-sampling/stats_working_dir/tdebatty_java-string-similarity/src/main/java/info/debatty/java/stringsimilarity/Damerau.java" name="Damerau.java">
            <metrics coveredelements="0" coveredconditionals="0" complexity="12" loc="135" coveredmethods="0" methods="2" elements="54" classes="1" ncloc="58" statements="32" conditionals="20" coveredstatements="0"/>
            <class name="Damerau">
               <metrics coveredelements="0" coveredconditionals="0" complexity="12" coveredmethods="0" methods="2" elements="54" statements="32" conditionals="20" coveredstatements="0"/>
            </class>
            <line complexity="11" visibility="public" signature="distance(String,String) : double" num="58" count="0" type="method"/>
            <line num="60" count="0" type="stmt"/>
            <line falsecount="0" truecount="0" num="60" type="cond"/>
            <line num="61" count="0" type="stmt"/>
            <line num="64" count="0" type="stmt"/>
            <line falsecount="0" truecount="0" num="64" type="cond"/>
            <line num="65" count="0" type="stmt"/>
            <line num="68" count="0" type="stmt"/>
            <line falsecount="0" truecount="0" num="68" type="cond"/>
            <line num="69" count="0" type="stmt"/>
            <line num="73" count="0" type="stmt"/>
            <line num="76" count="0" type="stmt"/>
            <line num="78" count="0" type="stmt"/>
            <line falsecount="0" truecount="0" num="78" type="cond"/>
            <line num="79" count="0" type="stmt"/>
            <line num="82" count="0" type="stmt"/>
            <line falsecount="0" truecount="0" num="82" type="cond"/>
            <line num="83" count="0" type="stmt"/>
            <line num="87" count="0" type="stmt"/>
            <line num="90" count="0" type="stmt"/>
            <line falsecount="0" truecount="0" num="90" type="cond"/>
            <line num="91" count="0" type="stmt"/>
            <line num="92" count="0" type="stmt"/>
            <line num="95" count="0" type="stmt"/>
            <line falsecount="0" truecount="0" num="95" type="cond"/>
            <line num="96" count="0" type="stmt"/>
            <line num="97" count="0" type="stmt"/>
            <line num="103" count="0" type="stmt"/>
            <line falsecount="0" truecount="0" num="103" type="cond"/>
            <line num="104" count="0" type="stmt"/>
            <line num="107" count="0" type="stmt"/>
            <line falsecount="0" truecount="0" num="107" type="cond"/>
            <line num="108" count="0" type="stmt"/>
            <line num="109" count="0" type="stmt"/>
            <line num="111" count="0" type="stmt"/>
            <line num="112" count="0" type="stmt"/>
            <line falsecount="0" truecount="0" num="112" type="cond"/>
            <line num="113" count="0" type="stmt"/>
            <line num="114" count="0" type="stmt"/>
            <line num="117" count="0" type="stmt"/>
            <line num="124" count="0" type="stmt"/>
            <line num="127" count="0" type="stmt"/>
            <line complexity="1" visibility="private" signature="min(int,int,int,int) : int" num="130" count="0" type="method"/>
            <line num="132" count="0" type="stmt"/>
         </file>
         <file path="/Users/meganm/Repos/SlicingComparison/maven-project-sampling/stats_working_dir/tdebatty_java-string-similarity/src/main/java/info/debatty/java/stringsimilarity/Jaccard.java" name="Jaccard.java">
            <metrics coveredelements="0" coveredconditionals="0" complexity="7" loc="116" coveredmethods="0" methods="4" elements="26" classes="1" ncloc="41" statements="16" conditionals="6" coveredstatements="0"/>
            <class name="Jaccard">
               <metrics coveredelements="0" coveredconditionals="0" complexity="7" coveredmethods="0" methods="4" elements="26" statements="16" conditionals="6" coveredstatements="0"/>
            </class>
            <line complexity="1" visibility="public" signature="Jaccard(int)" num="58" count="0" type="method"/>
            <line num="59" count="0" type="stmt"/>
            <line complexity="1" visibility="public" signature="Jaccard()" num="67" count="0" type="method"/>
            <line num="68" count="0" type="stmt"/>
            <line complexity="4" visibility="public" signature="similarity(String,String) : double" num="78" count="0" type="method"/>
            <line num="79" count="0" type="stmt"/>
            <line falsecount="0" truecount="0" num="79" type="cond"/>
            <line num="80" count="0" type="stmt"/>
            <line num="83" count="0" type="stmt"/>
            <line falsecount="0" truecount="0" num="83" type="cond"/>
            <line num="84" count="0" type="stmt"/>
            <line num="87" count="0" type="stmt"/>
            <line falsecount="0" truecount="0" num="87" type="cond"/>
            <line num="88" count="0" type="stmt"/>
            <line num="91" count="0" type="stmt"/>
            <line num="92" count="0" type="stmt"/>
            <line num="95" count="0" type="stmt"/>
            <line num="96" count="0" type="stmt"/>
            <line num="97" count="0" type="stmt"/>
            <line num="99" count="0" type="stmt"/>
            <line num="102" count="0" type="stmt"/>
            <line complexity="1" visibility="public" signature="distance(String,String) : double" num="113" count="0" type="method"/>
            <line num="114" count="0" type="stmt"/>
         </file>
         <file path="/Users/meganm/Repos/SlicingComparison/maven-project-sampling/stats_working_dir/tdebatty_java-string-similarity/src/main/java/info/debatty/java/stringsimilarity/JaroWinkler.java" name="JaroWinkler.java">
            <metrics coveredelements="0" coveredconditionals="0" complexity="24" loc="162" coveredmethods="0" methods="6" elements="98" classes="1" ncloc="106" statements="58" conditionals="34" coveredstatements="0"/>
            <class name="JaroWinkler">
               <metrics coveredelements="0" coveredconditionals="0" complexity="24" coveredmethods="0" methods="6" elements="98" statements="58" conditionals="34" coveredstatements="0"/>
            </class>
            <line complexity="1" visibility="public" signature="JaroWinkler()" num="33" count="0" type="method"/>
            <line num="34" count="0" type="stmt"/>
            <line complexity="1" visibility="public" signature="JaroWinkler(double)" num="43" count="0" type="method"/>
            <line num="44" count="0" type="stmt"/>
            <line complexity="1" visibility="public" signature="getThreshold() : double" num="53" count="0" type="method"/>
            <line num="54" count="0" type="stmt"/>
            <line complexity="6" visibility="public" signature="similarity(String,String) : double" num="64" count="0" type="method"/>
            <line num="65" count="0" type="stmt"/>
            <line falsecount="0" truecount="0" num="65" type="cond"/>
            <line num="66" count="0" type="stmt"/>
            <line num="69" count="0" type="stmt"/>
            <line falsecount="0" truecount="0" num="69" type="cond"/>
            <line num="70" count="0" type="stmt"/>
            <line num="73" count="0" type="stmt"/>
            <line falsecount="0" truecount="0" num="73" type="cond"/>
            <line num="74" count="0" type="stmt"/>
            <line num="77" count="0" type="stmt"/>
            <line num="78" count="0" type="stmt"/>
            <line num="79" count="0" type="stmt"/>
            <line falsecount="0" truecount="0" num="79" type="cond"/>
            <line num="80" count="0" type="stmt"/>
            <line num="82" count="0" type="stmt"/>
            <line num="84" count="0" type="stmt"/>
            <line num="86" count="0" type="stmt"/>
            <line falsecount="0" truecount="0" num="86" type="cond"/>
            <line num="87" count="0" type="stmt"/>
            <line num="89" count="0" type="stmt"/>
            <line complexity="1" visibility="public" signature="distance(String,String) : double" num="100" count="0" type="method"/>
            <line num="101" count="0" type="stmt"/>
            <line complexity="14" visibility="private" signature="matches(String,String) : int[]" num="104" count="0" type="method"/>
            <line num="105" count="0" type="stmt"/>
            <line num="106" count="0" type="stmt"/>
            <line falsecount="0" truecount="0" num="106" type="cond"/>
            <line num="107" count="0" type="stmt"/>
            <line num="108" count="0" type="stmt"/>
            <line num="110" count="0" type="stmt"/>
            <line num="111" count="0" type="stmt"/>
            <line num="113" count="0" type="stmt"/>
            <line num="114" count="0" type="stmt"/>
            <line num="115" count="0" type="stmt"/>
            <line num="116" count="0" type="stmt"/>
            <line num="117" count="0" type="stmt"/>
            <line num="118" count="0" type="stmt"/>
            <line falsecount="0" truecount="0" num="118" type="cond"/>
            <line num="119" count="0" type="stmt"/>
            <line num="120" count="0" type="stmt"/>
            <line falsecount="0" truecount="0" num="122" type="cond"/>
            <line num="124" count="0" type="stmt"/>
            <line falsecount="0" truecount="0" num="124" type="cond"/>
            <line num="125" count="0" type="stmt"/>
            <line num="126" count="0" type="stmt"/>
            <line num="127" count="0" type="stmt"/>
            <line num="128" count="0" type="stmt"/>
            <line num="132" count="0" type="stmt"/>
            <line num="133" count="0" type="stmt"/>
            <line num="134" count="0" type="stmt"/>
            <line falsecount="0" truecount="0" num="134" type="cond"/>
            <line num="135" count="0" type="stmt"/>
            <line falsecount="0" truecount="0" num="135" type="cond"/>
            <line num="136" count="0" type="stmt"/>
            <line num="137" count="0" type="stmt"/>
            <line num="140" count="0" type="stmt"/>
            <line falsecount="0" truecount="0" num="140" type="cond"/>
            <line num="141" count="0" type="stmt"/>
            <line falsecount="0" truecount="0" num="141" type="cond"/>
            <line num="142" count="0" type="stmt"/>
            <line num="143" count="0" type="stmt"/>
            <line num="146" count="0" type="stmt"/>
            <line num="147" count="0" type="stmt"/>
            <line falsecount="0" truecount="0" num="147" type="cond"/>
            <line num="148" count="0" type="stmt"/>
            <line falsecount="0" truecount="0" num="148" type="cond"/>
            <line num="149" count="0" type="stmt"/>
            <line num="152" count="0" type="stmt"/>
            <line num="153" count="0" type="stmt"/>
            <line falsecount="0" truecount="0" num="153" type="cond"/>
            <line num="154" count="0" type="stmt"/>
            <line falsecount="0" truecount="0" num="154" type="cond"/>
            <line num="155" count="0" type="stmt"/>
            <line num="157" count="0" type="stmt"/>
            <line num="160" count="0" type="stmt"/>
         </file>
         <file path="/Users/meganm/Repos/SlicingComparison/maven-project-sampling/stats_working_dir/tdebatty_java-string-similarity/src/main/java/info/debatty/java/stringsimilarity/Levenshtein.java" name="Levenshtein.java">
            <metrics coveredelements="0" coveredconditionals="0" complexity="12" loc="126" coveredmethods="0" methods="2" elements="53" classes="1" ncloc="56" statements="31" conditionals="20" coveredstatements="0"/>
            <class name="Levenshtein">
               <metrics coveredelements="0" coveredconditionals="0" complexity="12" coveredmethods="0" methods="2" elements="53" statements="31" conditionals="20" coveredstatements="0"/>
            </class>
            <line complexity="1" visibility="public" signature="distance(String,String) : double" num="19" count="0" type="method"/>
            <line num="20" count="0" type="stmt"/>
            <line complexity="11" visibility="public" signature="distance(String,String,int) : double" num="53" count="0" type="method"/>
            <line num="55" count="0" type="stmt"/>
            <line falsecount="0" truecount="0" num="55" type="cond"/>
            <line num="56" count="0" type="stmt"/>
            <line num="59" count="0" type="stmt"/>
            <line falsecount="0" truecount="0" num="59" type="cond"/>
            <line num="60" count="0" type="stmt"/>
            <line num="63" count="0" type="stmt"/>
            <line falsecount="0" truecount="0" num="63" type="cond"/>
            <line num="64" count="0" type="stmt"/>
            <line num="67" count="0" type="stmt"/>
            <line falsecount="0" truecount="0" num="67" type="cond"/>
            <line num="68" count="0" type="stmt"/>
            <line num="71" count="0" type="stmt"/>
            <line falsecount="0" truecount="0" num="71" type="cond"/>
            <line num="72" count="0" type="stmt"/>
            <line num="76" count="0" type="stmt"/>
            <line num="77" count="0" type="stmt"/>
            <line num="78" count="0" type="stmt"/>
            <line num="83" count="0" type="stmt"/>
            <line falsecount="0" truecount="0" num="83" type="cond"/>
            <line num="84" count="0" type="stmt"/>
            <line num="87" count="0" type="stmt"/>
            <line falsecount="0" truecount="0" num="87" type="cond"/>
            <line num="91" count="0" type="stmt"/>
            <line num="93" count="0" type="stmt"/>
            <line num="96" count="0" type="stmt"/>
            <line falsecount="0" truecount="0" num="96" type="cond"/>
            <line num="97" count="0" type="stmt"/>
            <line num="98" count="0" type="stmt"/>
            <line falsecount="0" truecount="0" num="98" type="cond"/>
            <line num="99" count="0" type="stmt"/>
            <line num="101" count="0" type="stmt"/>
            <line num="107" count="0" type="stmt"/>
            <line num="110" count="0" type="stmt"/>
            <line falsecount="0" truecount="0" num="110" type="cond"/>
            <line num="111" count="0" type="stmt"/>
            <line num="118" count="0" type="stmt"/>
            <line num="119" count="0" type="stmt"/>
            <line num="120" count="0" type="stmt"/>
            <line num="124" count="0" type="stmt"/>
         </file>
         <file path="/Users/meganm/Repos/SlicingComparison/maven-project-sampling/stats_working_dir/tdebatty_java-string-similarity/src/main/java/info/debatty/java/stringsimilarity/LongestCommonSubsequence.java" name="LongestCommonSubsequence.java">
            <metrics coveredelements="0" coveredconditionals="0" complexity="10" loc="110" coveredmethods="0" methods="2" elements="40" classes="1" ncloc="41" statements="22" conditionals="16" coveredstatements="0"/>
            <class name="LongestCommonSubsequence">
               <metrics coveredelements="0" coveredconditionals="0" complexity="10" coveredmethods="0" methods="2" elements="40" statements="22" conditionals="16" coveredstatements="0"/>
            </class>
            <line complexity="4" visibility="public" signature="distance(String,String) : double" num="39" count="0" type="method"/>
            <line num="40" count="0" type="stmt"/>
            <line falsecount="0" truecount="0" num="40" type="cond"/>
            <line num="41" count="0" type="stmt"/>
            <line num="44" count="0" type="stmt"/>
            <line falsecount="0" truecount="0" num="44" type="cond"/>
            <line num="45" count="0" type="stmt"/>
            <line num="48" count="0" type="stmt"/>
            <line falsecount="0" truecount="0" num="48" type="cond"/>
            <line num="49" count="0" type="stmt"/>
            <line num="52" count="0" type="stmt"/>
            <line complexity="6" visibility="public" signature="length(String,String) : int" num="64" count="0" type="method"/>
            <line num="65" count="0" type="stmt"/>
            <line falsecount="0" truecount="0" num="65" type="cond"/>
            <line num="66" count="0" type="stmt"/>
            <line num="69" count="0" type="stmt"/>
            <line falsecount="0" truecount="0" num="69" type="cond"/>
            <line num="70" count="0" type="stmt"/>
            <line num="90" count="0" type="stmt"/>
            <line num="91" count="0" type="stmt"/>
            <line num="92" count="0" type="stmt"/>
            <line num="93" count="0" type="stmt"/>
            <line num="95" count="0" type="stmt"/>
            <line num="97" count="0" type="stmt"/>
            <line falsecount="0" truecount="0" num="97" type="cond"/>
            <line num="98" count="0" type="stmt"/>
            <line falsecount="0" truecount="0" num="98" type="cond"/>
            <line num="99" count="0" type="stmt"/>
            <line falsecount="0" truecount="0" num="99" type="cond"/>
            <line num="100" count="0" type="stmt"/>
            <line num="103" count="0" type="stmt"/>
            <line num="108" count="0" type="stmt"/>
         </file>
         <file path="/Users/meganm/Repos/SlicingComparison/maven-project-sampling/stats_working_dir/tdebatty_java-string-similarity/src/main/java/info/debatty/java/stringsimilarity/MetricLCS.java" name="MetricLCS.java">
            <metrics coveredelements="0" coveredconditionals="0" complexity="5" loc="73" coveredmethods="0" methods="1" elements="19" classes="1" ncloc="27" statements="10" conditionals="8" coveredstatements="0"/>
            <class name="MetricLCS">
               <metrics coveredelements="0" coveredconditionals="0" complexity="5" coveredmethods="0" methods="1" elements="19" statements="10" conditionals="8" coveredstatements="0"/>
            </class>
            <line complexity="5" visibility="public" signature="distance(String,String) : double" num="52" count="0" type="method"/>
            <line num="53" count="0" type="stmt"/>
            <line falsecount="0" truecount="0" num="53" type="cond"/>
            <line num="54" count="0" type="stmt"/>
            <line num="57" count="0" type="stmt"/>
            <line falsecount="0" truecount="0" num="57" type="cond"/>
            <line num="58" count="0" type="stmt"/>
            <line num="61" count="0" type="stmt"/>
            <line falsecount="0" truecount="0" num="61" type="cond"/>
            <line num="62" count="0" type="stmt"/>
            <line num="65" count="0" type="stmt"/>
            <line num="66" count="0" type="stmt"/>
            <line falsecount="0" truecount="0" num="66" type="cond"/>
            <line num="67" count="0" type="stmt"/>
            <line num="69" count="0" type="stmt"/>
         </file>
         <file path="/Users/meganm/Repos/SlicingComparison/maven-project-sampling/stats_working_dir/tdebatty_java-string-similarity/src/main/java/info/debatty/java/stringsimilarity/NGram.java" name="NGram.java">
            <metrics coveredelements="84" coveredconditionals="31" complexity="23" loc="143" coveredmethods="2" methods="3" elements="95" classes="1" ncloc="90" statements="56" conditionals="36" coveredstatements="51"/>
            <class name="NGram">
               <metrics coveredelements="84" coveredconditionals="31" complexity="23" coveredmethods="2" methods="3" elements="95" statements="56" conditionals="36" coveredstatements="51"/>
            </class>
            <line complexity="1" visibility="public" signature="NGram(int)" num="27" count="0" type="method"/>
            <line num="28" count="0" type="stmt"/>
            <line complexity="1" visibility="public" signature="NGram()" num="34" count="1" type="method"/>
            <line num="35" count="1" type="stmt"/>
            <line complexity="21" visibility="public" signature="distance(String,String) : double" num="45" count="12" type="method"/>
            <line num="46" count="12" type="stmt"/>
            <line falsecount="10" truecount="2" num="46" type="cond"/>
            <line num="47" count="2" type="stmt"/>
            <line num="50" count="10" type="stmt"/>
            <line falsecount="9" truecount="1" num="50" type="cond"/>
            <line num="51" count="1" type="stmt"/>
            <line num="54" count="9" type="stmt"/>
            <line falsecount="6" truecount="3" num="54" type="cond"/>
            <line num="55" count="3" type="stmt"/>
            <line num="58" count="6" type="stmt"/>
            <line num="59" count="6" type="stmt"/>
            <line num="60" count="6" type="stmt"/>
            <line num="62" count="6" type="stmt"/>
            <line falsecount="4" truecount="2" num="62" type="cond"/>
            <line num="63" count="2" type="stmt"/>
            <line num="66" count="4" type="stmt"/>
            <line num="67" count="4" type="stmt"/>
            <line falsecount="4" truecount="0" num="67" type="cond"/>
            <line num="68" count="0" type="stmt"/>
            <line falsecount="0" truecount="0" num="68" type="cond"/>
            <line num="69" count="0" type="stmt"/>
            <line falsecount="0" truecount="0" num="69" type="cond"/>
            <line num="70" count="0" type="stmt"/>
            <line num="73" count="0" type="stmt"/>
            <line num="76" count="4" type="stmt"/>
            <line num="77" count="4" type="stmt"/>
            <line num="78" count="4" type="stmt"/>
            <line num="79" count="4" type="stmt"/>
            <line num="82" count="4" type="stmt"/>
            <line falsecount="4" truecount="36" num="82" type="cond"/>
            <line num="83" count="36" type="stmt"/>
            <line falsecount="32" truecount="4" num="83" type="cond"/>
            <line num="84" count="4" type="stmt"/>
            <line num="86" count="32" type="stmt"/>
            <line num="89" count="4" type="stmt"/>
            <line num="90" count="4" type="stmt"/>
            <line num="93" count="4" type="stmt"/>
            <line num="94" count="4" type="stmt"/>
            <line num="96" count="4" type="stmt"/>
            <line num="98" count="4" type="stmt"/>
            <line falsecount="4" truecount="36" num="98" type="cond"/>
            <line num="99" count="36" type="stmt"/>
            <line num="102" count="4" type="stmt"/>
            <line falsecount="4" truecount="40" num="102" type="cond"/>
            <line num="104" count="40" type="stmt"/>
            <line falsecount="36" truecount="4" num="104" type="cond"/>
            <line num="105" count="4" type="stmt"/>
            <line falsecount="4" truecount="4" num="105" type="cond"/>
            <line num="106" count="4" type="stmt"/>
            <line num="108" count="4" type="stmt"/>
            <line falsecount="4" truecount="4" num="108" type="cond"/>
            <line num="109" count="4" type="stmt"/>
            <line num="112" count="36" type="stmt"/>
            <line num="114" count="40" type="stmt"/>
            <line num="115" count="40" type="stmt"/>
            <line falsecount="40" truecount="320" num="115" type="cond"/>
            <line num="116" count="320" type="stmt"/>
            <line num="117" count="320" type="stmt"/>
            <line num="119" count="320" type="stmt"/>
            <line falsecount="320" truecount="640" num="119" type="cond"/>
            <line num="120" count="640" type="stmt"/>
            <line falsecount="124" truecount="516" num="120" type="cond"/>
            <line num="121" count="516" type="stmt"/>
            <line num="122" count="124" type="stmt"/>
            <line falsecount="120" truecount="4" num="122" type="cond"/>
            <line num="124" count="4" type="stmt"/>
            <line num="127" count="320" type="stmt"/>
            <line num="130" count="320" type="stmt"/>
            <line num="134" count="40" type="stmt"/>
            <line num="135" count="40" type="stmt"/>
            <line num="136" count="40" type="stmt"/>
            <line num="141" count="4" type="stmt"/>
         </file>
         <file path="/Users/meganm/Repos/SlicingComparison/maven-project-sampling/stats_working_dir/tdebatty_java-string-similarity/src/main/java/info/debatty/java/stringsimilarity/NormalizedLevenshtein.java" name="NormalizedLevenshtein.java">
            <metrics coveredelements="0" coveredconditionals="0" complexity="6" loc="85" coveredmethods="0" methods="2" elements="21" classes="1" ncloc="28" statements="11" conditionals="8" coveredstatements="0"/>
            <class name="NormalizedLevenshtein">
               <metrics coveredelements="0" coveredconditionals="0" complexity="6" coveredmethods="0" methods="2" elements="21" statements="11" conditionals="8" coveredstatements="0"/>
            </class>
            <line complexity="5" visibility="public" signature="distance(String,String) : double" num="51" count="0" type="method"/>
            <line num="53" count="0" type="stmt"/>
            <line falsecount="0" truecount="0" num="53" type="cond"/>
            <line num="54" count="0" type="stmt"/>
            <line num="57" count="0" type="stmt"/>
            <line falsecount="0" truecount="0" num="57" type="cond"/>
            <line num="58" count="0" type="stmt"/>
            <line num="61" count="0" type="stmt"/>
            <line falsecount="0" truecount="0" num="61" type="cond"/>
            <line num="62" count="0" type="stmt"/>
            <line num="65" count="0" type="stmt"/>
            <line num="67" count="0" type="stmt"/>
            <line falsecount="0" truecount="0" num="67" type="cond"/>
            <line num="68" count="0" type="stmt"/>
            <line num="71" count="0" type="stmt"/>
            <line complexity="1" visibility="public" signature="similarity(String,String) : double" num="81" count="0" type="method"/>
            <line num="82" count="0" type="stmt"/>
         </file>
         <file path="/Users/meganm/Repos/SlicingComparison/maven-project-sampling/stats_working_dir/tdebatty_java-string-similarity/src/main/java/info/debatty/java/stringsimilarity/OptimalStringAlignment.java" name="OptimalStringAlignment.java">
            <metrics coveredelements="0" coveredconditionals="0" complexity="16" loc="122" coveredmethods="0" methods="2" elements="51" classes="1" ncloc="55" statements="27" conditionals="22" coveredstatements="0"/>
            <class name="OptimalStringAlignment">
               <metrics coveredelements="0" coveredconditionals="0" complexity="16" coveredmethods="0" methods="2" elements="51" statements="27" conditionals="22" coveredstatements="0"/>
            </class>
            <line complexity="15" visibility="public" signature="distance(String,String) : double" num="54" count="0" type="method"/>
            <line num="55" count="0" type="stmt"/>
            <line falsecount="0" truecount="0" num="55" type="cond"/>
            <line num="56" count="0" type="stmt"/>
            <line num="59" count="0" type="stmt"/>
            <line falsecount="0" truecount="0" num="59" type="cond"/>
            <line num="60" count="0" type="stmt"/>
            <line num="63" count="0" type="stmt"/>
            <line falsecount="0" truecount="0" num="63" type="cond"/>
            <line num="64" count="0" type="stmt"/>
            <line num="67" count="0" type="stmt"/>
            <line num="69" count="0" type="stmt"/>
            <line falsecount="0" truecount="0" num="69" type="cond"/>
            <line num="70" count="0" type="stmt"/>
            <line num="73" count="0" type="stmt"/>
            <line falsecount="0" truecount="0" num="73" type="cond"/>
            <line num="74" count="0" type="stmt"/>
            <line num="78" count="0" type="stmt"/>
            <line num="81" count="0" type="stmt"/>
            <line falsecount="0" truecount="0" num="81" type="cond"/>
            <line num="82" count="0" type="stmt"/>
            <line num="84" count="0" type="stmt"/>
            <line falsecount="0" truecount="0" num="84" type="cond"/>
            <line num="85" count="0" type="stmt"/>
            <line num="89" count="0" type="stmt"/>
            <line num="91" count="0" type="stmt"/>
            <line falsecount="0" truecount="0" num="91" type="cond"/>
            <line num="92" count="0" type="stmt"/>
            <line falsecount="0" truecount="0" num="92" type="cond"/>
            <line num="95" count="0" type="stmt"/>
            <line num="96" count="0" type="stmt"/>
            <line falsecount="0" truecount="0" num="96" type="cond"/>
            <line num="97" count="0" type="stmt"/>
            <line num="100" count="0" type="stmt"/>
            <line num="107" count="0" type="stmt"/>
            <line falsecount="0" truecount="0" num="107" type="cond"/>
            <line num="110" count="0" type="stmt"/>
            <line num="115" count="0" type="stmt"/>
            <line complexity="1" visibility="private" signature="min(int,int,int) : int" num="118" count="0" type="method"/>
            <line num="120" count="0" type="stmt"/>
         </file>
         <file path="/Users/meganm/Repos/SlicingComparison/maven-project-sampling/stats_working_dir/tdebatty_java-string-similarity/src/main/java/info/debatty/java/stringsimilarity/QGram.java" name="QGram.java">
            <metrics coveredelements="0" coveredconditionals="0" complexity="9" loc="113" coveredmethods="0" methods="4" elements="40" classes="1" ncloc="51" statements="26" conditionals="10" coveredstatements="0"/>
            <class name="QGram">
               <metrics coveredelements="0" coveredconditionals="0" complexity="9" coveredmethods="0" methods="4" elements="40" statements="26" conditionals="10" coveredstatements="0"/>
            </class>
            <line complexity="1" visibility="public" signature="QGram(int)" num="35" count="0" type="method"/>
            <line num="36" count="0" type="stmt"/>
            <line complexity="1" visibility="public" signature="QGram()" num="49" count="0" type="method"/>
            <line num="50" count="0" type="stmt"/>
            <line complexity="4" visibility="public" signature="distance(String,String) : double" num="62" count="0" type="method"/>
            <line num="63" count="0" type="stmt"/>
            <line falsecount="0" truecount="0" num="63" type="cond"/>
            <line num="64" count="0" type="stmt"/>
            <line num="67" count="0" type="stmt"/>
            <line falsecount="0" truecount="0" num="67" type="cond"/>
            <line num="68" count="0" type="stmt"/>
            <line num="71" count="0" type="stmt"/>
            <line falsecount="0" truecount="0" num="71" type="cond"/>
            <line num="72" count="0" type="stmt"/>
            <line num="75" count="0" type="stmt"/>
            <line num="76" count="0" type="stmt"/>
            <line num="78" count="0" type="stmt"/>
            <line complexity="3" visibility="public" signature="distance(Map&lt;String, Integer&gt;,Map&lt;String, Integer&gt;) : double" num="88" count="0" type="method"/>
            <line num="92" count="0" type="stmt"/>
            <line num="93" count="0" type="stmt"/>
            <line num="94" count="0" type="stmt"/>
            <line num="96" count="0" type="stmt"/>
            <line num="97" count="0" type="stmt"/>
            <line num="98" count="0" type="stmt"/>
            <line num="99" count="0" type="stmt"/>
            <line num="100" count="0" type="stmt"/>
            <line num="101" count="0" type="stmt"/>
            <line falsecount="0" truecount="0" num="101" type="cond"/>
            <line num="102" count="0" type="stmt"/>
            <line num="105" count="0" type="stmt"/>
            <line num="106" count="0" type="stmt"/>
            <line falsecount="0" truecount="0" num="106" type="cond"/>
            <line num="107" count="0" type="stmt"/>
            <line num="109" count="0" type="stmt"/>
            <line num="111" count="0" type="stmt"/>
         </file>
         <file path="/Users/meganm/Repos/SlicingComparison/maven-project-sampling/stats_working_dir/tdebatty_java-string-similarity/src/main/java/info/debatty/java/stringsimilarity/RatcliffObershelp.java" name="RatcliffObershelp.java">
            <metrics coveredelements="0" coveredconditionals="0" complexity="12" loc="132" coveredmethods="0" methods="4" elements="52" classes="1" ncloc="62" statements="34" conditionals="14" coveredstatements="0"/>
            <class name="RatcliffObershelp">
               <metrics coveredelements="0" coveredconditionals="0" complexity="12" coveredmethods="0" methods="4" elements="52" statements="34" conditionals="14" coveredstatements="0"/>
            </class>
            <line complexity="4" visibility="public" signature="similarity(String,String) : double" num="58" count="0" type="method"/>
            <line num="60" count="0" type="stmt"/>
            <line falsecount="0" truecount="0" num="60" type="cond"/>
            <line num="61" count="0" type="stmt"/>
            <line num="64" count="0" type="stmt"/>
            <line falsecount="0" truecount="0" num="64" type="cond"/>
            <line num="65" count="0" type="stmt"/>
            <line num="68" count="0" type="stmt"/>
            <line falsecount="0" truecount="0" num="68" type="cond"/>
            <line num="69" count="0" type="stmt"/>
            <line num="72" count="0" type="stmt"/>
            <line num="73" count="0" type="stmt"/>
            <line num="75" count="0" type="stmt"/>
            <line num="76" count="0" type="stmt"/>
            <line num="79" count="0" type="stmt"/>
            <line complexity="1" visibility="public" signature="distance(String,String) : double" num="90" count="0" type="method"/>
            <line num="92" count="0" type="stmt"/>
            <line complexity="2" visibility="private" signature="getMatchList(String,String) : List&lt;String&gt;" num="95" count="0" type="method"/>
            <line num="96" count="0" type="stmt"/>
            <line num="97" count="0" type="stmt"/>
            <line num="99" count="0" type="stmt"/>
            <line falsecount="0" truecount="0" num="99" type="cond"/>
            <line num="100" count="0" type="stmt"/>
            <line num="101" count="0" type="stmt"/>
            <line num="102" count="0" type="stmt"/>
            <line num="104" count="0" type="stmt"/>
            <line num="105" count="0" type="stmt"/>
            <line num="106" count="0" type="stmt"/>
            <line num="108" count="0" type="stmt"/>
            <line num="109" count="0" type="stmt"/>
            <line num="110" count="0" type="stmt"/>
            <line num="113" count="0" type="stmt"/>
            <line complexity="5" visibility="private" signature="frontMaxMatch(String,String) : String" num="116" count="0" type="method"/>
            <line num="117" count="0" type="stmt"/>
            <line num="118" count="0" type="stmt"/>
            <line num="120" count="0" type="stmt"/>
            <line falsecount="0" truecount="0" num="120" type="cond"/>
            <line num="121" count="0" type="stmt"/>
            <line falsecount="0" truecount="0" num="121" type="cond"/>
            <line num="122" count="0" type="stmt"/>
            <line num="123" count="0" type="stmt"/>
            <line falsecount="0" truecount="0" num="123" type="cond"/>
            <line num="124" count="0" type="stmt"/>
            <line num="125" count="0" type="stmt"/>
            <line num="130" count="0" type="stmt"/>
         </file>
         <file path="/Users/meganm/Repos/SlicingComparison/maven-project-sampling/stats_working_dir/tdebatty_java-string-similarity/src/main/java/info/debatty/java/stringsimilarity/ShingleBased.java" name="ShingleBased.java">
            <metrics coveredelements="0" coveredconditionals="0" complexity="7" loc="120" coveredmethods="0" methods="4" elements="24" classes="1" ncloc="38" statements="14" conditionals="6" coveredstatements="0"/>
            <class name="ShingleBased">
               <metrics coveredelements="0" coveredconditionals="0" complexity="7" coveredmethods="0" methods="4" elements="24" statements="14" conditionals="6" coveredstatements="0"/>
            </class>
            <line complexity="2" visibility="public" signature="ShingleBased(int)" num="70" count="0" type="method"/>
            <line num="71" count="0" type="stmt"/>
            <line falsecount="0" truecount="0" num="71" type="cond"/>
            <line num="72" count="0" type="stmt"/>
            <line num="74" count="0" type="stmt"/>
            <line complexity="1" visibility="package" signature="ShingleBased()" num="80" count="0" type="method"/>
            <line num="81" count="0" type="stmt"/>
            <line complexity="1" visibility="public" signature="getK() : int" num="89" count="0" type="method"/>
            <line num="90" count="0" type="stmt"/>
            <line complexity="3" visibility="public" signature="getProfile(String) : Map&lt;String, Integer&gt;" num="104" count="0" type="method"/>
            <line num="105" count="0" type="stmt"/>
            <line num="107" count="0" type="stmt"/>
            <line num="108" count="0" type="stmt"/>
            <line falsecount="0" truecount="0" num="108" type="cond"/>
            <line num="109" count="0" type="stmt"/>
            <line num="110" count="0" type="stmt"/>
            <line num="111" count="0" type="stmt"/>
            <line falsecount="0" truecount="0" num="111" type="cond"/>
            <line num="112" count="0" type="stmt"/>
            <line num="114" count="0" type="stmt"/>
            <line num="118" count="0" type="stmt"/>
         </file>
         <file path="/Users/meganm/Repos/SlicingComparison/maven-project-sampling/stats_working_dir/tdebatty_java-string-similarity/src/main/java/info/debatty/java/stringsimilarity/SorensenDice.java" name="SorensenDice.java">
            <metrics coveredelements="0" coveredconditionals="0" complexity="9" loc="122" coveredmethods="0" methods="4" elements="31" classes="1" ncloc="43" statements="19" conditionals="8" coveredstatements="0"/>
            <class name="SorensenDice">
               <metrics coveredelements="0" coveredconditionals="0" complexity="9" coveredmethods="0" methods="4" elements="31" statements="19" conditionals="8" coveredstatements="0"/>
            </class>
            <line complexity="1" visibility="public" signature="SorensenDice(int)" num="55" count="0" type="method"/>
            <line num="56" count="0" type="stmt"/>
            <line complexity="1" visibility="public" signature="SorensenDice()" num="68" count="0" type="method"/>
            <line num="69" count="0" type="stmt"/>
            <line complexity="6" visibility="public" signature="similarity(String,String) : double" num="80" count="0" type="method"/>
            <line num="81" count="0" type="stmt"/>
            <line falsecount="0" truecount="0" num="81" type="cond"/>
            <line num="82" count="0" type="stmt"/>
            <line num="85" count="0" type="stmt"/>
            <line falsecount="0" truecount="0" num="85" type="cond"/>
            <line num="86" count="0" type="stmt"/>
            <line num="89" count="0" type="stmt"/>
            <line falsecount="0" truecount="0" num="89" type="cond"/>
            <line num="90" count="0" type="stmt"/>
            <line num="93" count="0" type="stmt"/>
            <line num="94" count="0" type="stmt"/>
            <line num="96" count="0" type="stmt"/>
            <line num="97" count="0" type="stmt"/>
            <line num="98" count="0" type="stmt"/>
            <line num="100" count="0" type="stmt"/>
            <line num="102" count="0" type="stmt"/>
            <line num="103" count="0" type="stmt"/>
            <line falsecount="0" truecount="0" num="103" type="cond"/>
            <line num="104" count="0" type="stmt"/>
            <line num="108" count="0" type="stmt"/>
            <line complexity="1" visibility="public" signature="distance(String,String) : double" num="119" count="0" type="method"/>
            <line num="120" count="0" type="stmt"/>
         </file>
         <file path="/Users/meganm/Repos/SlicingComparison/maven-project-sampling/stats_working_dir/tdebatty_java-string-similarity/src/main/java/info/debatty/java/stringsimilarity/WeightedLevenshtein.java" name="WeightedLevenshtein.java">
            <metrics coveredelements="0" coveredconditionals="0" complexity="18" loc="177" coveredmethods="0" methods="6" elements="75" classes="1" ncloc="85" statements="45" conditionals="24" coveredstatements="0"/>
            <class name="WeightedLevenshtein">
               <metrics coveredelements="0" coveredconditionals="0" complexity="18" coveredmethods="0" methods="6" elements="75" statements="45" conditionals="24" coveredstatements="0"/>
            </class>
            <line complexity="1" visibility="public" signature="WeightedLevenshtein(CharacterSubstitutionInterface)" num="45" count="0" type="method"/>
            <line num="46" count="0" type="stmt"/>
            <line complexity="1" visibility="public" signature="WeightedLevenshtein(CharacterSubstitutionInterface,CharacterInsDelInterface)" num="56" count="0" type="method"/>
            <line num="58" count="0" type="stmt"/>
            <line num="59" count="0" type="stmt"/>
            <line complexity="1" visibility="public" signature="distance(String,String) : double" num="65" count="0" type="method"/>
            <line num="66" count="0" type="stmt"/>
            <line complexity="11" visibility="public" signature="distance(String,String,double) : double" num="81" count="0" type="method"/>
            <line num="83" count="0" type="stmt"/>
            <line falsecount="0" truecount="0" num="83" type="cond"/>
            <line num="84" count="0" type="stmt"/>
            <line num="87" count="0" type="stmt"/>
            <line falsecount="0" truecount="0" num="87" type="cond"/>
            <line num="88" count="0" type="stmt"/>
            <line num="91" count="0" type="stmt"/>
            <line falsecount="0" truecount="0" num="91" type="cond"/>
            <line num="92" count="0" type="stmt"/>
            <line num="95" count="0" type="stmt"/>
            <line falsecount="0" truecount="0" num="95" type="cond"/>
            <line num="96" count="0" type="stmt"/>
            <line num="99" count="0" type="stmt"/>
            <line falsecount="0" truecount="0" num="99" type="cond"/>
            <line num="100" count="0" type="stmt"/>
            <line num="104" count="0" type="stmt"/>
            <line num="105" count="0" type="stmt"/>
            <line num="106" count="0" type="stmt"/>
            <line num="111" count="0" type="stmt"/>
            <line num="112" count="0" type="stmt"/>
            <line falsecount="0" truecount="0" num="112" type="cond"/>
            <line num="113" count="0" type="stmt"/>
            <line num="116" count="0" type="stmt"/>
            <line falsecount="0" truecount="0" num="116" type="cond"/>
            <line num="117" count="0" type="stmt"/>
            <line num="118" count="0" type="stmt"/>
            <line num="124" count="0" type="stmt"/>
            <line num="126" count="0" type="stmt"/>
            <line num="129" count="0" type="stmt"/>
            <line falsecount="0" truecount="0" num="129" type="cond"/>
            <line num="130" count="0" type="stmt"/>
            <line num="131" count="0" type="stmt"/>
            <line num="132" count="0" type="stmt"/>
            <line falsecount="0" truecount="0" num="132" type="cond"/>
            <line num="133" count="0" type="stmt"/>
            <line num="135" count="0" type="stmt"/>
            <line num="136" count="0" type="stmt"/>
            <line num="142" count="0" type="stmt"/>
            <line num="145" count="0" type="stmt"/>
            <line falsecount="0" truecount="0" num="145" type="cond"/>
            <line num="146" count="0" type="stmt"/>
            <line num="152" count="0" type="stmt"/>
            <line num="153" count="0" type="stmt"/>
            <line num="154" count="0" type="stmt"/>
            <line num="158" count="0" type="stmt"/>
            <line complexity="2" visibility="private" signature="insertionCost(char) : double" num="162" count="0" type="method"/>
            <line num="163" count="0" type="stmt"/>
            <line falsecount="0" truecount="0" num="163" type="cond"/>
            <line num="164" count="0" type="stmt"/>
            <line num="166" count="0" type="stmt"/>
            <line complexity="2" visibility="private" signature="deletionCost(char) : double" num="170" count="0" type="method"/>
            <line num="171" count="0" type="stmt"/>
            <line falsecount="0" truecount="0" num="171" type="cond"/>
            <line num="172" count="0" type="stmt"/>
            <line num="174" count="0" type="stmt"/>
         </file>
      </package>
      <package name="info.debatty.java.stringsimilarity.experimental">
         <metrics coveredelements="0" complexity="28" loc="190" methods="3" classes="2" statements="60" coveredconditionals="0" coveredmethods="0" elements="93" ncloc="101" files="1" conditionals="30" coveredstatements="0"/>
         <file path="/Users/meganm/Repos/SlicingComparison/maven-project-sampling/stats_working_dir/tdebatty_java-string-similarity/src/main/java/info/debatty/java/stringsimilarity/experimental/Sift4.java" name="Sift4.java">
            <metrics coveredelements="0" coveredconditionals="0" complexity="28" loc="190" coveredmethods="0" methods="3" elements="93" classes="2" ncloc="101" statements="60" conditionals="30" coveredstatements="0"/>
            <class name="Sift4">
               <metrics coveredelements="0" coveredconditionals="0" complexity="27" coveredmethods="0" methods="2" elements="89" statements="57" conditionals="30" coveredstatements="0"/>
            </class>
            <class name="Sift4.Offset">
               <metrics coveredelements="0" coveredconditionals="0" complexity="1" coveredmethods="0" methods="1" elements="4" statements="3" conditionals="0" coveredstatements="0"/>
            </class>
            <line complexity="1" visibility="public" signature="setMaxOffset(int) : void" num="49" count="0" type="method"/>
            <line num="50" count="0" type="stmt"/>
            <line complexity="26" visibility="public" signature="distance(String,String) : double" num="65" count="0" type="method"/>
            <line complexity="1" visibility="package" signature="Offset(int,int,boolean)" num="77" count="0" type="method"/>
            <line num="78" count="0" type="stmt"/>
            <line num="79" count="0" type="stmt"/>
            <line num="80" count="0" type="stmt"/>
            <line num="84" count="0" type="stmt"/>
            <line falsecount="0" truecount="0" num="84" type="cond"/>
            <line num="85" count="0" type="stmt"/>
            <line falsecount="0" truecount="0" num="85" type="cond"/>
            <line num="86" count="0" type="stmt"/>
            <line num="89" count="0" type="stmt"/>
            <line num="92" count="0" type="stmt"/>
            <line falsecount="0" truecount="0" num="92" type="cond"/>
            <line num="93" count="0" type="stmt"/>
            <line num="96" count="0" type="stmt"/>
            <line num="97" count="0" type="stmt"/>
            <line num="99" count="0" type="stmt"/>
            <line num="100" count="0" type="stmt"/>
            <line num="101" count="0" type="stmt"/>
            <line num="102" count="0" type="stmt"/>
            <line num="103" count="0" type="stmt"/>
            <line num="106" count="0" type="stmt"/>
            <line num="108" count="0" type="stmt"/>
            <line falsecount="0" truecount="0" num="108" type="cond"/>
            <line num="109" count="0" type="stmt"/>
            <line falsecount="0" truecount="0" num="109" type="cond"/>
            <line num="110" count="0" type="stmt"/>
            <line num="111" count="0" type="stmt"/>
            <line num="113" count="0" type="stmt"/>
            <line num="114" count="0" type="stmt"/>
            <line falsecount="0" truecount="0" num="114" type="cond"/>
            <line num="115" count="0" type="stmt"/>
            <line num="116" count="0" type="stmt"/>
            <line falsecount="0" truecount="0" num="116" type="cond"/>
            <line num="120" count="0" type="stmt"/>
            <line num="122" count="0" type="stmt"/>
            <line falsecount="0" truecount="0" num="122" type="cond"/>
            <line num="124" count="0" type="stmt"/>
            <line num="126" count="0" type="stmt"/>
            <line falsecount="0" truecount="0" num="126" type="cond"/>
            <line num="127" count="0" type="stmt"/>
            <line num="128" count="0" type="stmt"/>
            <line num="132" count="0" type="stmt"/>
            <line num="134" count="0" type="stmt"/>
            <line falsecount="0" truecount="0" num="134" type="cond"/>
            <line num="135" count="0" type="stmt"/>
            <line num="137" count="0" type="stmt"/>
            <line num="141" count="0" type="stmt"/>
            <line num="146" count="0" type="stmt"/>
            <line num="147" count="0" type="stmt"/>
            <line num="148" count="0" type="stmt"/>
            <line falsecount="0" truecount="0" num="148" type="cond"/>
            <line num="150" count="0" type="stmt"/>
            <line num="151" count="0" type="stmt"/>
            <line num="157" count="0" type="stmt"/>
            <line falsecount="0" truecount="0" num="159" type="cond"/>
            <line num="162" count="0" type="stmt"/>
            <line falsecount="0" truecount="0" num="162" type="cond"/>
            <line num="163" count="0" type="stmt"/>
            <line num="164" count="0" type="stmt"/>
            <line num="165" count="0" type="stmt"/>
            <line num="168" count="0" type="stmt"/>
            <line falsecount="0" truecount="0" num="168" type="cond"/>
            <line num="169" count="0" type="stmt"/>
            <line num="170" count="0" type="stmt"/>
            <line num="171" count="0" type="stmt"/>
            <line num="175" count="0" type="stmt"/>
            <line num="176" count="0" type="stmt"/>
            <line num="179" count="0" type="stmt"/>
            <line falsecount="0" truecount="0" num="179" type="cond"/>
            <line num="180" count="0" type="stmt"/>
            <line num="181" count="0" type="stmt"/>
            <line num="182" count="0" type="stmt"/>
            <line num="183" count="0" type="stmt"/>
            <line num="186" count="0" type="stmt"/>
            <line num="188" count="0" type="stmt"/>
         </file>
      </package>
   </project>
   <testproject name="java-string-similarity 2.0.1-SNAPSHOT" timestamp="1741604000876">
      <metrics coveredelements="24" complexity="48" loc="1067" methods="35" classes="16" statements="219" packages="3" coveredconditionals="0" coveredmethods="3" elements="264" ncloc="481" files="16" conditionals="10" coveredstatements="21"/>
      <package name="info.debatty.java.stringsimilarity">
         <metrics coveredelements="12" complexity="37" loc="935" methods="30" classes="14" statements="180" coveredconditionals="0" coveredmethods="1" elements="220" ncloc="399" files="14" conditionals="10" coveredstatements="11"/>
         <file path="/Users/meganm/Repos/SlicingComparison/maven-project-sampling/stats_working_dir/tdebatty_java-string-similarity/src/test/java/info/debatty/java/stringsimilarity/CosineTest.java" name="CosineTest.java">
            <metrics coveredelements="0" coveredconditionals="0" complexity="8" loc="131" coveredmethods="0" methods="7" elements="48" classes="1" ncloc="72" statements="39" conditionals="2" coveredstatements="0"/>
            <class name="CosineTest">
               <metrics coveredelements="0" coveredconditionals="0" complexity="8" coveredmethods="0" methods="7" elements="48" statements="39" conditionals="2" coveredstatements="0"/>
            </class>
            <line complexity="1" visibility="public" signature="testSimilarity() : void" num="45" count="0" type="method"/>
            <line num="47" count="0" type="stmt"/>
            <line num="48" count="0" type="stmt"/>
            <line num="49" count="0" type="stmt"/>
            <line num="50" count="0" type="stmt"/>
            <line num="52" count="0" type="stmt"/>
            <line complexity="1" visibility="public" signature="testSmallString() : void" num="58" count="0" type="method"/>
            <line num="60" count="0" type="stmt"/>
            <line num="61" count="0" type="stmt"/>
            <line num="62" count="0" type="stmt"/>
            <line num="63" count="0" type="stmt"/>
            <line complexity="1" visibility="public" signature="testLargeString() : void" num="66" count="0" type="method"/>
            <line num="69" count="0" type="stmt"/>
            <line num="70" count="0" type="stmt"/>
            <line num="73" count="0" type="stmt"/>
            <line num="74" count="0" type="stmt"/>
            <line num="75" count="0" type="stmt"/>
            <line num="77" count="0" type="stmt"/>
            <line complexity="1" visibility="public" signature="testDistance() : void" num="80" count="0" type="method"/>
            <line num="82" count="0" type="stmt"/>
            <line num="84" count="0" type="stmt"/>
            <line num="85" count="0" type="stmt"/>
            <line num="87" count="0" type="stmt"/>
            <line complexity="1" visibility="public" signature="testDistanceSmallString() : void" num="90" count="0" type="method"/>
            <line num="92" count="0" type="stmt"/>
            <line num="93" count="0" type="stmt"/>
            <line num="94" count="0" type="stmt"/>
            <line num="95" count="0" type="stmt"/>
            <line complexity="1" visibility="public" signature="testDistanceLargeString() : void" num="98" count="0" type="method"/>
            <line num="101" count="0" type="stmt"/>
            <line num="102" count="0" type="stmt"/>
            <line num="105" count="0" type="stmt"/>
            <line num="106" count="0" type="stmt"/>
            <line num="107" count="0" type="stmt"/>
            <line num="109" count="0" type="stmt"/>
            <line complexity="2" visibility="private" signature="readResourceFile(String) : String" num="112" count="0" type="method"/>
            <line num="114" count="0" type="stmt"/>
            <line num="118" count="0" type="stmt"/>
            <line num="119" count="0" type="stmt"/>
            <line num="120" count="0" type="stmt"/>
            <line num="121" count="0" type="stmt"/>
            <line num="123" count="0" type="stmt"/>
            <line falsecount="0" truecount="0" num="123" type="cond"/>
            <line num="124" count="0" type="stmt"/>
            <line num="125" count="0" type="stmt"/>
            <line num="128" count="0" type="stmt"/>
            <line num="129" count="0" type="stmt"/>
         </file>
         <file path="/Users/meganm/Repos/SlicingComparison/maven-project-sampling/stats_working_dir/tdebatty_java-string-similarity/src/test/java/info/debatty/java/stringsimilarity/DamerauTest.java" name="DamerauTest.java">
            <metrics coveredelements="0" coveredconditionals="0" complexity="1" loc="49" coveredmethods="0" methods="1" elements="7" classes="1" ncloc="15" statements="6" conditionals="0" coveredstatements="0"/>
            <class name="DamerauTest">
               <metrics coveredelements="0" coveredconditionals="0" complexity="1" coveredmethods="0" methods="1" elements="7" statements="6" conditionals="0" coveredstatements="0"/>
            </class>
            <line complexity="1" visibility="public" signature="testDistance() : void" num="40" count="0" type="method"/>
            <line num="42" count="0" type="stmt"/>
            <line num="43" count="0" type="stmt"/>
            <line num="44" count="0" type="stmt"/>
            <line num="45" count="0" type="stmt"/>
            <line num="46" count="0" type="stmt"/>
            <line num="47" count="0" type="stmt"/>
         </file>
         <file path="/Users/meganm/Repos/SlicingComparison/maven-project-sampling/stats_working_dir/tdebatty_java-string-similarity/src/test/java/info/debatty/java/stringsimilarity/JaccardTest.java" name="JaccardTest.java">
            <metrics coveredelements="0" coveredconditionals="0" complexity="2" loc="71" coveredmethods="0" methods="2" elements="15" classes="1" ncloc="25" statements="13" conditionals="0" coveredstatements="0"/>
            <class name="JaccardTest">
               <metrics coveredelements="0" coveredconditionals="0" complexity="2" coveredmethods="0" methods="2" elements="15" statements="13" conditionals="0" coveredstatements="0"/>
            </class>
            <line complexity="1" visibility="public" signature="testSimilarity() : void" num="41" count="0" type="method"/>
            <line num="43" count="0" type="stmt"/>
            <line num="44" count="0" type="stmt"/>
            <line num="50" count="0" type="stmt"/>
            <line num="51" count="0" type="stmt"/>
            <line num="53" count="0" type="stmt"/>
            <line complexity="1" visibility="public" signature="testDistance() : void" num="59" count="0" type="method"/>
            <line num="61" count="0" type="stmt"/>
            <line num="62" count="0" type="stmt"/>
            <line num="63" count="0" type="stmt"/>
            <line num="64" count="0" type="stmt"/>
            <line num="65" count="0" type="stmt"/>
            <line num="66" count="0" type="stmt"/>
            <line num="67" count="0" type="stmt"/>
            <line num="69" count="0" type="stmt"/>
         </file>
         <file path="/Users/meganm/Repos/SlicingComparison/maven-project-sampling/stats_working_dir/tdebatty_java-string-similarity/src/test/java/info/debatty/java/stringsimilarity/JaroWinklerTest.java" name="JaroWinklerTest.java">
            <metrics coveredelements="0" coveredconditionals="0" complexity="2" loc="65" coveredmethods="0" methods="2" elements="9" classes="1" ncloc="25" statements="7" conditionals="0" coveredstatements="0"/>
            <class name="JaroWinklerTest">
               <metrics coveredelements="0" coveredconditionals="0" complexity="2" coveredmethods="0" methods="2" elements="9" statements="7" conditionals="0" coveredstatements="0"/>
            </class>
            <line complexity="1" visibility="public" signature="testSimilarity() : void" num="41" count="0" type="method"/>
            <line num="43" count="0" type="stmt"/>
            <line num="44" count="0" type="stmt"/>
            <line num="45" count="0" type="stmt"/>
            <line num="50" count="0" type="stmt"/>
            <line num="55" count="0" type="stmt"/>
            <line complexity="1" visibility="public" signature="testDistance() : void" num="58" count="0" type="method"/>
            <line num="60" count="0" type="stmt"/>
            <line num="61" count="0" type="stmt"/>
         </file>
         <file path="/Users/meganm/Repos/SlicingComparison/maven-project-sampling/stats_working_dir/tdebatty_java-string-similarity/src/test/java/info/debatty/java/stringsimilarity/LevenshteinTest.java" name="LevenshteinTest.java">
            <metrics coveredelements="0" coveredconditionals="0" complexity="1" loc="55" coveredmethods="0" methods="1" elements="10" classes="1" ncloc="18" statements="9" conditionals="0" coveredstatements="0"/>
            <class name="LevenshteinTest">
               <metrics coveredelements="0" coveredconditionals="0" complexity="1" coveredmethods="0" methods="1" elements="10" statements="9" conditionals="0" coveredstatements="0"/>
            </class>
            <line complexity="1" visibility="public" signature="testDistance() : void" num="40" count="0" type="method"/>
            <line num="42" count="0" type="stmt"/>
            <line num="43" count="0" type="stmt"/>
            <line num="44" count="0" type="stmt"/>
            <line num="45" count="0" type="stmt"/>
            <line num="46" count="0" type="stmt"/>
            <line num="49" count="0" type="stmt"/>
            <line num="50" count="0" type="stmt"/>
            <line num="51" count="0" type="stmt"/>
            <line num="53" count="0" type="stmt"/>
         </file>
         <file path="/Users/meganm/Repos/SlicingComparison/maven-project-sampling/stats_working_dir/tdebatty_java-string-similarity/src/test/java/info/debatty/java/stringsimilarity/LongestCommonSubsequenceTest.java" name="LongestCommonSubsequenceTest.java">
            <metrics coveredelements="0" coveredconditionals="0" complexity="1" loc="51" coveredmethods="0" methods="1" elements="6" classes="1" ncloc="14" statements="5" conditionals="0" coveredstatements="0"/>
            <class name="LongestCommonSubsequenceTest">
               <metrics coveredelements="0" coveredconditionals="0" complexity="1" coveredmethods="0" methods="1" elements="6" statements="5" conditionals="0" coveredstatements="0"/>
            </class>
            <line complexity="1" visibility="public" signature="testDistance() : void" num="40" count="0" type="method"/>
            <line num="42" count="0" type="stmt"/>
            <line num="43" count="0" type="stmt"/>
            <line num="45" count="0" type="stmt"/>
            <line num="47" count="0" type="stmt"/>
            <line num="49" count="0" type="stmt"/>
         </file>
         <file path="/Users/meganm/Repos/SlicingComparison/maven-project-sampling/stats_working_dir/tdebatty_java-string-similarity/src/test/java/info/debatty/java/stringsimilarity/MetricLCSTest.java" name="MetricLCSTest.java">
            <metrics coveredelements="0" coveredconditionals="0" complexity="1" loc="16" coveredmethods="0" methods="1" elements="3" classes="1" ncloc="10" statements="2" conditionals="0" coveredstatements="0"/>
            <class name="MetricLCSTest">
               <metrics coveredelements="0" coveredconditionals="0" complexity="1" coveredmethods="0" methods="1" elements="3" statements="2" conditionals="0" coveredstatements="0"/>
            </class>
            <line complexity="1" visibility="public" signature="testDistance() : void" num="9" count="0" type="method"/>
            <line num="11" count="0" type="stmt"/>
            <line num="12" count="0" type="stmt"/>
         </file>
         <file path="/Users/meganm/Repos/SlicingComparison/maven-project-sampling/stats_working_dir/tdebatty_java-string-similarity/src/test/java/info/debatty/java/stringsimilarity/NGramTest.java" name="NGramTest.java">
            <metrics coveredelements="12" coveredconditionals="0" complexity="1" loc="57" coveredmethods="1" methods="1" elements="12" classes="1" ncloc="21" statements="11" conditionals="0" coveredstatements="11"/>
            <class name="NGramTest">
               <metrics coveredelements="12" complexity="1" methods="1" testruns="1" statements="11" coveredconditionals="0" coveredmethods="1" elements="12" testfailures="0" testduration="0.008" conditionals="0" coveredstatements="11" testpasses="1"/>
            </class>
            <line complexity="1" visibility="public" signature="testDistance() : void" num="41" testsuccess="true" count="1" testduration="0.008" type="method"/>
            <line num="43" count="1" type="stmt"/>
            <line num="44" count="1" type="stmt"/>
            <line num="45" count="1" type="stmt"/>
            <line num="46" count="1" type="stmt"/>
            <line num="47" count="1" type="stmt"/>
            <line num="48" count="1" type="stmt"/>
            <line num="49" count="1" type="stmt"/>
            <line num="50" count="1" type="stmt"/>
            <line num="52" count="1" type="stmt"/>
            <line num="53" count="1" type="stmt"/>
            <line num="55" count="1" type="stmt"/>
         </file>
         <file path="/Users/meganm/Repos/SlicingComparison/maven-project-sampling/stats_working_dir/tdebatty_java-string-similarity/src/test/java/info/debatty/java/stringsimilarity/NormalizedLevenshteinTest.java" name="NormalizedLevenshteinTest.java">
            <metrics coveredelements="0" coveredconditionals="0" complexity="2" loc="24" coveredmethods="0" methods="2" elements="6" classes="1" ncloc="15" statements="4" conditionals="0" coveredstatements="0"/>
            <class name="NormalizedLevenshteinTest">
               <metrics coveredelements="0" coveredconditionals="0" complexity="2" coveredmethods="0" methods="2" elements="6" statements="4" conditionals="0" coveredstatements="0"/>
            </class>
            <line complexity="1" visibility="public" signature="testDistance() : void" num="9" count="0" type="method"/>
            <line num="11" count="0" type="stmt"/>
            <line num="12" count="0" type="stmt"/>
            <line complexity="1" visibility="public" signature="testSimilarity() : void" num="17" count="0" type="method"/>
            <line num="19" count="0" type="stmt"/>
            <line num="20" count="0" type="stmt"/>
         </file>
         <file path="/Users/meganm/Repos/SlicingComparison/maven-project-sampling/stats_working_dir/tdebatty_java-string-similarity/src/test/java/info/debatty/java/stringsimilarity/OptimalStringAlignmentTest.java" name="OptimalStringAlignmentTest.java">
            <metrics coveredelements="0" coveredconditionals="0" complexity="1" loc="62" coveredmethods="0" methods="1" elements="13" classes="1" ncloc="21" statements="12" conditionals="0" coveredstatements="0"/>
            <class name="OptimalStringAlignmentTest">
               <metrics coveredelements="0" coveredconditionals="0" complexity="1" coveredmethods="0" methods="1" elements="13" statements="12" conditionals="0" coveredstatements="0"/>
            </class>
            <line complexity="1" visibility="public" signature="testDistance() : void" num="40" count="0" type="method"/>
            <line num="42" count="0" type="stmt"/>
            <line num="43" count="0" type="stmt"/>
            <line num="46" count="0" type="stmt"/>
            <line num="49" count="0" type="stmt"/>
            <line num="50" count="0" type="stmt"/>
            <line num="51" count="0" type="stmt"/>
            <line num="52" count="0" type="stmt"/>
            <line num="55" count="0" type="stmt"/>
            <line num="56" count="0" type="stmt"/>
            <line num="57" count="0" type="stmt"/>
            <line num="58" count="0" type="stmt"/>
            <line num="60" count="0" type="stmt"/>
         </file>
         <file path="/Users/meganm/Repos/SlicingComparison/maven-project-sampling/stats_working_dir/tdebatty_java-string-similarity/src/test/java/info/debatty/java/stringsimilarity/QGramTest.java" name="QGramTest.java">
            <metrics coveredelements="0" coveredconditionals="0" complexity="1" loc="68" coveredmethods="0" methods="1" elements="11" classes="1" ncloc="24" statements="10" conditionals="0" coveredstatements="0"/>
            <class name="QGramTest">
               <metrics coveredelements="0" coveredconditionals="0" complexity="1" coveredmethods="0" methods="1" elements="11" statements="10" conditionals="0" coveredstatements="0"/>
            </class>
            <line complexity="1" visibility="public" signature="testDistance() : void" num="41" count="0" type="method"/>
            <line num="43" count="0" type="stmt"/>
            <line num="44" count="0" type="stmt"/>
            <line num="49" count="0" type="stmt"/>
            <line num="50" count="0" type="stmt"/>
            <line num="52" count="0" type="stmt"/>
            <line num="57" count="0" type="stmt"/>
            <line num="62" count="0" type="stmt"/>
            <line num="63" count="0" type="stmt"/>
            <line num="64" count="0" type="stmt"/>
            <line num="66" count="0" type="stmt"/>
         </file>
         <file path="/Users/meganm/Repos/SlicingComparison/maven-project-sampling/stats_working_dir/tdebatty_java-string-similarity/src/test/java/info/debatty/java/stringsimilarity/RatcliffObershelpTest.java" name="RatcliffObershelpTest.java">
            <metrics coveredelements="0" coveredconditionals="0" complexity="2" loc="124" coveredmethods="0" methods="2" elements="14" classes="1" ncloc="45" statements="12" conditionals="0" coveredstatements="0"/>
            <class name="RatcliffObershelpTest">
               <metrics coveredelements="0" coveredconditionals="0" complexity="2" coveredmethods="0" methods="2" elements="14" statements="12" conditionals="0" coveredstatements="0"/>
            </class>
            <line complexity="1" visibility="public" signature="testSimilarity() : void" num="41" count="0" type="method"/>
            <line num="43" count="0" type="stmt"/>
            <line num="44" count="0" type="stmt"/>
            <line num="54" count="0" type="stmt"/>
            <line num="67" count="0" type="stmt"/>
            <line num="77" count="0" type="stmt"/>
            <line num="85" count="0" type="stmt"/>
            <line num="93" count="0" type="stmt"/>
            <line num="101" count="0" type="stmt"/>
            <line num="109" count="0" type="stmt"/>
            <line num="114" count="0" type="stmt"/>
            <line complexity="1" visibility="public" signature="testDistance() : void" num="117" count="0" type="method"/>
            <line num="119" count="0" type="stmt"/>
            <line num="120" count="0" type="stmt"/>
         </file>
         <file path="/Users/meganm/Repos/SlicingComparison/maven-project-sampling/stats_working_dir/tdebatty_java-string-similarity/src/test/java/info/debatty/java/stringsimilarity/SorensenDiceTest.java" name="SorensenDiceTest.java">
            <metrics coveredelements="0" coveredconditionals="0" complexity="2" loc="63" coveredmethods="0" methods="2" elements="9" classes="1" ncloc="23" statements="7" conditionals="0" coveredstatements="0"/>
            <class name="SorensenDiceTest">
               <metrics coveredelements="0" coveredconditionals="0" complexity="2" coveredmethods="0" methods="2" elements="9" statements="7" conditionals="0" coveredstatements="0"/>
            </class>
            <line complexity="1" visibility="public" signature="testSimilarity() : void" num="44" count="0" type="method"/>
            <line num="46" count="0" type="stmt"/>
            <line num="47" count="0" type="stmt"/>
            <line num="52" count="0" type="stmt"/>
            <line num="53" count="0" type="stmt"/>
            <line num="55" count="0" type="stmt"/>
            <line complexity="1" visibility="public" signature="testDistance() : void" num="58" count="0" type="method"/>
            <line num="60" count="0" type="stmt"/>
            <line num="61" count="0" type="stmt"/>
         </file>
         <file path="/Users/meganm/Repos/SlicingComparison/maven-project-sampling/stats_working_dir/tdebatty_java-string-similarity/src/test/java/info/debatty/java/stringsimilarity/WeightedLevenshteinTest.java" name="WeightedLevenshteinTest.java">
            <metrics coveredelements="0" coveredconditionals="0" complexity="12" loc="99" coveredmethods="0" methods="6" elements="57" classes="1" ncloc="71" statements="43" conditionals="8" coveredstatements="0"/>
            <class name="WeightedLevenshteinTest">
               <metrics coveredelements="0" coveredconditionals="0" complexity="12" coveredmethods="0" methods="6" elements="57" statements="43" conditionals="8" coveredstatements="0"/>
            </class>
            <line complexity="1" visibility="public" signature="testDistance() : void" num="9" count="0" type="method"/>
            <line num="11" count="0" type="stmt"/>
            <line complexity="3" visibility="public" signature="cost(char,char) : double" num="12" count="0" type="method"/>
            <line num="16" count="0" type="stmt"/>
            <line falsecount="0" truecount="0" num="16" type="cond"/>
            <line num="17" count="0" type="stmt"/>
            <line num="22" count="0" type="stmt"/>
            <line num="26" count="0" type="stmt"/>
            <line num="27" count="0" type="stmt"/>
            <line num="28" count="0" type="stmt"/>
            <line num="31" count="0" type="stmt"/>
            <line num="32" count="0" type="stmt"/>
            <line num="35" count="0" type="stmt"/>
            <line num="36" count="0" type="stmt"/>
            <line num="37" count="0" type="stmt"/>
            <line num="38" count="0" type="stmt"/>
            <line num="39" count="0" type="stmt"/>
            <line num="40" count="0" type="stmt"/>
            <line num="41" count="0" type="stmt"/>
            <line num="43" count="0" type="stmt"/>
            <line complexity="1" visibility="public" signature="testDistanceCharacterInsDelInterface() : void" num="46" count="0" type="method"/>
            <line num="48" count="0" type="stmt"/>
            <line complexity="3" visibility="public" signature="cost(char,char) : double" num="50" count="0" type="method"/>
            <line num="51" count="0" type="stmt"/>
            <line falsecount="0" truecount="0" num="51" type="cond"/>
            <line num="52" count="0" type="stmt"/>
            <line num="54" count="0" type="stmt"/>
            <line complexity="2" visibility="public" signature="deletionCost(char) : double" num="58" count="0" type="method"/>
            <line num="59" count="0" type="stmt"/>
            <line falsecount="0" truecount="0" num="59" type="cond"/>
            <line num="60" count="0" type="stmt"/>
            <line num="62" count="0" type="stmt"/>
            <line complexity="2" visibility="public" signature="insertionCost(char) : double" num="65" count="0" type="method"/>
            <line num="66" count="0" type="stmt"/>
            <line falsecount="0" truecount="0" num="66" type="cond"/>
            <line num="67" count="0" type="stmt"/>
            <line num="69" count="0" type="stmt"/>
            <line num="74" count="0" type="stmt"/>
            <line num="75" count="0" type="stmt"/>
            <line num="76" count="0" type="stmt"/>
            <line num="82" count="0" type="stmt"/>
            <line num="83" count="0" type="stmt"/>
            <line num="84" count="0" type="stmt"/>
            <line num="85" count="0" type="stmt"/>
            <line num="88" count="0" type="stmt"/>
            <line num="89" count="0" type="stmt"/>
            <line num="90" count="0" type="stmt"/>
            <line num="91" count="0" type="stmt"/>
            <line num="92" count="0" type="stmt"/>
            <line num="93" count="0" type="stmt"/>
            <line num="94" count="0" type="stmt"/>
            <line num="95" count="0" type="stmt"/>
            <line num="97" count="0" type="stmt"/>
         </file>
      </package>
      <package name="info.debatty.java.stringsimilarity.experimental">
         <metrics coveredelements="0" complexity="1" loc="59" methods="1" classes="1" statements="10" coveredconditionals="0" coveredmethods="0" elements="11" ncloc="23" files="1" conditionals="0" coveredstatements="0"/>
         <file path="/Users/meganm/Repos/SlicingComparison/maven-project-sampling/stats_working_dir/tdebatty_java-string-similarity/src/test/java/info/debatty/java/stringsimilarity/experimental/Sift4Test.java" name="Sift4Test.java">
            <metrics coveredelements="0" coveredconditionals="0" complexity="1" loc="59" coveredmethods="0" methods="1" elements="11" classes="1" ncloc="23" statements="10" conditionals="0" coveredstatements="0"/>
            <class name="Sift4Test">
               <metrics coveredelements="0" coveredconditionals="0" complexity="1" coveredmethods="0" methods="1" elements="11" statements="10" conditionals="0" coveredstatements="0"/>
            </class>
            <line complexity="1" visibility="public" signature="testDistance() : void" num="39" count="0" type="method"/>
            <line num="41" count="0" type="stmt"/>
            <line num="42" count="0" type="stmt"/>
            <line num="43" count="0" type="stmt"/>
            <line num="44" count="0" type="stmt"/>
            <line num="45" count="0" type="stmt"/>
            <line num="46" count="0" type="stmt"/>
            <line num="47" count="0" type="stmt"/>
            <line num="48" count="0" type="stmt"/>
            <line num="50" count="0" type="stmt"/>
            <line num="51" count="0" type="stmt"/>
         </file>
      </package>
      <package name="info.debatty.java.stringsimilarity.testutil">
         <metrics coveredelements="12" complexity="10" loc="73" methods="4" classes="1" statements="29" coveredconditionals="0" coveredmethods="2" elements="33" ncloc="59" files="1" conditionals="0" coveredstatements="10"/>
         <file path="/Users/meganm/Repos/SlicingComparison/maven-project-sampling/stats_working_dir/tdebatty_java-string-similarity/src/test/java/info/debatty/java/stringsimilarity/testutil/NullEmptyTests.java" name="NullEmptyTests.java">
            <metrics coveredelements="12" coveredconditionals="0" complexity="10" loc="73" coveredmethods="2" methods="4" elements="33" classes="1" ncloc="59" statements="29" conditionals="0" coveredstatements="10"/>
            <class name="NullEmptyTests">
               <metrics coveredelements="12" coveredconditionals="0" complexity="10" coveredmethods="2" methods="4" elements="33" statements="29" conditionals="0" coveredstatements="10"/>
            </class>
            <line complexity="1" visibility="public" signature="testDistance(NormalizedStringDistance) : void" num="14" count="1" type="method"/>
            <line num="15" count="1" type="stmt"/>
            <line num="16" count="1" type="stmt"/>
            <line num="17" count="1" type="stmt"/>
            <line num="19" count="1" type="stmt"/>
            <line complexity="1" visibility="public" signature="testDistance(StringDistance) : void" num="22" count="0" type="method"/>
            <line num="23" count="0" type="stmt"/>
            <line num="24" count="0" type="stmt"/>
            <line num="25" count="0" type="stmt"/>
            <line num="27" count="0" type="stmt"/>
            <line complexity="4" visibility="public" signature="testSimilarity(NormalizedStringSimilarity) : void" num="30" count="0" type="method"/>
            <line num="31" count="0" type="stmt"/>
            <line num="32" count="0" type="stmt"/>
            <line num="33" count="0" type="stmt"/>
            <line num="35" count="0" type="stmt"/>
            <line num="36" count="0" type="stmt"/>
            <line num="37" count="0" type="stmt"/>
            <line num="41" count="0" type="stmt"/>
            <line num="42" count="0" type="stmt"/>
            <line num="43" count="0" type="stmt"/>
            <line num="47" count="0" type="stmt"/>
            <line num="48" count="0" type="stmt"/>
            <line num="49" count="0" type="stmt"/>
            <line complexity="4" visibility="public" signature="assertNullPointerExceptions(StringDistance) : void" num="54" count="1" type="method"/>
            <line num="55" count="1" type="stmt"/>
            <line num="56" count="1" type="stmt"/>
            <line num="57" count="0" type="stmt"/>
            <line num="61" count="1" type="stmt"/>
            <line num="62" count="1" type="stmt"/>
            <line num="63" count="0" type="stmt"/>
            <line num="67" count="1" type="stmt"/>
            <line num="68" count="1" type="stmt"/>
            <line num="69" count="0" type="stmt"/>
         </file>
      </package>
   </testproject>
</coverage>