<?xml version="1.0" encoding="UTF-8"?>
<coverage generated="1742985489886" clover="4.5.2">
   <project name="Inutils4j 0.10-SNAPSHOT" timestamp="1742985483181">
      <metrics coveredelements="30" complexity="753" loc="5201" methods="293" classes="28" statements="1937" packages="3" coveredconditionals="6" coveredmethods="4" elements="2876" ncloc="3398" files="22" conditionals="646" coveredstatements="20"/>
      <package name="org.brunocvcunha.inutils4j.thirdparty">
         <metrics coveredelements="0" complexity="90" loc="486" methods="37" classes="1" statements="141" coveredconditionals="0" coveredmethods="0" elements="252" ncloc="297" files="1" conditionals="74" coveredstatements="0"/>
         <file path="/Users/meganm/Repos/SlicingComparison/maven-project-sampling/stats_working_dir/bvolpato_inutils4j/src/main/java/org/brunocvcunha/inutils4j/thirdparty/DateUtils.java" name="DateUtils.java">
            <metrics coveredelements="0" coveredconditionals="0" complexity="90" loc="486" coveredmethods="0" methods="37" elements="252" classes="1" ncloc="297" statements="141" conditionals="74" coveredstatements="0"/>
            <class name="DateUtils">
               <metrics coveredelements="0" coveredconditionals="0" complexity="90" coveredmethods="0" methods="37" elements="252" statements="141" conditionals="74" coveredstatements="0"/>
            </class>
            <line complexity="1" visibility="package" signature="&lt;clinit&gt;, line 51()" num="51" count="0" type="method"/>
            <line num="52" count="0" type="stmt"/>
            <line num="53" count="0" type="stmt"/>
            <line num="54" count="0" type="stmt"/>
            <line complexity="1" visibility="private" signature="DateUtils()" num="57" count="0" type="method"/>
            <line complexity="1" visibility="public" signature="newDateTime() : java.util.Date" num="65" count="0" type="method"/>
            <line num="66" count="0" type="stmt"/>
            <line complexity="1" visibility="public" signature="newDate() : java.sql.Date" num="72" count="0" type="method"/>
            <line num="73" count="0" type="stmt"/>
            <line complexity="1" visibility="public" signature="newTime() : java.sql.Time" num="79" count="0" type="method"/>
            <line num="80" count="0" type="stmt"/>
            <line complexity="1" visibility="public" signature="newTimestamp() : java.sql.Timestamp" num="86" count="0" type="method"/>
            <line num="87" count="0" type="stmt"/>
            <line complexity="3" visibility="public" signature="secondsDiff(Date,Date) : int" num="93" count="0" type="method"/>
            <line num="94" count="0" type="stmt"/>
            <line falsecount="0" truecount="0" num="94" type="cond"/>
            <line num="95" count="0" type="stmt"/>
            <line num="98" count="0" type="stmt"/>
            <line complexity="3" visibility="public" signature="minutesDiff(Date,Date) : int" num="104" count="0" type="method"/>
            <line num="105" count="0" type="stmt"/>
            <line falsecount="0" truecount="0" num="105" type="cond"/>
            <line num="106" count="0" type="stmt"/>
            <line num="109" count="0" type="stmt"/>
            <line complexity="3" visibility="public" signature="hoursDiff(Date,Date) : int" num="115" count="0" type="method"/>
            <line num="116" count="0" type="stmt"/>
            <line falsecount="0" truecount="0" num="116" type="cond"/>
            <line num="117" count="0" type="stmt"/>
            <line num="120" count="0" type="stmt"/>
            <line complexity="3" visibility="public" signature="daysDiff(Date,Date) : int" num="126" count="0" type="method"/>
            <line num="127" count="0" type="stmt"/>
            <line falsecount="0" truecount="0" num="127" type="cond"/>
            <line num="128" count="0" type="stmt"/>
            <line num="131" count="0" type="stmt"/>
            <line complexity="1" visibility="public" signature="rollTime(java.util.Date,int,int) : java.sql.Time" num="141" count="0" type="method"/>
            <line num="142" count="0" type="stmt"/>
            <line num="143" count="0" type="stmt"/>
            <line num="144" count="0" type="stmt"/>
            <line num="145" count="0" type="stmt"/>
            <line complexity="1" visibility="public" signature="rollDateTime(java.util.Date,int,int) : java.util.Date" num="155" count="0" type="method"/>
            <line num="156" count="0" type="stmt"/>
            <line num="157" count="0" type="stmt"/>
            <line num="158" count="0" type="stmt"/>
            <line num="159" count="0" type="stmt"/>
            <line complexity="1" visibility="public" signature="rollDate(java.util.Date,int,int) : java.sql.Date" num="169" count="0" type="method"/>
            <line num="170" count="0" type="stmt"/>
            <line num="171" count="0" type="stmt"/>
            <line num="172" count="0" type="stmt"/>
            <line num="173" count="0" type="stmt"/>
            <line complexity="1" visibility="public" signature="rollYears(java.util.Date,int) : java.sql.Date" num="182" count="0" type="method"/>
            <line num="183" count="0" type="stmt"/>
            <line complexity="1" visibility="public" signature="rollMonths(java.util.Date,int) : java.sql.Date" num="192" count="0" type="method"/>
            <line num="193" count="0" type="stmt"/>
            <line complexity="1" visibility="public" signature="rollDays(java.util.Date,int) : java.sql.Date" num="202" count="0" type="method"/>
            <line num="203" count="0" type="stmt"/>
            <line complexity="3" visibility="public" signature="dateEquals(java.util.Date,java.util.Date) : boolean" num="209" count="0" type="method"/>
            <line num="211" count="0" type="stmt"/>
            <line falsecount="0" truecount="0" num="211" type="cond"/>
            <line num="212" count="0" type="stmt"/>
            <line num="215" count="0" type="stmt"/>
            <line complexity="3" visibility="public" signature="timeEquals(java.util.Date,java.util.Date) : boolean" num="223" count="0" type="method"/>
            <line num="225" count="0" type="stmt"/>
            <line falsecount="0" truecount="0" num="225" type="cond"/>
            <line num="226" count="0" type="stmt"/>
            <line num="229" count="0" type="stmt"/>
            <line complexity="3" visibility="public" signature="dateTimeEquals(java.util.Date,java.util.Date) : boolean" num="237" count="0" type="method"/>
            <line num="239" count="0" type="stmt"/>
            <line falsecount="0" truecount="0" num="239" type="cond"/>
            <line num="240" count="0" type="stmt"/>
            <line num="243" count="0" type="stmt"/>
            <line complexity="7" visibility="public" signature="toObject(Class&lt;?&gt;,Object) : Object" num="254" count="0" type="method"/>
            <line num="255" count="0" type="stmt"/>
            <line falsecount="0" truecount="0" num="255" type="cond"/>
            <line num="256" count="0" type="stmt"/>
            <line num="258" count="0" type="stmt"/>
            <line falsecount="0" truecount="0" num="258" type="cond"/>
            <line num="259" count="0" type="stmt"/>
            <line num="262" count="0" type="stmt"/>
            <line falsecount="0" truecount="0" num="262" type="cond"/>
            <line num="263" count="0" type="stmt"/>
            <line num="265" count="0" type="stmt"/>
            <line falsecount="0" truecount="0" num="265" type="cond"/>
            <line num="266" count="0" type="stmt"/>
            <line num="268" count="0" type="stmt"/>
            <line falsecount="0" truecount="0" num="268" type="cond"/>
            <line num="269" count="0" type="stmt"/>
            <line num="271" count="0" type="stmt"/>
            <line falsecount="0" truecount="0" num="271" type="cond"/>
            <line num="272" count="0" type="stmt"/>
            <line num="275" count="0" type="stmt"/>
            <line complexity="2" visibility="public" signature="getDateTime(Object) : java.util.Date" num="281" count="0" type="method"/>
            <line num="282" count="0" type="stmt"/>
            <line num="283" count="0" type="stmt"/>
            <line num="285" count="0" type="stmt"/>
            <line num="286" count="0" type="stmt"/>
            <line complexity="5" visibility="public" signature="toDateTime(Object) : java.util.Date" num="293" count="0" type="method"/>
            <line num="294" count="0" type="stmt"/>
            <line falsecount="0" truecount="0" num="294" type="cond"/>
            <line num="295" count="0" type="stmt"/>
            <line num="297" count="0" type="stmt"/>
            <line falsecount="0" truecount="0" num="297" type="cond"/>
            <line num="298" count="0" type="stmt"/>
            <line num="300" count="0" type="stmt"/>
            <line falsecount="0" truecount="0" num="300" type="cond"/>
            <line num="301" count="0" type="stmt"/>
            <line falsecount="0" truecount="0" num="301" type="cond"/>
            <line num="302" count="0" type="stmt"/>
            <line num="304" count="0" type="stmt"/>
            <line num="307" count="0" type="stmt"/>
            <line complexity="2" visibility="public" signature="getDate(Object) : java.sql.Date" num="313" count="0" type="method"/>
            <line num="314" count="0" type="stmt"/>
            <line num="315" count="0" type="stmt"/>
            <line num="317" count="0" type="stmt"/>
            <line num="318" count="0" type="stmt"/>
            <line complexity="5" visibility="public" signature="toDate(Object) : java.sql.Date" num="325" count="0" type="method"/>
            <line num="326" count="0" type="stmt"/>
            <line falsecount="0" truecount="0" num="326" type="cond"/>
            <line num="327" count="0" type="stmt"/>
            <line num="329" count="0" type="stmt"/>
            <line falsecount="0" truecount="0" num="329" type="cond"/>
            <line num="330" count="0" type="stmt"/>
            <line num="332" count="0" type="stmt"/>
            <line falsecount="0" truecount="0" num="332" type="cond"/>
            <line num="333" count="0" type="stmt"/>
            <line falsecount="0" truecount="0" num="333" type="cond"/>
            <line num="334" count="0" type="stmt"/>
            <line num="336" count="0" type="stmt"/>
            <line num="339" count="0" type="stmt"/>
            <line complexity="2" visibility="public" signature="getTime(Object) : java.sql.Time" num="345" count="0" type="method"/>
            <line num="346" count="0" type="stmt"/>
            <line num="347" count="0" type="stmt"/>
            <line num="349" count="0" type="stmt"/>
            <line num="350" count="0" type="stmt"/>
            <line complexity="5" visibility="public" signature="toTime(Object) : java.sql.Time" num="357" count="0" type="method"/>
            <line num="358" count="0" type="stmt"/>
            <line falsecount="0" truecount="0" num="358" type="cond"/>
            <line num="359" count="0" type="stmt"/>
            <line num="361" count="0" type="stmt"/>
            <line falsecount="0" truecount="0" num="361" type="cond"/>
            <line num="362" count="0" type="stmt"/>
            <line num="364" count="0" type="stmt"/>
            <line falsecount="0" truecount="0" num="364" type="cond"/>
            <line num="365" count="0" type="stmt"/>
            <line falsecount="0" truecount="0" num="365" type="cond"/>
            <line num="366" count="0" type="stmt"/>
            <line num="368" count="0" type="stmt"/>
            <line num="371" count="0" type="stmt"/>
            <line complexity="2" visibility="public" signature="getTimestamp(Object) : java.sql.Timestamp" num="377" count="0" type="method"/>
            <line num="378" count="0" type="stmt"/>
            <line num="379" count="0" type="stmt"/>
            <line num="381" count="0" type="stmt"/>
            <line num="382" count="0" type="stmt"/>
            <line complexity="5" visibility="public" signature="toTimestamp(Object) : java.sql.Timestamp" num="389" count="0" type="method"/>
            <line num="390" count="0" type="stmt"/>
            <line falsecount="0" truecount="0" num="390" type="cond"/>
            <line num="391" count="0" type="stmt"/>
            <line num="393" count="0" type="stmt"/>
            <line falsecount="0" truecount="0" num="393" type="cond"/>
            <line num="394" count="0" type="stmt"/>
            <line num="396" count="0" type="stmt"/>
            <line falsecount="0" truecount="0" num="396" type="cond"/>
            <line num="398" count="0" type="stmt"/>
            <line falsecount="0" truecount="0" num="398" type="cond"/>
            <line num="399" count="0" type="stmt"/>
            <line num="401" count="0" type="stmt"/>
            <line num="404" count="0" type="stmt"/>
            <line complexity="9" visibility="public" signature="isTimeInRange(java.sql.Time,java.sql.Time,java.util.Date) : boolean" num="410" count="0" type="method"/>
            <line num="412" count="0" type="stmt"/>
            <line num="414" count="0" type="stmt"/>
            <line falsecount="0" truecount="0" num="414" type="cond"/>
            <line num="415" count="0" type="stmt"/>
            <line num="418" count="0" type="stmt"/>
            <line falsecount="0" truecount="0" num="418" type="cond"/>
            <line num="419" count="0" type="stmt"/>
            <line num="422" count="0" type="stmt"/>
            <line falsecount="0" truecount="0" num="422" type="cond"/>
            <line num="423" count="0" type="stmt"/>
            <line num="425" count="0" type="stmt"/>
            <line complexity="1" visibility="public" signature="getYear(Date) : int" num="428" count="0" type="method"/>
            <line num="429" count="0" type="stmt"/>
            <line num="430" count="0" type="stmt"/>
            <line complexity="1" visibility="public" signature="getMonth(Date) : int" num="433" count="0" type="method"/>
            <line num="434" count="0" type="stmt"/>
            <line num="435" count="0" type="stmt"/>
            <line complexity="1" visibility="public" signature="getDate(Date) : int" num="438" count="0" type="method"/>
            <line num="439" count="0" type="stmt"/>
            <line num="440" count="0" type="stmt"/>
            <line complexity="1" visibility="public" signature="getHour(Date) : int" num="443" count="0" type="method"/>
            <line num="444" count="0" type="stmt"/>
            <line num="445" count="0" type="stmt"/>
            <line complexity="1" visibility="public" signature="getMinute(Date) : int" num="448" count="0" type="method"/>
            <line num="449" count="0" type="stmt"/>
            <line num="450" count="0" type="stmt"/>
            <line complexity="1" visibility="public" signature="getSeconds(Date) : int" num="453" count="0" type="method"/>
            <line num="454" count="0" type="stmt"/>
            <line num="455" count="0" type="stmt"/>
            <line complexity="1" visibility="public" signature="getMillisecond(Date) : int" num="458" count="0" type="method"/>
            <line num="459" count="0" type="stmt"/>
            <line num="460" count="0" type="stmt"/>
            <line complexity="6" visibility="public" signature="toString(Object) : String" num="466" count="0" type="method"/>
            <line num="467" count="0" type="stmt"/>
            <line falsecount="0" truecount="0" num="467" type="cond"/>
            <line num="468" count="0" type="stmt"/>
            <line num="471" count="0" type="stmt"/>
            <line falsecount="0" truecount="0" num="471" type="cond"/>
            <line num="472" count="0" type="stmt"/>
            <line num="474" count="0" type="stmt"/>
            <line falsecount="0" truecount="0" num="474" type="cond"/>
            <line num="475" count="0" type="stmt"/>
            <line num="477" count="0" type="stmt"/>
            <line falsecount="0" truecount="0" num="477" type="cond"/>
            <line num="478" count="0" type="stmt"/>
            <line num="480" count="0" type="stmt"/>
            <line falsecount="0" truecount="0" num="480" type="cond"/>
            <line num="481" count="0" type="stmt"/>
            <line num="484" count="0" type="stmt"/>
         </file>
      </package>
      <package name="org.brunocvcunha.inutils4j">
         <metrics coveredelements="30" complexity="650" loc="4494" methods="252" classes="24" statements="1760" coveredconditionals="6" coveredmethods="4" elements="2568" ncloc="3015" files="18" conditionals="556" coveredstatements="20"/>
         <file path="/Users/meganm/Repos/SlicingComparison/maven-project-sampling/stats_working_dir/bvolpato_inutils4j/src/main/java/org/brunocvcunha/inutils4j/FixType.java" name="FixType.java">
            <metrics coveredelements="0" coveredconditionals="0" complexity="0" loc="21" coveredmethods="0" methods="0" elements="0" classes="1" ncloc="4" statements="0" conditionals="0" coveredstatements="0"/>
            <class name="FixType">
               <metrics coveredelements="0" coveredconditionals="0" complexity="0" coveredmethods="0" methods="0" elements="0" statements="0" conditionals="0" coveredstatements="0"/>
            </class>
         </file>
         <file path="/Users/meganm/Repos/SlicingComparison/maven-project-sampling/stats_working_dir/bvolpato_inutils4j/src/main/java/org/brunocvcunha/inutils4j/MyArrUtils.java" name="MyArrUtils.java">
            <metrics coveredelements="30" coveredconditionals="6" complexity="38" loc="169" coveredmethods="4" methods="13" elements="124" classes="1" ncloc="119" statements="65" conditionals="46" coveredstatements="20"/>
            <class name="MyArrUtils">
               <metrics coveredelements="30" coveredconditionals="6" complexity="38" coveredmethods="4" methods="13" elements="124" statements="65" conditionals="46" coveredstatements="20"/>
            </class>
            <line complexity="4" visibility="public" signature="indexOf(T[],T) : int" num="28" count="0" type="method"/>
            <line num="29" count="0" type="stmt"/>
            <line falsecount="0" truecount="0" num="29" type="cond"/>
            <line num="30" count="0" type="stmt"/>
            <line falsecount="0" truecount="0" num="30" type="cond"/>
            <line num="31" count="0" type="stmt"/>
            <line falsecount="0" truecount="0" num="31" type="cond"/>
            <line num="32" count="0" type="stmt"/>
            <line num="35" count="0" type="stmt"/>
            <line complexity="1" visibility="public" signature="peekRandom(T[]) : T" num="38" count="0" type="method"/>
            <line num="39" count="0" type="stmt"/>
            <line complexity="1" visibility="public" signature="peekRandom(List&lt;T&gt;) : T" num="42" count="1000" type="method"/>
            <line num="43" count="1000" type="stmt"/>
            <line num="44" count="1000" type="stmt"/>
            <line complexity="1" visibility="public" signature="peekRandom(T[],int) : Set&lt;T&gt;" num="47" count="0" type="method"/>
            <line num="48" count="0" type="stmt"/>
            <line complexity="3" visibility="public" signature="peekRandom(List&lt;T&gt;,int) : Set&lt;T&gt;" num="51" count="2" type="method"/>
            <line num="52" count="2" type="stmt"/>
            <line num="53" count="2" type="stmt"/>
            <line falsecount="1" truecount="1" num="53" type="cond"/>
            <line num="54" count="1" type="stmt"/>
            <line num="57" count="1" type="stmt"/>
            <line num="58" count="1" type="stmt"/>
            <line falsecount="1" truecount="4" num="58" type="cond"/>
            <line num="59" count="4" type="stmt"/>
            <line num="60" count="4" type="stmt"/>
            <line num="62" count="4" type="stmt"/>
            <line num="65" count="1" type="stmt"/>
            <line complexity="4" visibility="public" signature="indexOf(int[],int) : int" num="69" count="0" type="method"/>
            <line num="70" count="0" type="stmt"/>
            <line falsecount="0" truecount="0" num="70" type="cond"/>
            <line num="71" count="0" type="stmt"/>
            <line falsecount="0" truecount="0" num="71" type="cond"/>
            <line num="72" count="0" type="stmt"/>
            <line falsecount="0" truecount="0" num="72" type="cond"/>
            <line num="73" count="0" type="stmt"/>
            <line num="76" count="0" type="stmt"/>
            <line complexity="4" visibility="public" signature="indexOf(byte[],byte) : int" num="79" count="0" type="method"/>
            <line num="80" count="0" type="stmt"/>
            <line falsecount="0" truecount="0" num="80" type="cond"/>
            <line num="81" count="0" type="stmt"/>
            <line falsecount="0" truecount="0" num="81" type="cond"/>
            <line num="82" count="0" type="stmt"/>
            <line falsecount="0" truecount="0" num="82" type="cond"/>
            <line num="83" count="0" type="stmt"/>
            <line num="86" count="0" type="stmt"/>
            <line complexity="4" visibility="public" signature="indexOf(float[],float) : int" num="89" count="0" type="method"/>
            <line num="90" count="0" type="stmt"/>
            <line falsecount="0" truecount="0" num="90" type="cond"/>
            <line num="91" count="0" type="stmt"/>
            <line falsecount="0" truecount="0" num="91" type="cond"/>
            <line num="92" count="0" type="stmt"/>
            <line falsecount="0" truecount="0" num="92" type="cond"/>
            <line num="93" count="0" type="stmt"/>
            <line num="96" count="0" type="stmt"/>
            <line complexity="1" visibility="public" signature="reverse(byte[]) : void" num="99" count="1" type="method"/>
            <line num="100" count="1" type="stmt"/>
            <line complexity="2" visibility="public" signature="reverse(byte[],int,int) : void" num="103" count="1" type="method"/>
            <line num="104" count="1" type="stmt"/>
            <line num="105" count="1" type="stmt"/>
            <line num="106" count="1" type="stmt"/>
            <line falsecount="1" truecount="1" num="106" type="cond"/>
            <line num="107" count="1" type="stmt"/>
            <line num="108" count="1" type="stmt"/>
            <line num="109" count="1" type="stmt"/>
            <line num="110" count="1" type="stmt"/>
            <line num="111" count="1" type="stmt"/>
            <line complexity="1" visibility="public" signature="reverse(int[]) : void" num="115" count="0" type="method"/>
            <line num="116" count="0" type="stmt"/>
            <line complexity="2" visibility="public" signature="reverse(int[],int,int) : void" num="119" count="0" type="method"/>
            <line num="120" count="0" type="stmt"/>
            <line num="121" count="0" type="stmt"/>
            <line num="122" count="0" type="stmt"/>
            <line falsecount="0" truecount="0" num="122" type="cond"/>
            <line num="123" count="0" type="stmt"/>
            <line num="124" count="0" type="stmt"/>
            <line num="125" count="0" type="stmt"/>
            <line num="126" count="0" type="stmt"/>
            <line num="127" count="0" type="stmt"/>
            <line complexity="10" visibility="public" signature="findArray(byte[],byte[]) : int" num="132" count="0" type="method"/>
            <line num="135" count="0" type="stmt"/>
            <line falsecount="0" truecount="0" num="135" type="cond"/>
            <line num="136" count="0" type="stmt"/>
            <line num="140" count="0" type="stmt"/>
            <line falsecount="0" truecount="0" num="140" type="cond"/>
            <line num="141" count="0" type="stmt"/>
            <line num="144" count="0" type="stmt"/>
            <line falsecount="0" truecount="0" num="144" type="cond"/>
            <line num="146" count="0" type="stmt"/>
            <line falsecount="0" truecount="0" num="146" type="cond"/>
            <line num="148" count="0" type="stmt"/>
            <line num="149" count="0" type="stmt"/>
            <line falsecount="0" truecount="0" num="149" type="cond"/>
            <line num="151" count="0" type="stmt"/>
            <line falsecount="0" truecount="0" num="151" type="cond"/>
            <line num="152" count="0" type="stmt"/>
            <line num="153" count="0" type="stmt"/>
            <line num="158" count="0" type="stmt"/>
            <line falsecount="0" truecount="0" num="158" type="cond"/>
            <line num="159" count="0" type="stmt"/>
            <line num="166" count="0" type="stmt"/>
         </file>
         <file path="/Users/meganm/Repos/SlicingComparison/maven-project-sampling/stats_working_dir/bvolpato_inutils4j/src/main/java/org/brunocvcunha/inutils4j/MyClasspathUtils.java" name="MyClasspathUtils.java">
            <metrics coveredelements="0" coveredconditionals="0" complexity="1" loc="57" coveredmethods="0" methods="1" elements="6" classes="1" ncloc="19" statements="5" conditionals="0" coveredstatements="0"/>
            <class name="MyClasspathUtils">
               <metrics coveredelements="0" coveredconditionals="0" complexity="1" coveredmethods="0" methods="1" elements="6" statements="5" conditionals="0" coveredstatements="0"/>
            </class>
            <line complexity="1" visibility="public" signature="addJarToClasspath(ClassLoader,URL) : void" num="44" count="0" type="method"/>
            <line num="47" count="0" type="stmt"/>
            <line num="48" count="0" type="stmt"/>
            <line num="50" count="0" type="stmt"/>
            <line num="52" count="0" type="stmt"/>
            <line num="53" count="0" type="stmt"/>
         </file>
         <file path="/Users/meganm/Repos/SlicingComparison/maven-project-sampling/stats_working_dir/bvolpato_inutils4j/src/main/java/org/brunocvcunha/inutils4j/MyConcurrencyUtils.java" name="MyConcurrencyUtils.java">
            <metrics coveredelements="0" coveredconditionals="0" complexity="7" loc="82" coveredmethods="0" methods="3" elements="23" classes="1" ncloc="39" statements="16" conditionals="4" coveredstatements="0"/>
            <class name="MyConcurrencyUtils">
               <metrics coveredelements="0" coveredconditionals="0" complexity="7" coveredmethods="0" methods="3" elements="23" statements="16" conditionals="4" coveredstatements="0"/>
            </class>
            <line complexity="1" visibility="public" signature="runWithTimeout(Runnable,long,TimeUnit) : void" num="41" count="0" type="method"/>
            <line num="42" count="0" type="stmt"/>
            <line complexity="1" visibility="public" signature="call() : Object" num="43" count="0" type="method"/>
            <line num="46" count="0" type="stmt"/>
            <line num="47" count="0" type="stmt"/>
            <line complexity="5" visibility="public" signature="runWithTimeout(Callable&lt;T&gt;,long,TimeUnit) : T" num="59" count="0" type="method"/>
            <line num="60" count="0" type="stmt"/>
            <line num="61" count="0" type="stmt"/>
            <line num="62" count="0" type="stmt"/>
            <line num="63" count="0" type="stmt"/>
            <line num="64" count="0" type="stmt"/>
            <line num="68" count="0" type="stmt"/>
            <line num="69" count="0" type="stmt"/>
            <line num="72" count="0" type="stmt"/>
            <line num="73" count="0" type="stmt"/>
            <line falsecount="0" truecount="0" num="73" type="cond"/>
            <line num="74" count="0" type="stmt"/>
            <line num="75" count="0" type="stmt"/>
            <line falsecount="0" truecount="0" num="75" type="cond"/>
            <line num="76" count="0" type="stmt"/>
            <line num="78" count="0" type="stmt"/>
         </file>
         <file path="/Users/meganm/Repos/SlicingComparison/maven-project-sampling/stats_working_dir/bvolpato_inutils4j/src/main/java/org/brunocvcunha/inutils4j/MyDateUtils.java" name="MyDateUtils.java">
            <metrics coveredelements="0" coveredconditionals="0" complexity="35" loc="188" coveredmethods="0" methods="10" elements="128" classes="1" ncloc="139" statements="82" conditionals="36" coveredstatements="0"/>
            <class name="MyDateUtils">
               <metrics coveredelements="0" coveredconditionals="0" complexity="35" coveredmethods="0" methods="10" elements="128" statements="82" conditionals="36" coveredstatements="0"/>
            </class>
            <line complexity="1" visibility="public" signature="dataStringToDate(String) : Date" num="38" count="0" type="method"/>
            <line num="39" count="0" type="stmt"/>
            <line num="40" count="0" type="stmt"/>
            <line num="41" count="0" type="stmt"/>
            <line num="42" count="0" type="stmt"/>
            <line num="43" count="0" type="stmt"/>
            <line num="46" count="0" type="stmt"/>
            <line num="47" count="0" type="stmt"/>
            <line complexity="1" visibility="public" signature="dataDateToString(Date) : String" num="50" count="0" type="method"/>
            <line num="51" count="0" type="stmt"/>
            <line num="52" count="0" type="stmt"/>
            <line num="53" count="0" type="stmt"/>
            <line num="54" count="0" type="stmt"/>
            <line num="55" count="0" type="stmt"/>
            <line num="56" count="0" type="stmt"/>
            <line num="57" count="0" type="stmt"/>
            <line complexity="1" visibility="public" signature="zeroTime(Calendar) : void" num="60" count="0" type="method"/>
            <line num="61" count="0" type="stmt"/>
            <line num="62" count="0" type="stmt"/>
            <line num="63" count="0" type="stmt"/>
            <line num="64" count="0" type="stmt"/>
            <line num="65" count="0" type="stmt"/>
            <line complexity="1" visibility="public" signature="getTimeBetween(long,long) : long" num="68" count="0" type="method"/>
            <line num="69" count="0" type="stmt"/>
            <line complexity="4" visibility="public" signature="getDaysBetween(Calendar,Calendar) : int" num="72" count="0" type="method"/>
            <line num="73" count="0" type="stmt"/>
            <line falsecount="0" truecount="0" num="73" type="cond"/>
            <line num="74" count="0" type="stmt"/>
            <line num="75" count="0" type="stmt"/>
            <line num="76" count="0" type="stmt"/>
            <line num="79" count="0" type="stmt"/>
            <line num="80" count="0" type="stmt"/>
            <line num="81" count="0" type="stmt"/>
            <line falsecount="0" truecount="0" num="81" type="cond"/>
            <line num="82" count="0" type="stmt"/>
            <line num="83" count="0" type="stmt"/>
            <line num="84" count="0" type="stmt"/>
            <line num="85" count="0" type="stmt"/>
            <line falsecount="0" truecount="0" num="86" type="cond"/>
            <line num="88" count="0" type="stmt"/>
            <line complexity="3" visibility="public" signature="getMonthsBetween(Calendar,Calendar) : int" num="91" count="0" type="method"/>
            <line num="92" count="0" type="stmt"/>
            <line falsecount="0" truecount="0" num="92" type="cond"/>
            <line num="93" count="0" type="stmt"/>
            <line num="94" count="0" type="stmt"/>
            <line num="95" count="0" type="stmt"/>
            <line num="98" count="0" type="stmt"/>
            <line num="100" count="0" type="stmt"/>
            <line num="101" count="0" type="stmt"/>
            <line num="102" count="0" type="stmt"/>
            <line num="103" count="0" type="stmt"/>
            <line falsecount="0" truecount="0" num="104" type="cond"/>
            <line num="106" count="0" type="stmt"/>
            <line complexity="4" visibility="public" signature="disposeSeconds(int) : String" num="109" count="0" type="method"/>
            <line num="110" count="0" type="stmt"/>
            <line num="112" count="0" type="stmt"/>
            <line falsecount="0" truecount="0" num="112" type="cond"/>
            <line num="113" count="0" type="stmt"/>
            <line num="114" count="0" type="stmt"/>
            <line num="117" count="0" type="stmt"/>
            <line falsecount="0" truecount="0" num="117" type="cond"/>
            <line num="118" count="0" type="stmt"/>
            <line num="119" count="0" type="stmt"/>
            <line num="122" count="0" type="stmt"/>
            <line falsecount="0" truecount="0" num="122" type="cond"/>
            <line num="123" count="0" type="stmt"/>
            <line num="126" count="0" type="stmt"/>
            <line complexity="18" visibility="public" signature="calculateAgo(Date,String) : Date" num="129" count="0" type="method"/>
            <line num="130" count="0" type="stmt"/>
            <line num="131" count="0" type="stmt"/>
            <line falsecount="0" truecount="0" num="131" type="cond"/>
            <line num="132" count="0" type="stmt"/>
            <line num="135" count="0" type="stmt"/>
            <line falsecount="0" truecount="0" num="135" type="cond"/>
            <line num="136" count="0" type="stmt"/>
            <line num="139" count="0" type="stmt"/>
            <line falsecount="0" truecount="0" num="139" type="cond"/>
            <line num="140" count="0" type="stmt"/>
            <line num="143" count="0" type="stmt"/>
            <line num="144" count="0" type="stmt"/>
            <line num="146" count="0" type="stmt"/>
            <line falsecount="0" truecount="0" num="146" type="cond"/>
            <line num="147" count="0" type="stmt"/>
            <line num="150" count="0" type="stmt"/>
            <line falsecount="0" truecount="0" num="150" type="cond"/>
            <line num="151" count="0" type="stmt"/>
            <line num="154" count="0" type="stmt"/>
            <line falsecount="0" truecount="0" num="154" type="cond"/>
            <line num="155" count="0" type="stmt"/>
            <line num="158" count="0" type="stmt"/>
            <line falsecount="0" truecount="0" num="158" type="cond"/>
            <line num="159" count="0" type="stmt"/>
            <line num="162" count="0" type="stmt"/>
            <line falsecount="0" truecount="0" num="162" type="cond"/>
            <line num="163" count="0" type="stmt"/>
            <line num="166" count="0" type="stmt"/>
            <line falsecount="0" truecount="0" num="166" type="cond"/>
            <line num="167" count="0" type="stmt"/>
            <line num="170" count="0" type="stmt"/>
            <line falsecount="0" truecount="0" num="170" type="cond"/>
            <line num="171" count="0" type="stmt"/>
            <line num="174" count="0" type="stmt"/>
            <line complexity="1" visibility="public" signature="getTimestamp() : String" num="177" count="0" type="method"/>
            <line num="178" count="0" type="stmt"/>
            <line num="179" count="0" type="stmt"/>
            <line complexity="1" visibility="public" signature="mergeDateAndTime(Date,String) : Date" num="182" count="0" type="method"/>
            <line num="183" count="0" type="stmt"/>
            <line num="184" count="0" type="stmt"/>
            <line num="185" count="0" type="stmt"/>
            <line num="186" count="0" type="stmt"/>
         </file>
         <file path="/Users/meganm/Repos/SlicingComparison/maven-project-sampling/stats_working_dir/bvolpato_inutils4j/src/main/java/org/brunocvcunha/inutils4j/MyFileUtils.java" name="MyFileUtils.java">
            <metrics coveredelements="0" coveredconditionals="0" complexity="46" loc="306" coveredmethods="0" methods="14" elements="174" classes="1" ncloc="212" statements="118" conditionals="42" coveredstatements="0"/>
            <class name="MyFileUtils">
               <metrics coveredelements="0" coveredconditionals="0" complexity="46" coveredmethods="0" methods="14" elements="174" statements="118" conditionals="42" coveredstatements="0"/>
            </class>
            <line complexity="7" visibility="public" signature="copyFile(File,File) : void" num="33" count="0" type="method"/>
            <line num="34" count="0" type="stmt"/>
            <line falsecount="0" truecount="0" num="34" type="cond"/>
            <line num="35" count="0" type="stmt"/>
            <line num="38" count="0" type="stmt"/>
            <line num="39" count="0" type="stmt"/>
            <line num="41" count="0" type="stmt"/>
            <line num="42" count="0" type="stmt"/>
            <line num="43" count="0" type="stmt"/>
            <line num="45" count="0" type="stmt"/>
            <line num="46" count="0" type="stmt"/>
            <line num="47" count="0" type="stmt"/>
            <line falsecount="0" truecount="0" num="47" type="cond"/>
            <line num="48" count="0" type="stmt"/>
            <line num="52" count="0" type="stmt"/>
            <line num="54" count="0" type="stmt"/>
            <line num="55" count="0" type="stmt"/>
            <line num="59" count="0" type="stmt"/>
            <line num="60" count="0" type="stmt"/>
            <line num="64" count="0" type="stmt"/>
            <line falsecount="0" truecount="0" num="64" type="cond"/>
            <line num="65" count="0" type="stmt"/>
            <line complexity="7" visibility="public" signature="copyFolder(File,File) : void" num="71" count="0" type="method"/>
            <line num="72" count="0" type="stmt"/>
            <line falsecount="0" truecount="0" num="72" type="cond"/>
            <line num="73" count="0" type="stmt"/>
            <line falsecount="0" truecount="0" num="73" type="cond"/>
            <line num="74" count="0" type="stmt"/>
            <line num="77" count="0" type="stmt"/>
            <line num="79" count="0" type="stmt"/>
            <line num="80" count="0" type="stmt"/>
            <line num="81" count="0" type="stmt"/>
            <line num="83" count="0" type="stmt"/>
            <line num="86" count="0" type="stmt"/>
            <line num="87" count="0" type="stmt"/>
            <line num="89" count="0" type="stmt"/>
            <line num="90" count="0" type="stmt"/>
            <line num="91" count="0" type="stmt"/>
            <line num="93" count="0" type="stmt"/>
            <line num="95" count="0" type="stmt"/>
            <line num="96" count="0" type="stmt"/>
            <line falsecount="0" truecount="0" num="96" type="cond"/>
            <line num="97" count="0" type="stmt"/>
            <line num="100" count="0" type="stmt"/>
            <line num="101" count="0" type="stmt"/>
            <line num="103" count="0" type="stmt"/>
            <line num="106" count="0" type="stmt"/>
            <line num="107" count="0" type="stmt"/>
            <line num="109" count="0" type="stmt"/>
            <line complexity="4" visibility="public" signature="delete(File) : void" num="116" count="0" type="method"/>
            <line num="118" count="0" type="stmt"/>
            <line falsecount="0" truecount="0" num="118" type="cond"/>
            <line num="121" count="0" type="stmt"/>
            <line falsecount="0" truecount="0" num="121" type="cond"/>
            <line num="122" count="0" type="stmt"/>
            <line num="126" count="0" type="stmt"/>
            <line num="128" count="0" type="stmt"/>
            <line num="130" count="0" type="stmt"/>
            <line num="133" count="0" type="stmt"/>
            <line num="137" count="0" type="stmt"/>
            <line falsecount="0" truecount="0" num="137" type="cond"/>
            <line num="138" count="0" type="stmt"/>
            <line num="144" count="0" type="stmt"/>
            <line complexity="2" visibility="public" signature="deleteChildren(File) : void" num="148" count="0" type="method"/>
            <line num="150" count="0" type="stmt"/>
            <line falsecount="0" truecount="0" num="150" type="cond"/>
            <line num="152" count="0" type="stmt"/>
            <line num="154" count="0" type="stmt"/>
            <line num="156" count="0" type="stmt"/>
            <line num="159" count="0" type="stmt"/>
            <line complexity="5" visibility="public" signature="deleteEmptyChildren(File) : void" num="165" count="0" type="method"/>
            <line num="166" count="0" type="stmt"/>
            <line falsecount="0" truecount="0" num="166" type="cond"/>
            <line num="167" count="0" type="stmt"/>
            <line num="170" count="0" type="stmt"/>
            <line num="171" count="0" type="stmt"/>
            <line falsecount="0" truecount="0" num="171" type="cond"/>
            <line num="172" count="0" type="stmt"/>
            <line falsecount="0" truecount="0" num="172" type="cond"/>
            <line num="173" count="0" type="stmt"/>
            <line num="174" count="0" type="stmt"/>
            <line num="176" count="0" type="stmt"/>
            <line complexity="1" visibility="public" signature="scanFile(List&lt;File&gt;,File) : void" num="183" count="0" type="method"/>
            <line num="184" count="0" type="stmt"/>
            <line complexity="9" visibility="public" signature="scanFile(List&lt;File&gt;,File,int) : void" num="187" count="0" type="method"/>
            <line num="188" count="0" type="stmt"/>
            <line falsecount="0" truecount="0" num="188" type="cond"/>
            <line num="189" count="0" type="stmt"/>
            <line num="192" count="0" type="stmt"/>
            <line num="193" count="0" type="stmt"/>
            <line falsecount="0" truecount="0" num="193" type="cond"/>
            <line num="194" count="0" type="stmt"/>
            <line num="196" count="0" type="stmt"/>
            <line num="198" count="0" type="stmt"/>
            <line falsecount="0" truecount="0" num="198" type="cond"/>
            <line num="199" count="0" type="stmt"/>
            <line num="201" count="0" type="stmt"/>
            <line num="205" count="0" type="stmt"/>
            <line falsecount="0" truecount="0" num="205" type="cond"/>
            <line num="206" count="0" type="stmt"/>
            <line num="214" count="0" type="stmt"/>
            <line falsecount="0" truecount="0" num="214" type="cond"/>
            <line num="215" count="0" type="stmt"/>
            <line num="220" count="0" type="stmt"/>
            <line num="222" count="0" type="stmt"/>
            <line complexity="4" visibility="public" signature="scanFile(List&lt;File&gt;,File,FileFilter) : void" num="226" count="0" type="method"/>
            <line num="228" count="0" type="stmt"/>
            <line num="229" count="0" type="stmt"/>
            <line falsecount="0" truecount="0" num="229" type="cond"/>
            <line num="230" count="0" type="stmt"/>
            <line num="231" count="0" type="stmt"/>
            <line num="237" count="0" type="stmt"/>
            <line falsecount="0" truecount="0" num="237" type="cond"/>
            <line num="238" count="0" type="stmt"/>
            <line complexity="1" visibility="public" signature="chooseFileOpen(File,String) : File" num="247" count="0" type="method"/>
            <line num="248" count="0" type="stmt"/>
            <line num="249" count="0" type="stmt"/>
            <line num="250" count="0" type="stmt"/>
            <line num="251" count="0" type="stmt"/>
            <line num="252" count="0" type="stmt"/>
            <line num="254" count="0" type="stmt"/>
            <line num="255" count="0" type="stmt"/>
            <line num="257" count="0" type="stmt"/>
            <line complexity="1" visibility="public" signature="chooseFileSave(File,String) : File" num="260" count="0" type="method"/>
            <line num="261" count="0" type="stmt"/>
            <line num="262" count="0" type="stmt"/>
            <line num="263" count="0" type="stmt"/>
            <line num="264" count="0" type="stmt"/>
            <line num="265" count="0" type="stmt"/>
            <line num="267" count="0" type="stmt"/>
            <line num="268" count="0" type="stmt"/>
            <line num="270" count="0" type="stmt"/>
            <line complexity="1" visibility="public" signature="chooseDirOpen(File,String) : File" num="273" count="0" type="method"/>
            <line num="274" count="0" type="stmt"/>
            <line num="275" count="0" type="stmt"/>
            <line num="276" count="0" type="stmt"/>
            <line num="277" count="0" type="stmt"/>
            <line num="278" count="0" type="stmt"/>
            <line num="280" count="0" type="stmt"/>
            <line num="281" count="0" type="stmt"/>
            <line num="283" count="0" type="stmt"/>
            <line complexity="1" visibility="public" signature="sortLines(File) : void" num="286" count="0" type="method"/>
            <line num="287" count="0" type="stmt"/>
            <line num="289" count="0" type="stmt"/>
            <line num="290" count="0" type="stmt"/>
            <line complexity="1" visibility="public" signature="touch(File) : void" num="293" count="0" type="method"/>
            <line num="294" count="0" type="stmt"/>
            <line num="295" count="0" type="stmt"/>
            <line complexity="2" visibility="public" signature="touch(File,long) : void" num="298" count="0" type="method"/>
            <line num="299" count="0" type="stmt"/>
            <line falsecount="0" truecount="0" num="299" type="cond"/>
            <line num="300" count="0" type="stmt"/>
            <line num="303" count="0" type="stmt"/>
         </file>
         <file path="/Users/meganm/Repos/SlicingComparison/maven-project-sampling/stats_working_dir/bvolpato_inutils4j/src/main/java/org/brunocvcunha/inutils4j/MyHTTPUtils.java" name="MyHTTPUtils.java">
            <metrics coveredelements="0" coveredconditionals="0" complexity="31" loc="350" coveredmethods="0" methods="12" elements="143" classes="1" ncloc="176" statements="97" conditionals="34" coveredstatements="0"/>
            <class name="MyHTTPUtils">
               <metrics coveredelements="0" coveredconditionals="0" complexity="31" coveredmethods="0" methods="12" elements="143" statements="97" conditionals="34" coveredstatements="0"/>
            </class>
            <line complexity="1" visibility="public" signature="getContent(String) : String" num="50" count="0" type="method"/>
            <line num="51" count="0" type="stmt"/>
            <line num="52" count="0" type="stmt"/>
            <line complexity="2" visibility="public" signature="getContentStream(String) : InputStream" num="62" count="0" type="method"/>
            <line num="63" count="0" type="stmt"/>
            <line num="65" count="0" type="stmt"/>
            <line num="67" count="0" type="stmt"/>
            <line num="68" count="0" type="stmt"/>
            <line falsecount="0" truecount="0" num="68" type="cond"/>
            <line num="69" count="0" type="stmt"/>
            <line num="72" count="0" type="stmt"/>
            <line complexity="1" visibility="public" signature="getContent(String,Map&lt;String, String&gt;) : String" num="83" count="0" type="method"/>
            <line num="85" count="0" type="stmt"/>
            <line complexity="7" visibility="public" signature="getContent(String,Map&lt;String, String&gt;,Proxy) : String" num="97" count="0" type="method"/>
            <line num="99" count="0" type="stmt"/>
            <line num="100" count="0" type="stmt"/>
            <line num="102" count="0" type="stmt"/>
            <line falsecount="0" truecount="0" num="102" type="cond"/>
            <line num="103" count="0" type="stmt"/>
            <line num="105" count="0" type="stmt"/>
            <line num="108" count="0" type="stmt"/>
            <line num="109" count="0" type="stmt"/>
            <line num="111" count="0" type="stmt"/>
            <line falsecount="0" truecount="0" num="111" type="cond"/>
            <line num="112" count="0" type="stmt"/>
            <line num="113" count="0" type="stmt"/>
            <line num="117" count="0" type="stmt"/>
            <line falsecount="0" truecount="0" num="117" type="cond"/>
            <line num="118" count="0" type="stmt"/>
            <line num="119" count="0" type="stmt"/>
            <line num="120" count="0" type="stmt"/>
            <line num="121" count="0" type="stmt"/>
            <line falsecount="0" truecount="0" num="121" type="cond"/>
            <line num="122" count="0" type="stmt"/>
            <line falsecount="0" truecount="0" num="122" type="cond"/>
            <line num="123" count="0" type="stmt"/>
            <line num="126" count="0" type="stmt"/>
            <line num="131" count="0" type="stmt"/>
            <line num="132" count="0" type="stmt"/>
            <line falsecount="0" truecount="0" num="132" type="cond"/>
            <line num="133" count="0" type="stmt"/>
            <line num="136" count="0" type="stmt"/>
            <line complexity="1" visibility="public" signature="getContentPost(String,Map&lt;String, String&gt;,String,String) : String" num="151" count="0" type="method"/>
            <line num="153" count="0" type="stmt"/>
            <line complexity="1" visibility="public" signature="getContentPost(String,Map&lt;String, String&gt;,String,Charset) : String" num="166" count="0" type="method"/>
            <line num="168" count="0" type="stmt"/>
            <line complexity="3" visibility="public" signature="getContentPost(String,Map&lt;String, String&gt;,String,Charset,boolean) : String" num="181" count="0" type="method"/>
            <line num="183" count="0" type="stmt"/>
            <line num="184" count="0" type="stmt"/>
            <line num="185" count="0" type="stmt"/>
            <line num="186" count="0" type="stmt"/>
            <line num="188" count="0" type="stmt"/>
            <line falsecount="0" truecount="0" num="188" type="cond"/>
            <line num="189" count="0" type="stmt"/>
            <line num="190" count="0" type="stmt"/>
            <line num="194" count="0" type="stmt"/>
            <line num="195" count="0" type="stmt"/>
            <line num="196" count="0" type="stmt"/>
            <line num="197" count="0" type="stmt"/>
            <line num="199" count="0" type="stmt"/>
            <line falsecount="0" truecount="0" num="199" type="cond"/>
            <line num="200" count="0" type="stmt"/>
            <line num="204" count="0" type="stmt"/>
            <line complexity="1" visibility="public" signature="getResponseHeaders(String) : Map&lt;String, List&lt;String&gt;&gt;" num="215" count="0" type="method"/>
            <line num="216" count="0" type="stmt"/>
            <line complexity="2" visibility="public" signature="getResponseHeaders(String,boolean) : Map&lt;String, List&lt;String&gt;&gt;" num="227" count="0" type="method"/>
            <line num="229" count="0" type="stmt"/>
            <line num="230" count="0" type="stmt"/>
            <line num="231" count="0" type="stmt"/>
            <line num="233" count="0" type="stmt"/>
            <line num="234" count="0" type="stmt"/>
            <line falsecount="0" truecount="0" num="234" type="cond"/>
            <line num="235" count="0" type="stmt"/>
            <line num="238" count="0" type="stmt"/>
            <line num="239" count="0" type="stmt"/>
            <line num="240" count="0" type="stmt"/>
            <line num="241" count="0" type="stmt"/>
            <line num="243" count="0" type="stmt"/>
            <line complexity="7" visibility="public" signature="downloadUrl(String,Map&lt;String, String&gt;,File) : void" num="254" count="0" type="method"/>
            <line num="256" count="0" type="stmt"/>
            <line num="257" count="0" type="stmt"/>
            <line num="258" count="0" type="stmt"/>
            <line num="260" count="0" type="stmt"/>
            <line falsecount="0" truecount="0" num="260" type="cond"/>
            <line num="261" count="0" type="stmt"/>
            <line num="262" count="0" type="stmt"/>
            <line num="267" count="0" type="stmt"/>
            <line num="270" count="0" type="stmt"/>
            <line num="271" count="0" type="stmt"/>
            <line falsecount="0" truecount="0" num="271" type="cond"/>
            <line num="272" count="0" type="stmt"/>
            <line falsecount="0" truecount="0" num="272" type="cond"/>
            <line num="275" count="0" type="stmt"/>
            <line num="278" count="0" type="stmt"/>
            <line falsecount="0" truecount="0" num="278" type="cond"/>
            <line num="281" count="0" type="stmt"/>
            <line num="284" count="0" type="stmt"/>
            <line num="287" count="0" type="stmt"/>
            <line num="288" count="0" type="stmt"/>
            <line num="292" count="0" type="stmt"/>
            <line num="293" count="0" type="stmt"/>
            <line num="294" count="0" type="stmt"/>
            <line num="295" count="0" type="stmt"/>
            <line complexity="1" visibility="public" signature="getContentBytes(String) : byte[]" num="305" count="0" type="method"/>
            <line num="306" count="0" type="stmt"/>
            <line num="307" count="0" type="stmt"/>
            <line num="308" count="0" type="stmt"/>
            <line complexity="4" visibility="public" signature="httpRequest(String,String,Map&lt;String, String&gt;,String,String) : String" num="323" count="0" type="method"/>
            <line num="325" count="0" type="stmt"/>
            <line num="326" count="0" type="stmt"/>
            <line num="327" count="0" type="stmt"/>
            <line num="328" count="0" type="stmt"/>
            <line num="330" count="0" type="stmt"/>
            <line falsecount="0" truecount="0" num="330" type="cond"/>
            <line num="331" count="0" type="stmt"/>
            <line num="332" count="0" type="stmt"/>
            <line num="336" count="0" type="stmt"/>
            <line falsecount="0" truecount="0" num="336" type="cond"/>
            <line num="337" count="0" type="stmt"/>
            <line num="338" count="0" type="stmt"/>
            <line num="339" count="0" type="stmt"/>
            <line num="340" count="0" type="stmt"/>
            <line num="342" count="0" type="stmt"/>
            <line falsecount="0" truecount="0" num="342" type="cond"/>
            <line num="343" count="0" type="stmt"/>
            <line num="348" count="0" type="stmt"/>
         </file>
         <file path="/Users/meganm/Repos/SlicingComparison/maven-project-sampling/stats_working_dir/bvolpato_inutils4j/src/main/java/org/brunocvcunha/inutils4j/MyImageUtils.java" name="MyImageUtils.java">
            <metrics coveredelements="0" coveredconditionals="0" complexity="40" loc="327" coveredmethods="0" methods="12" elements="157" classes="1" ncloc="173" statements="107" conditionals="38" coveredstatements="0"/>
            <class name="MyImageUtils">
               <metrics coveredelements="0" coveredconditionals="0" complexity="40" coveredmethods="0" methods="12" elements="157" statements="107" conditionals="38" coveredstatements="0"/>
            </class>
            <line complexity="1" visibility="public" signature="getImage(File) : BufferedImage" num="46" count="0" type="method"/>
            <line num="47" count="0" type="stmt"/>
            <line complexity="1" visibility="public" signature="trim(BufferedImage) : BufferedImage" num="55" count="0" type="method"/>
            <line num="56" count="0" type="stmt"/>
            <line num="57" count="0" type="stmt"/>
            <line num="58" count="0" type="stmt"/>
            <line num="59" count="0" type="stmt"/>
            <line num="61" count="0" type="stmt"/>
            <line num="62" count="0" type="stmt"/>
            <line num="63" count="0" type="stmt"/>
            <line num="65" count="0" type="stmt"/>
            <line complexity="5" visibility="private" signature="getTrimmedXStart(BufferedImage) : int" num="73" count="0" type="method"/>
            <line num="74" count="0" type="stmt"/>
            <line num="75" count="0" type="stmt"/>
            <line num="76" count="0" type="stmt"/>
            <line num="78" count="0" type="stmt"/>
            <line falsecount="0" truecount="0" num="78" type="cond"/>
            <line num="79" count="0" type="stmt"/>
            <line falsecount="0" truecount="0" num="79" type="cond"/>
            <line num="80" count="0" type="stmt"/>
            <line falsecount="0" truecount="0" num="80" type="cond"/>
            <line num="81" count="0" type="stmt"/>
            <line num="82" count="0" type="stmt"/>
            <line num="87" count="0" type="stmt"/>
            <line complexity="5" visibility="private" signature="getTrimmedWidth(BufferedImage) : int" num="96" count="0" type="method"/>
            <line num="97" count="0" type="stmt"/>
            <line num="98" count="0" type="stmt"/>
            <line num="99" count="0" type="stmt"/>
            <line num="101" count="0" type="stmt"/>
            <line falsecount="0" truecount="0" num="101" type="cond"/>
            <line num="102" count="0" type="stmt"/>
            <line falsecount="0" truecount="0" num="102" type="cond"/>
            <line num="103" count="0" type="stmt"/>
            <line falsecount="0" truecount="0" num="103" type="cond"/>
            <line num="104" count="0" type="stmt"/>
            <line num="105" count="0" type="stmt"/>
            <line num="110" count="0" type="stmt"/>
            <line complexity="5" visibility="private" signature="getTrimmedYStart(BufferedImage) : int" num="118" count="0" type="method"/>
            <line num="119" count="0" type="stmt"/>
            <line num="120" count="0" type="stmt"/>
            <line num="121" count="0" type="stmt"/>
            <line num="123" count="0" type="stmt"/>
            <line falsecount="0" truecount="0" num="123" type="cond"/>
            <line num="124" count="0" type="stmt"/>
            <line falsecount="0" truecount="0" num="124" type="cond"/>
            <line num="125" count="0" type="stmt"/>
            <line falsecount="0" truecount="0" num="125" type="cond"/>
            <line num="126" count="0" type="stmt"/>
            <line num="127" count="0" type="stmt"/>
            <line num="132" count="0" type="stmt"/>
            <line complexity="5" visibility="private" signature="getTrimmedHeight(BufferedImage) : int" num="141" count="0" type="method"/>
            <line num="142" count="0" type="stmt"/>
            <line num="143" count="0" type="stmt"/>
            <line num="144" count="0" type="stmt"/>
            <line num="146" count="0" type="stmt"/>
            <line falsecount="0" truecount="0" num="146" type="cond"/>
            <line num="147" count="0" type="stmt"/>
            <line falsecount="0" truecount="0" num="147" type="cond"/>
            <line num="148" count="0" type="stmt"/>
            <line falsecount="0" truecount="0" num="148" type="cond"/>
            <line num="149" count="0" type="stmt"/>
            <line num="150" count="0" type="stmt"/>
            <line num="155" count="0" type="stmt"/>
            <line complexity="1" visibility="public" signature="resizeToHeight(BufferedImage,int) : BufferedImage" num="165" count="0" type="method"/>
            <line num="167" count="0" type="stmt"/>
            <line num="169" count="0" type="stmt"/>
            <line num="171" count="0" type="stmt"/>
            <line num="173" count="0" type="stmt"/>
            <line num="175" count="0" type="stmt"/>
            <line num="177" count="0" type="stmt"/>
            <line num="178" count="0" type="stmt"/>
            <line num="179" count="0" type="stmt"/>
            <line num="181" count="0" type="stmt"/>
            <line complexity="1" visibility="public" signature="resizeToWidth(BufferedImage,int) : BufferedImage" num="190" count="0" type="method"/>
            <line num="192" count="0" type="stmt"/>
            <line num="194" count="0" type="stmt"/>
            <line num="196" count="0" type="stmt"/>
            <line num="198" count="0" type="stmt"/>
            <line num="200" count="0" type="stmt"/>
            <line num="202" count="0" type="stmt"/>
            <line num="203" count="0" type="stmt"/>
            <line num="204" count="0" type="stmt"/>
            <line num="206" count="0" type="stmt"/>
            <line complexity="9" visibility="public" signature="joinImages(List&lt;BufferedImage&gt;,int,int,int,boolean) : BufferedImage" num="218" count="0" type="method"/>
            <line num="221" count="0" type="stmt"/>
            <line num="223" count="0" type="stmt"/>
            <line num="226" count="0" type="stmt"/>
            <line falsecount="0" truecount="0" num="226" type="cond"/>
            <line num="227" count="0" type="stmt"/>
            <line num="230" count="0" type="stmt"/>
            <line num="231" count="0" type="stmt"/>
            <line num="232" count="0" type="stmt"/>
            <line num="234" count="0" type="stmt"/>
            <line falsecount="0" truecount="0" num="234" type="cond"/>
            <line num="235" count="0" type="stmt"/>
            <line num="237" count="0" type="stmt"/>
            <line num="239" count="0" type="stmt"/>
            <line num="242" count="0" type="stmt"/>
            <line num="247" count="0" type="stmt"/>
            <line falsecount="0" truecount="0" num="247" type="cond"/>
            <line num="249" count="0" type="stmt"/>
            <line num="252" count="0" type="stmt"/>
            <line num="253" count="0" type="stmt"/>
            <line num="254" count="0" type="stmt"/>
            <line num="255" count="0" type="stmt"/>
            <line num="256" count="0" type="stmt"/>
            <line falsecount="0" truecount="0" num="256" type="cond"/>
            <line num="257" count="0" type="stmt"/>
            <line num="260" count="0" type="stmt"/>
            <line num="262" count="0" type="stmt"/>
            <line num="267" count="0" type="stmt"/>
            <line num="268" count="0" type="stmt"/>
            <line num="270" count="0" type="stmt"/>
            <line complexity="5" visibility="protected" signature="drawImages(int,boolean,List&lt;BufferedImage&gt;,int,Graphics) : void" num="280" count="0" type="method"/>
            <line num="283" count="0" type="stmt"/>
            <line num="284" count="0" type="stmt"/>
            <line num="286" count="0" type="stmt"/>
            <line falsecount="0" truecount="0" num="286" type="cond"/>
            <line num="287" count="0" type="stmt"/>
            <line num="289" count="0" type="stmt"/>
            <line falsecount="0" truecount="0" num="289" type="cond"/>
            <line num="290" count="0" type="stmt"/>
            <line num="291" count="0" type="stmt"/>
            <line falsecount="0" truecount="0" num="291" type="cond"/>
            <line num="292" count="0" type="stmt"/>
            <line num="295" count="0" type="stmt"/>
            <line num="296" count="0" type="stmt"/>
            <line complexity="1" visibility="public" signature="getWhiteImage(int,int) : BufferedImage" num="306" count="0" type="method"/>
            <line num="307" count="0" type="stmt"/>
            <line num="308" count="0" type="stmt"/>
            <line num="309" count="0" type="stmt"/>
            <line num="310" count="0" type="stmt"/>
            <line num="311" count="0" type="stmt"/>
            <line complexity="1" visibility="public" signature="deepCopy(BufferedImage) : BufferedImage" num="319" count="0" type="method"/>
            <line num="320" count="0" type="stmt"/>
            <line num="321" count="0" type="stmt"/>
            <line num="322" count="0" type="stmt"/>
            <line num="323" count="0" type="stmt"/>
         </file>
         <file path="/Users/meganm/Repos/SlicingComparison/maven-project-sampling/stats_working_dir/bvolpato_inutils4j/src/main/java/org/brunocvcunha/inutils4j/MyListUtils.java" name="MyListUtils.java">
            <metrics coveredelements="0" coveredconditionals="0" complexity="7" loc="82" coveredmethods="0" methods="3" elements="30" classes="1" ncloc="38" statements="19" conditionals="8" coveredstatements="0"/>
            <class name="MyListUtils">
               <metrics coveredelements="0" coveredconditionals="0" complexity="7" coveredmethods="0" methods="3" elements="30" statements="19" conditionals="8" coveredstatements="0"/>
            </class>
            <line complexity="1" visibility="public" signature="getSet(Collection&lt;T&gt;) : Set&lt;T&gt;" num="37" count="0" type="method"/>
            <line num="38" count="0" type="stmt"/>
            <line num="39" count="0" type="stmt"/>
            <line num="41" count="0" type="stmt"/>
            <line complexity="3" visibility="public" signature="join(Collection&lt;T&gt;,String) : String" num="50" count="0" type="method"/>
            <line num="51" count="0" type="stmt"/>
            <line num="52" count="0" type="stmt"/>
            <line num="53" count="0" type="stmt"/>
            <line falsecount="0" truecount="0" num="53" type="cond"/>
            <line num="54" count="0" type="stmt"/>
            <line num="55" count="0" type="stmt"/>
            <line falsecount="0" truecount="0" num="55" type="cond"/>
            <line num="56" count="0" type="stmt"/>
            <line num="57" count="0" type="stmt"/>
            <line num="59" count="0" type="stmt"/>
            <line complexity="3" visibility="public" signature="chop(List&lt;T&gt;,int) : List&lt;List&lt;T&gt;&gt;" num="68" count="0" type="method"/>
            <line num="69" count="0" type="stmt"/>
            <line num="70" count="0" type="stmt"/>
            <line falsecount="0" truecount="0" num="70" type="cond"/>
            <line num="71" count="0" type="stmt"/>
            <line num="74" count="0" type="stmt"/>
            <line num="75" count="0" type="stmt"/>
            <line num="76" count="0" type="stmt"/>
            <line falsecount="0" truecount="0" num="76" type="cond"/>
            <line num="77" count="0" type="stmt"/>
            <line num="80" count="0" type="stmt"/>
         </file>
         <file path="/Users/meganm/Repos/SlicingComparison/maven-project-sampling/stats_working_dir/bvolpato_inutils4j/src/main/java/org/brunocvcunha/inutils4j/MyMapUtils.java" name="MyMapUtils.java">
            <metrics coveredelements="0" coveredconditionals="0" complexity="4" loc="65" coveredmethods="0" methods="3" elements="13" classes="2" ncloc="26" statements="8" conditionals="2" coveredstatements="0"/>
            <class name="MyMapUtils">
               <metrics coveredelements="0" coveredconditionals="0" complexity="1" coveredmethods="0" methods="1" elements="5" statements="4" conditionals="0" coveredstatements="0"/>
            </class>
            <class name="IntegerValueComparator">
               <metrics coveredelements="0" coveredconditionals="0" complexity="3" coveredmethods="0" methods="2" elements="8" statements="4" conditionals="2" coveredstatements="0"/>
            </class>
            <line complexity="1" visibility="public" signature="rankMapOnIntegerValue(Map&lt;K, Integer&gt;) : Map&lt;K, Integer&gt;" num="36" count="0" type="method"/>
            <line num="37" count="0" type="stmt"/>
            <line num="38" count="0" type="stmt"/>
            <line num="40" count="0" type="stmt"/>
            <line num="41" count="0" type="stmt"/>
            <line complexity="1" visibility="public" signature="IntegerValueComparator(Map&lt;?, Integer&gt;)" num="50" count="0" type="method"/>
            <line num="51" count="0" type="stmt"/>
            <line complexity="2" visibility="public" signature="compare(Object,Object) : int" num="57" count="0" type="method"/>
            <line num="59" count="0" type="stmt"/>
            <line falsecount="0" truecount="0" num="59" type="cond"/>
            <line num="60" count="0" type="stmt"/>
            <line num="63" count="0" type="stmt"/>
         </file>
         <file path="/Users/meganm/Repos/SlicingComparison/maven-project-sampling/stats_working_dir/bvolpato_inutils4j/src/main/java/org/brunocvcunha/inutils4j/MyNumberUtils.java" name="MyNumberUtils.java">
            <metrics coveredelements="0" coveredconditionals="0" complexity="3" loc="59" coveredmethods="0" methods="3" elements="8" classes="1" ncloc="15" statements="5" conditionals="0" coveredstatements="0"/>
            <class name="MyNumberUtils">
               <metrics coveredelements="0" coveredconditionals="0" complexity="3" coveredmethods="0" methods="3" elements="8" statements="5" conditionals="0" coveredstatements="0"/>
            </class>
            <line complexity="1" visibility="public" signature="randomIntBetween(int,int) : int" num="34" count="0" type="method"/>
            <line num="35" count="0" type="stmt"/>
            <line num="36" count="0" type="stmt"/>
            <line complexity="1" visibility="public" signature="randomLongBetween(long,long) : long" num="46" count="0" type="method"/>
            <line num="47" count="0" type="stmt"/>
            <line num="48" count="0" type="stmt"/>
            <line complexity="1" visibility="public" signature="tossCoin() : boolean" num="55" count="0" type="method"/>
            <line num="56" count="0" type="stmt"/>
         </file>
         <file path="/Users/meganm/Repos/SlicingComparison/maven-project-sampling/stats_working_dir/bvolpato_inutils4j/src/main/java/org/brunocvcunha/inutils4j/MyObjectUtils.java" name="MyObjectUtils.java">
            <metrics coveredelements="0" coveredconditionals="0" complexity="14" loc="84" coveredmethods="0" methods="8" elements="42" classes="1" ncloc="57" statements="24" conditionals="10" coveredstatements="0"/>
            <class name="MyObjectUtils">
               <metrics coveredelements="0" coveredconditionals="0" complexity="14" coveredmethods="0" methods="8" elements="42" statements="24" conditionals="10" coveredstatements="0"/>
            </class>
            <line complexity="1" visibility="private" signature="MyObjectUtils()" num="24" count="0" type="method"/>
            <line complexity="1" visibility="public" signature="equals(Object,Object) : boolean" num="26" count="0" type="method"/>
            <line num="27" count="0" type="stmt"/>
            <line complexity="1" visibility="public" signature="equals(Throwable,Throwable) : boolean" num="30" count="0" type="method"/>
            <line num="31" count="0" type="stmt"/>
            <line complexity="4" visibility="public" signature="compareTo(T,T) : int" num="36" count="0" type="method"/>
            <line num="37" count="0" type="stmt"/>
            <line falsecount="0" truecount="0" num="37" type="cond"/>
            <line num="38" count="0" type="stmt"/>
            <line num="40" count="0" type="stmt"/>
            <line falsecount="0" truecount="0" num="40" type="cond"/>
            <line num="41" count="0" type="stmt"/>
            <line num="43" count="0" type="stmt"/>
            <line falsecount="0" truecount="0" num="43" type="cond"/>
            <line num="44" count="0" type="stmt"/>
            <line num="46" count="0" type="stmt"/>
            <line complexity="1" visibility="public" signature="dumpInstance(PrintStream,Object) : void" num="49" count="0" type="method"/>
            <line num="50" count="0" type="stmt"/>
            <line complexity="1" visibility="public" signature="dumpInstance(PrintStream,Object,boolean) : void" num="53" count="0" type="method"/>
            <line num="54" count="0" type="stmt"/>
            <line complexity="3" visibility="protected" signature="dumpInstance(PrintStream,Object,boolean,String) : void" num="57" count="0" type="method"/>
            <line num="59" count="0" type="stmt"/>
            <line num="61" count="0" type="stmt"/>
            <line num="63" count="0" type="stmt"/>
            <line num="64" count="0" type="stmt"/>
            <line falsecount="0" truecount="0" num="64" type="cond"/>
            <line num="65" count="0" type="stmt"/>
            <line num="66" count="0" type="stmt"/>
            <line num="67" count="0" type="stmt"/>
            <line num="69" count="0" type="stmt"/>
            <line complexity="2" visibility="public" signature="summarizeObject(PrintStream,Object,boolean,String) : void" num="75" count="0" type="method"/>
            <line num="77" count="0" type="stmt"/>
            <line num="78" count="0" type="stmt"/>
            <line num="79" count="0" type="stmt"/>
            <line falsecount="0" truecount="0" num="79" type="cond"/>
            <line num="80" count="0" type="stmt"/>
            <line num="82" count="0" type="stmt"/>
         </file>
         <file path="/Users/meganm/Repos/SlicingComparison/maven-project-sampling/stats_working_dir/bvolpato_inutils4j/src/main/java/org/brunocvcunha/inutils4j/MyStreamUtils.java" name="MyStreamUtils.java">
            <metrics coveredelements="0" coveredconditionals="0" complexity="11" loc="118" coveredmethods="0" methods="3" elements="45" classes="1" ncloc="59" statements="32" conditionals="10" coveredstatements="0"/>
            <class name="MyStreamUtils">
               <metrics coveredelements="0" coveredconditionals="0" complexity="11" coveredmethods="0" methods="3" elements="45" statements="32" conditionals="10" coveredstatements="0"/>
            </class>
            <line complexity="3" visibility="public" signature="readContent(InputStream) : String" num="42" count="0" type="method"/>
            <line num="43" count="0" type="stmt"/>
            <line num="44" count="0" type="stmt"/>
            <line num="45" count="0" type="stmt"/>
            <line num="46" count="0" type="stmt"/>
            <line num="47" count="0" type="stmt"/>
            <line num="49" count="0" type="stmt"/>
            <line falsecount="0" truecount="0" num="49" type="cond"/>
            <line num="50" count="0" type="stmt"/>
            <line num="52" count="0" type="stmt"/>
            <line num="54" count="0" type="stmt"/>
            <line num="57" count="0" type="stmt"/>
            <line complexity="2" visibility="public" signature="readContentBytes(InputStream) : byte[]" num="67" count="0" type="method"/>
            <line num="68" count="0" type="stmt"/>
            <line num="70" count="0" type="stmt"/>
            <line num="71" count="0" type="stmt"/>
            <line num="73" count="0" type="stmt"/>
            <line falsecount="0" truecount="0" num="73" type="cond"/>
            <line num="74" count="0" type="stmt"/>
            <line num="77" count="0" type="stmt"/>
            <line num="79" count="0" type="stmt"/>
            <line complexity="6" visibility="public" signature="streamHasText(InputStream,String) : boolean" num="89" count="0" type="method"/>
            <line num="90" count="0" type="stmt"/>
            <line num="92" count="0" type="stmt"/>
            <line num="93" count="0" type="stmt"/>
            <line num="94" count="0" type="stmt"/>
            <line falsecount="0" truecount="0" num="94" type="cond"/>
            <line num="95" count="0" type="stmt"/>
            <line num="96" count="0" type="stmt"/>
            <line falsecount="0" truecount="0" num="96" type="cond"/>
            <line num="97" count="0" type="stmt"/>
            <line num="99" count="0" type="stmt"/>
            <line falsecount="0" truecount="0" num="99" type="cond"/>
            <line num="100" count="0" type="stmt"/>
            <line num="101" count="0" type="stmt"/>
            <line num="106" count="0" type="stmt"/>
            <line num="108" count="0" type="stmt"/>
            <line num="109" count="0" type="stmt"/>
            <line num="111" count="0" type="stmt"/>
            <line num="115" count="0" type="stmt"/>
         </file>
         <file path="/Users/meganm/Repos/SlicingComparison/maven-project-sampling/stats_working_dir/bvolpato_inutils4j/src/main/java/org/brunocvcunha/inutils4j/MyStringUtils.java" name="MyStringUtils.java">
            <metrics coveredelements="0" coveredconditionals="0" complexity="364" loc="2122" coveredmethods="0" methods="146" elements="1475" classes="6" ncloc="1667" statements="1041" conditionals="288" coveredstatements="0"/>
            <class name="MyStringUtils">
               <metrics coveredelements="0" coveredconditionals="0" complexity="355" coveredmethods="0" methods="140" elements="1453" statements="1031" conditionals="282" coveredstatements="0"/>
            </class>
            <class name="MyStringUtils.CharacterValidator">
               <metrics coveredelements="0" coveredconditionals="0" complexity="0" coveredmethods="0" methods="0" elements="0" statements="0" conditionals="0" coveredstatements="0"/>
            </class>
            <class name="MyStringUtils.Formatter">
               <metrics coveredelements="0" coveredconditionals="0" complexity="4" coveredmethods="0" methods="3" elements="8" statements="3" conditionals="2" coveredstatements="0"/>
            </class>
            <class name="MyStringUtils.Sort">
               <metrics coveredelements="0" coveredconditionals="0" complexity="2" coveredmethods="0" methods="1" elements="6" statements="3" conditionals="2" coveredstatements="0"/>
            </class>
            <class name="MyStringUtils.Unique">
               <metrics coveredelements="0" coveredconditionals="0" complexity="2" coveredmethods="0" methods="1" elements="6" statements="3" conditionals="2" coveredstatements="0"/>
            </class>
            <class name="MyStringUtils.UniqueSort">
               <metrics coveredelements="0" coveredconditionals="0" complexity="1" coveredmethods="0" methods="1" elements="2" statements="1" conditionals="0" coveredstatements="0"/>
            </class>
            <line complexity="1" visibility="package" signature="&lt;init&gt;, line 101()" num="101" count="0" type="method"/>
            <line num="102" count="0" type="stmt"/>
            <line num="103" count="0" type="stmt"/>
            <line num="104" count="0" type="stmt"/>
            <line complexity="1" visibility="package" signature="&lt;init&gt;, line 113()" num="113" count="0" type="method"/>
            <line num="114" count="0" type="stmt"/>
            <line num="115" count="0" type="stmt"/>
            <line num="116" count="0" type="stmt"/>
            <line num="117" count="0" type="stmt"/>
            <line num="118" count="0" type="stmt"/>
            <line num="119" count="0" type="stmt"/>
            <line num="120" count="0" type="stmt"/>
            <line num="121" count="0" type="stmt"/>
            <line num="122" count="0" type="stmt"/>
            <line num="123" count="0" type="stmt"/>
            <line num="124" count="0" type="stmt"/>
            <line complexity="1" visibility="package" signature="&lt;init&gt;, line 134()" num="134" count="0" type="method"/>
            <line num="135" count="0" type="stmt"/>
            <line complexity="2" visibility="package" signature="&lt;clinit&gt;, line 139()" num="139" count="0" type="method"/>
            <line num="140" count="0" type="stmt"/>
            <line num="141" count="0" type="stmt"/>
            <line num="142" count="0" type="stmt"/>
            <line num="144" count="0" type="stmt"/>
            <line num="145" count="0" type="stmt"/>
            <line num="146" count="0" type="stmt"/>
            <line complexity="1" visibility="package" signature="&lt;clinit&gt;, line 155()" num="155" count="0" type="method"/>
            <line num="158" count="0" type="stmt"/>
            <line num="159" count="0" type="stmt"/>
            <line num="160" count="0" type="stmt"/>
            <line num="161" count="0" type="stmt"/>
            <line num="162" count="0" type="stmt"/>
            <line num="163" count="0" type="stmt"/>
            <line num="164" count="0" type="stmt"/>
            <line num="165" count="0" type="stmt"/>
            <line num="166" count="0" type="stmt"/>
            <line num="167" count="0" type="stmt"/>
            <line num="168" count="0" type="stmt"/>
[...]
            <line complexity="1" visibility="public" signature="setUp() : void" num="38" count="0" type="method"/>
            <line complexity="1" visibility="public" signature="tearDown() : void" num="42" count="0" type="method"/>
            <line complexity="1" visibility="public" signature="testeDisplay() : void" num="46" count="0" type="method"/>
            <line num="48" count="0" type="stmt"/>
            <line num="49" count="0" type="stmt"/>
            <line num="51" count="0" type="stmt"/>
            <line num="52" count="0" type="stmt"/>
            <line complexity="1" visibility="public" signature="testeAgoToday() : void" num="55" count="0" type="method"/>
            <line num="57" count="0" type="stmt"/>
            <line num="58" count="0" type="stmt"/>
            <line num="59" count="0" type="stmt"/>
            <line num="60" count="0" type="stmt"/>
            <line num="62" count="0" type="stmt"/>
            <line num="63" count="0" type="stmt"/>
            <line complexity="1" visibility="public" signature="testeAgoYesterday() : void" num="68" count="0" type="method"/>
            <line num="70" count="0" type="stmt"/>
            <line num="71" count="0" type="stmt"/>
            <line num="72" count="0" type="stmt"/>
            <line num="73" count="0" type="stmt"/>
            <line num="75" count="0" type="stmt"/>
            <line num="76" count="0" type="stmt"/>
            <line num="78" count="0" type="stmt"/>
            <line num="79" count="0" type="stmt"/>
            <line num="80" count="0" type="stmt"/>
            <line complexity="1" visibility="public" signature="testeDaysAgo() : void" num="84" count="0" type="method"/>
            <line num="86" count="0" type="stmt"/>
            <line num="87" count="0" type="stmt"/>
            <line num="88" count="0" type="stmt"/>
            <line num="89" count="0" type="stmt"/>
            <line num="91" count="0" type="stmt"/>
            <line num="92" count="0" type="stmt"/>
            <line num="94" count="0" type="stmt"/>
            <line num="95" count="0" type="stmt"/>
            <line num="96" count="0" type="stmt"/>
            <line complexity="1" visibility="public" signature="testeWeeksAgo() : void" num="100" count="0" type="method"/>
            <line num="102" count="0" type="stmt"/>
            <line num="103" count="0" type="stmt"/>
            <line num="104" count="0" type="stmt"/>
            <line num="105" count="0" type="stmt"/>
            <line num="107" count="0" type="stmt"/>
            <line num="108" count="0" type="stmt"/>
            <line num="110" count="0" type="stmt"/>
            <line num="111" count="0" type="stmt"/>
            <line num="112" count="0" type="stmt"/>
            <line complexity="1" visibility="public" signature="testExceptionInvalid() : void" num="116" count="0" type="method"/>
            <line num="118" count="0" type="stmt"/>
            <line num="119" count="0" type="stmt"/>
            <line num="120" count="0" type="stmt"/>
            <line num="121" count="0" type="stmt"/>
            <line num="123" count="0" type="stmt"/>
            <line num="124" count="0" type="stmt"/>
            <line complexity="1" visibility="public" signature="testMergeDate() : void" num="129" count="0" type="method"/>
            <line num="131" count="0" type="stmt"/>
            <line num="132" count="0" type="stmt"/>
            <line num="134" count="0" type="stmt"/>
         </file>
         <file path="/Users/meganm/Repos/SlicingComparison/maven-project-sampling/stats_working_dir/bvolpato_inutils4j/src/test/java/org/brunocvcunha/inutils4j/MyMapUtilsTest.java" name="MyMapUtilsTest.java">
            <metrics coveredelements="0" coveredconditionals="0" complexity="1" loc="47" coveredmethods="0" methods="1" elements="13" classes="1" ncloc="24" statements="12" conditionals="0" coveredstatements="0"/>
            <class name="MyMapUtilsTest">
               <metrics coveredelements="0" coveredconditionals="0" complexity="1" coveredmethods="0" methods="1" elements="13" statements="12" conditionals="0" coveredstatements="0"/>
            </class>
            <line complexity="1" visibility="public" signature="testRank() : void" num="28" count="0" type="method"/>
            <line num="31" count="0" type="stmt"/>
            <line num="32" count="0" type="stmt"/>
            <line num="33" count="0" type="stmt"/>
            <line num="34" count="0" type="stmt"/>
            <line num="35" count="0" type="stmt"/>
            <line num="38" count="0" type="stmt"/>
            <line num="39" count="0" type="stmt"/>
            <line num="40" count="0" type="stmt"/>
            <line num="42" count="0" type="stmt"/>
            <line num="43" count="0" type="stmt"/>
            <line num="44" count="0" type="stmt"/>
            <line num="45" count="0" type="stmt"/>
         </file>
         <file path="/Users/meganm/Repos/SlicingComparison/maven-project-sampling/stats_working_dir/bvolpato_inutils4j/src/test/java/org/brunocvcunha/inutils4j/MyNumberUtilsTest.java" name="MyNumberUtilsTest.java">
            <metrics coveredelements="0" coveredconditionals="0" complexity="6" loc="68" coveredmethods="0" methods="4" elements="16" classes="1" ncloc="30" statements="8" conditionals="4" coveredstatements="0"/>
            <class name="MyNumberUtilsTest">
               <metrics coveredelements="0" coveredconditionals="0" complexity="6" coveredmethods="0" methods="4" elements="16" statements="8" conditionals="4" coveredstatements="0"/>
            </class>
            <line complexity="1" visibility="public" signature="setUp() : void" num="33" count="0" type="method"/>
            <line complexity="1" visibility="public" signature="tearDown() : void" num="37" count="0" type="method"/>
            <line complexity="2" visibility="public" signature="testeRandomInt() : void" num="41" count="0" type="method"/>
            <line num="45" count="0" type="stmt"/>
            <line falsecount="0" truecount="0" num="45" type="cond"/>
            <line num="47" count="0" type="stmt"/>
            <line num="48" count="0" type="stmt"/>
            <line num="49" count="0" type="stmt"/>
            <line complexity="2" visibility="public" signature="testeRandomLong() : void" num="55" count="0" type="method"/>
            <line num="59" count="0" type="stmt"/>
            <line falsecount="0" truecount="0" num="59" type="cond"/>
            <line num="61" count="0" type="stmt"/>
            <line num="62" count="0" type="stmt"/>
            <line num="63" count="0" type="stmt"/>
         </file>
         <file path="/Users/meganm/Repos/SlicingComparison/maven-project-sampling/stats_working_dir/bvolpato_inutils4j/src/test/java/org/brunocvcunha/inutils4j/MyStringUtilsTest.java" name="MyStringUtilsTest.java">
            <metrics coveredelements="0" coveredconditionals="0" complexity="30" loc="332" coveredmethods="0" methods="30" elements="156" classes="1" ncloc="249" statements="126" conditionals="0" coveredstatements="0"/>
            <class name="MyStringUtilsTest">
               <metrics coveredelements="0" coveredconditionals="0" complexity="30" coveredmethods="0" methods="30" elements="156" statements="126" conditionals="0" coveredstatements="0"/>
            </class>
            <line complexity="1" visibility="public" signature="setUp() : void" num="43" count="0" type="method"/>
            <line complexity="1" visibility="public" signature="tearDown() : void" num="47" count="0" type="method"/>
            <line complexity="1" visibility="public" signature="testeLines() : void" num="51" count="0" type="method"/>
            <line num="53" count="0" type="stmt"/>
            <line num="54" count="0" type="stmt"/>
            <line num="55" count="0" type="stmt"/>
            <line num="56" count="0" type="stmt"/>
            <line complexity="1" visibility="public" signature="testFirstLine() : void" num="59" count="0" type="method"/>
            <line num="61" count="0" type="stmt"/>
            <line num="62" count="0" type="stmt"/>
            <line num="63" count="0" type="stmt"/>
            <line complexity="1" visibility="public" signature="testeLines2() : void" num="67" count="0" type="method"/>
            <line num="69" count="0" type="stmt"/>
            <line num="70" count="0" type="stmt"/>
            <line num="71" count="0" type="stmt"/>
            <line num="72" count="0" type="stmt"/>
            <line complexity="1" visibility="public" signature="testeNumbers() : void" num="75" count="0" type="method"/>
            <line num="77" count="0" type="stmt"/>
            <line num="78" count="0" type="stmt"/>
            <line num="79" count="0" type="stmt"/>
            <line num="80" count="0" type="stmt"/>
            <line complexity="1" visibility="public" signature="testOccurences() : void" num="84" count="0" type="method"/>
            <line num="86" count="0" type="stmt"/>
            <line num="87" count="0" type="stmt"/>
            <line complexity="1" visibility="public" signature="testJapanese() : void" num="90" count="0" type="method"/>
            <line num="92" count="0" type="stmt"/>
            <line complexity="1" visibility="public" signature="testNonJapanese() : void" num="94" count="0" type="method"/>
            <line num="96" count="0" type="stmt"/>
            <line num="97" count="0" type="stmt"/>
            <line complexity="1" visibility="public" signature="testChinese() : void" num="101" count="0" type="method"/>
            <line num="103" count="0" type="stmt"/>
            <line num="104" count="0" type="stmt"/>
            <line complexity="1" visibility="public" signature="testNonChinese() : void" num="106" count="0" type="method"/>
            <line num="108" count="0" type="stmt"/>
            <line num="109" count="0" type="stmt"/>
            <line complexity="1" visibility="public" signature="testInsertSubstring() : void" num="113" count="0" type="method"/>
            <line num="115" count="0" type="stmt"/>
            <line num="116" count="0" type="stmt"/>
            <line num="118" count="0" type="stmt"/>
            <line complexity="1" visibility="public" signature="testeExtractSuffix() : void" num="122" count="0" type="method"/>
            <line num="124" count="0" type="stmt"/>
            <line num="125" count="0" type="stmt"/>
            <line num="126" count="0" type="stmt"/>
            <line num="127" count="0" type="stmt"/>
            <line complexity="1" visibility="public" signature="testChars() : void" num="131" count="0" type="method"/>
            <line num="133" count="0" type="stmt"/>
            <line num="134" count="0" type="stmt"/>
            <line num="135" count="0" type="stmt"/>
            <line num="137" count="0" type="stmt"/>
            <line num="138" count="0" type="stmt"/>
            <line num="140" count="0" type="stmt"/>
            <line complexity="1" visibility="public" signature="testParseInt() : void" num="145" count="0" type="method"/>
            <line num="147" count="0" type="stmt"/>
            <line num="149" count="0" type="stmt"/>
            <line num="150" count="0" type="stmt"/>
            <line num="151" count="0" type="stmt"/>
            <line num="152" count="0" type="stmt"/>
            <line num="153" count="0" type="stmt"/>
            <line complexity="1" visibility="public" signature="testCharCount() : void" num="156" count="0" type="method"/>
            <line num="158" count="0" type="stmt"/>
            <line num="159" count="0" type="stmt"/>
            <line num="160" count="0" type="stmt"/>
            <line num="161" count="0" type="stmt"/>
            <line num="162" count="0" type="stmt"/>
            <line num="163" count="0" type="stmt"/>
            <line complexity="1" visibility="public" signature="testInterval() : void" num="166" count="0" type="method"/>
            <line num="168" count="0" type="stmt"/>
            <line num="169" count="0" type="stmt"/>
            <line num="170" count="0" type="stmt"/>
            <line num="172" count="0" type="stmt"/>
            <line num="173" count="0" type="stmt"/>
            <line num="174" count="0" type="stmt"/>
            <line num="175" count="0" type="stmt"/>
            <line num="177" count="0" type="stmt"/>
            <line num="179" count="0" type="stmt"/>
            <line num="180" count="0" type="stmt"/>
            <line complexity="1" visibility="public" signature="testBlank() : void" num="183" count="0" type="method"/>
            <line num="185" count="0" type="stmt"/>
            <line num="186" count="0" type="stmt"/>
            <line num="187" count="0" type="stmt"/>
            <line complexity="1" visibility="public" signature="testAcentuacao1() : void" num="190" count="0" type="method"/>
            <line num="193" count="0" type="stmt"/>
            <line num="198" count="0" type="stmt"/>
            <line num="199" count="0" type="stmt"/>
            <line num="200" count="0" type="stmt"/>
            <line num="201" count="0" type="stmt"/>
            <line num="202" count="0" type="stmt"/>
            <line num="203" count="0" type="stmt"/>
            <line num="204" count="0" type="stmt"/>
            <line num="205" count="0" type="stmt"/>
            <line num="206" count="0" type="stmt"/>
            <line num="207" count="0" type="stmt"/>
            <line num="209" count="0" type="stmt"/>
            <line num="210" count="0" type="stmt"/>
            <line complexity="1" visibility="public" signature="testAcentuacao2() : void" num="214" count="0" type="method"/>
            <line num="216" count="0" type="stmt"/>
            <line complexity="1" visibility="public" signature="testAcentuacao3() : void" num="223" count="0" type="method"/>
            <line num="225" count="0" type="stmt"/>
            <line complexity="1" visibility="public" signature="testHas() : void" num="232" count="0" type="method"/>
            <line num="234" count="0" type="stmt"/>
            <line num="235" count="0" type="stmt"/>
            <line num="236" count="0" type="stmt"/>
            <line num="237" count="0" type="stmt"/>
            <line num="238" count="0" type="stmt"/>
            <line num="239" count="0" type="stmt"/>
            <line num="240" count="0" type="stmt"/>
            <line num="241" count="0" type="stmt"/>
            <line num="242" count="0" type="stmt"/>
            <line num="243" count="0" type="stmt"/>
            <line num="244" count="0" type="stmt"/>
            <line num="245" count="0" type="stmt"/>
            <line num="247" count="0" type="stmt"/>
            <line num="248" count="0" type="stmt"/>
            <line num="249" count="0" type="stmt"/>
            <line num="250" count="0" type="stmt"/>
            <line complexity="1" visibility="public" signature="testCollections1() : void" num="254" count="0" type="method"/>
            <line num="256" count="0" type="stmt"/>
            <line num="257" count="0" type="stmt"/>
            <line num="258" count="0" type="stmt"/>
            <line num="259" count="0" type="stmt"/>
            <line num="261" count="0" type="stmt"/>
            <line num="262" count="0" type="stmt"/>
            <line complexity="1" visibility="public" signature="testCollections2() : void" num="265" count="0" type="method"/>
            <line num="267" count="0" type="stmt"/>
            <line num="268" count="0" type="stmt"/>
            <line num="269" count="0" type="stmt"/>
            <line num="270" count="0" type="stmt"/>
            <line num="272" count="0" type="stmt"/>
            <line num="273" count="0" type="stmt"/>
            <line complexity="1" visibility="public" signature="testCollections3() : void" num="276" count="0" type="method"/>
            <line num="278" count="0" type="stmt"/>
            <line num="280" count="0" type="stmt"/>
            <line num="281" count="0" type="stmt"/>
            <line num="282" count="0" type="stmt"/>
            <line num="283" count="0" type="stmt"/>
            <line num="284" count="0" type="stmt"/>
            <line complexity="1" visibility="public" signature="testTruncate() : void" num="287" count="0" type="method"/>
            <line num="289" count="0" type="stmt"/>
            <line num="290" count="0" type="stmt"/>
            <line num="291" count="0" type="stmt"/>
            <line complexity="1" visibility="public" signature="testHTMLEntities() : void" num="294" count="0" type="method"/>
            <line num="296" count="0" type="stmt"/>
            <line num="297" count="0" type="stmt"/>
            <line complexity="1" visibility="public" signature="testHash() : void" num="300" count="0" type="method"/>
            <line num="302" count="0" type="stmt"/>
            <line num="303" count="0" type="stmt"/>
            <line complexity="1" visibility="public" signature="testCheckChars() : void" num="308" count="0" type="method"/>
            <line num="312" count="0" type="stmt"/>
            <line num="313" count="0" type="stmt"/>
            <line num="315" count="0" type="stmt"/>
            <line num="316" count="0" type="stmt"/>
            <line num="317" count="0" type="stmt"/>
            <line complexity="1" visibility="public" signature="testTabularData() : void" num="321" count="0" type="method"/>
            <line num="323" count="0" type="stmt"/>
            <line num="324" count="0" type="stmt"/>
            <line num="330" count="0" type="stmt"/>
         </file>
      </package>
      <package name="org.brunocvcunha.inutils4j.reflection">
         <metrics coveredelements="0" complexity="5" loc="67" methods="5" classes="2" statements="10" coveredconditionals="0" coveredmethods="0" elements="15" ncloc="34" files="1" conditionals="0" coveredstatements="0"/>
         <file path="/Users/meganm/Repos/SlicingComparison/maven-project-sampling/stats_working_dir/bvolpato_inutils4j/src/test/java/org/brunocvcunha/inutils4j/reflection/MyReflectionUtilsTest.java" name="MyReflectionUtilsTest.java">
            <metrics coveredelements="0" coveredconditionals="0" complexity="5" loc="67" coveredmethods="0" methods="5" elements="15" classes="2" ncloc="34" statements="10" conditionals="0" coveredstatements="0"/>
            <class name="MyReflectionUtilsTest">
               <metrics coveredelements="0" coveredconditionals="0" complexity="1" coveredmethods="0" methods="1" elements="7" statements="6" conditionals="0" coveredstatements="0"/>
            </class>
            <class name="PersonPOJO">
               <metrics coveredelements="0" coveredconditionals="0" complexity="4" coveredmethods="0" methods="4" elements="8" statements="4" conditionals="0" coveredstatements="0"/>
            </class>
            <line complexity="1" visibility="public" signature="simpleReflect() : void" num="35" count="0" type="method"/>
            <line num="38" count="0" type="stmt"/>
            <line num="39" count="0" type="stmt"/>
            <line num="40" count="0" type="stmt"/>
            <line num="42" count="0" type="stmt"/>
            <line num="44" count="0" type="stmt"/>
            <line num="45" count="0" type="stmt"/>
            <line complexity="1" visibility="public" signature="getName() : String" num="53" count="0" type="method"/>
            <line num="54" count="0" type="stmt"/>
            <line complexity="1" visibility="public" signature="setName(String) : void" num="56" count="0" type="method"/>
            <line num="57" count="0" type="stmt"/>
            <line complexity="1" visibility="public" signature="getAge() : Integer" num="59" count="0" type="method"/>
            <line num="60" count="0" type="stmt"/>
            <line complexity="1" visibility="public" signature="setAge(Integer) : void" num="62" count="0" type="method"/>
            <line num="63" count="0" type="stmt"/>
         </file>
      </package>
   </testproject>
</coverage>